2020-05-09 08:44:33,888 ERROR [http-nio-15213-exec-1] c.z.h.p.HikariPool [HikariPool.java:587] HikariPool-1 - Exception during pool initialization.
java.sql.SQLNonTransientConnectionException: Public Key Retrieval is not allowed
	at com.mysql.cj.jdbc.exceptions.SQLError.createSQLException(SQLError.java:110)
	at com.mysql.cj.jdbc.exceptions.SQLError.createSQLException(SQLError.java:97)
	at com.mysql.cj.jdbc.exceptions.SQLExceptionsMapping.translateException(SQLExceptionsMapping.java:122)
	at com.mysql.cj.jdbc.ConnectionImpl.createNewIO(ConnectionImpl.java:835)
	at com.mysql.cj.jdbc.ConnectionImpl.<init>(ConnectionImpl.java:455)
	at com.mysql.cj.jdbc.ConnectionImpl.getInstance(ConnectionImpl.java:240)
	at com.mysql.cj.jdbc.NonRegisteringDriver.connect(NonRegisteringDriver.java:199)
	at com.zaxxer.hikari.util.DriverDataSource.getConnection(DriverDataSource.java:138)
	at com.zaxxer.hikari.pool.PoolBase.newConnection(PoolBase.java:354)
	at com.zaxxer.hikari.pool.PoolBase.newPoolEntry(PoolBase.java:202)
	at com.zaxxer.hikari.pool.HikariPool.createPoolEntry(HikariPool.java:473)
	at com.zaxxer.hikari.pool.HikariPool.checkFailFast(HikariPool.java:554)
	at com.zaxxer.hikari.pool.HikariPool.<init>(HikariPool.java:115)
	at com.zaxxer.hikari.HikariDataSource.getConnection(HikariDataSource.java:112)
	at org.springframework.jdbc.datasource.DataSourceUtils.fetchConnection(DataSourceUtils.java:158)
	at org.springframework.jdbc.datasource.DataSourceUtils.doGetConnection(DataSourceUtils.java:116)
	at org.springframework.jdbc.datasource.DataSourceUtils.getConnection(DataSourceUtils.java:79)
	at org.mybatis.spring.transaction.SpringManagedTransaction.openConnection(SpringManagedTransaction.java:80)
	at org.mybatis.spring.transaction.SpringManagedTransaction.getConnection(SpringManagedTransaction.java:67)
	at org.apache.ibatis.executor.BaseExecutor.getConnection(BaseExecutor.java:336)
	at org.apache.ibatis.executor.SimpleExecutor.prepareStatement(SimpleExecutor.java:86)
	at org.apache.ibatis.executor.SimpleExecutor.doQuery(SimpleExecutor.java:62)
	at org.apache.ibatis.executor.BaseExecutor.queryFromDatabase(BaseExecutor.java:324)
	at org.apache.ibatis.executor.BaseExecutor.query(BaseExecutor.java:156)
	at org.apache.ibatis.executor.CachingExecutor.query(CachingExecutor.java:109)
	at org.apache.ibatis.executor.CachingExecutor.query(CachingExecutor.java:83)
	at org.apache.ibatis.session.defaults.DefaultSqlSession.selectList(DefaultSqlSession.java:147)
	at org.apache.ibatis.session.defaults.DefaultSqlSession.selectList(DefaultSqlSession.java:140)
	at org.apache.ibatis.session.defaults.DefaultSqlSession.selectOne(DefaultSqlSession.java:76)
	at java.base/jdk.internal.reflect.NativeMethodAccessorImpl.invoke0(Native Method)
	at java.base/jdk.internal.reflect.NativeMethodAccessorImpl.invoke(NativeMethodAccessorImpl.java:62)
	at java.base/jdk.internal.reflect.DelegatingMethodAccessorImpl.invoke(DelegatingMethodAccessorImpl.java:43)
	at java.base/java.lang.reflect.Method.invoke(Method.java:564)
	at org.mybatis.spring.SqlSessionTemplate$SqlSessionInterceptor.invoke(SqlSessionTemplate.java:426)
	at com.sun.proxy.$Proxy84.selectOne(Unknown Source)
	at org.mybatis.spring.SqlSessionTemplate.selectOne(SqlSessionTemplate.java:159)
	at org.apache.ibatis.binding.MapperMethod.execute(MapperMethod.java:87)
	at org.apache.ibatis.binding.MapperProxy$PlainMethodInvoker.invoke(MapperProxy.java:144)
	at org.apache.ibatis.binding.MapperProxy.invoke(MapperProxy.java:85)
	at com.sun.proxy.$Proxy95.selectDiscussPostRows(Unknown Source)
	at com.nowcoder.community.service.DiscussPostService.findDiscussPostsRows(DiscussPostService.java:26)
	at com.nowcoder.community.service.DiscussPostService$$FastClassBySpringCGLIB$$438c48e5.invoke(<generated>)
	at org.springframework.cglib.proxy.MethodProxy.invoke(MethodProxy.java:218)
	at org.springframework.aop.framework.CglibAopProxy$CglibMethodInvocation.invokeJoinpoint(CglibAopProxy.java:771)
	at org.springframework.aop.framework.ReflectiveMethodInvocation.proceed(ReflectiveMethodInvocation.java:163)
	at org.springframework.aop.framework.CglibAopProxy$CglibMethodInvocation.proceed(CglibAopProxy.java:749)
	at org.springframework.aop.framework.adapter.MethodBeforeAdviceInterceptor.invoke(MethodBeforeAdviceInterceptor.java:56)
	at org.springframework.aop.framework.ReflectiveMethodInvocation.proceed(ReflectiveMethodInvocation.java:186)
	at org.springframework.aop.framework.CglibAopProxy$CglibMethodInvocation.proceed(CglibAopProxy.java:749)
	at org.springframework.aop.aspectj.MethodInvocationProceedingJoinPoint.proceed(MethodInvocationProceedingJoinPoint.java:88)
	at com.nowcoder.community.aspect.AlphaAspect.around(AlphaAspect.java:41)
	at java.base/jdk.internal.reflect.NativeMethodAccessorImpl.invoke0(Native Method)
	at java.base/jdk.internal.reflect.NativeMethodAccessorImpl.invoke(NativeMethodAccessorImpl.java:62)
	at java.base/jdk.internal.reflect.DelegatingMethodAccessorImpl.invoke(DelegatingMethodAccessorImpl.java:43)
	at java.base/java.lang.reflect.Method.invoke(Method.java:564)
	at org.springframework.aop.aspectj.AbstractAspectJAdvice.invokeAdviceMethodWithGivenArgs(AbstractAspectJAdvice.java:644)
	at org.springframework.aop.aspectj.AbstractAspectJAdvice.invokeAdviceMethod(AbstractAspectJAdvice.java:633)
	at org.springframework.aop.aspectj.AspectJAroundAdvice.invoke(AspectJAroundAdvice.java:70)
	at org.springframework.aop.framework.ReflectiveMethodInvocation.proceed(ReflectiveMethodInvocation.java:186)
	at org.springframework.aop.framework.CglibAopProxy$CglibMethodInvocation.proceed(CglibAopProxy.java:749)
	at org.springframework.aop.aspectj.AspectJAfterAdvice.invoke(AspectJAfterAdvice.java:47)
	at org.springframework.aop.framework.ReflectiveMethodInvocation.proceed(ReflectiveMethodInvocation.java:186)
	at org.springframework.aop.framework.CglibAopProxy$CglibMethodInvocation.proceed(CglibAopProxy.java:749)
	at org.springframework.aop.framework.adapter.AfterReturningAdviceInterceptor.invoke(AfterReturningAdviceInterceptor.java:55)
	at org.springframework.aop.framework.ReflectiveMethodInvocation.proceed(ReflectiveMethodInvocation.java:186)
	at org.springframework.aop.framework.CglibAopProxy$CglibMethodInvocation.proceed(CglibAopProxy.java:749)
	at org.springframework.aop.aspectj.AspectJAfterThrowingAdvice.invoke(AspectJAfterThrowingAdvice.java:62)
	at org.springframework.aop.framework.ReflectiveMethodInvocation.proceed(ReflectiveMethodInvocation.java:186)
	at org.springframework.aop.framework.CglibAopProxy$CglibMethodInvocation.proceed(CglibAopProxy.java:749)
	at org.springframework.aop.interceptor.ExposeInvocationInterceptor.invoke(ExposeInvocationInterceptor.java:95)
	at org.springframework.aop.framework.ReflectiveMethodInvocation.proceed(ReflectiveMethodInvocation.java:186)
	at org.springframework.aop.framework.CglibAopProxy$CglibMethodInvocation.proceed(CglibAopProxy.java:749)
	at org.springframework.aop.framework.CglibAopProxy$DynamicAdvisedInterceptor.intercept(CglibAopProxy.java:691)
	at com.nowcoder.community.service.DiscussPostService$$EnhancerBySpringCGLIB$$63ded30e.findDiscussPostsRows(<generated>)
	at com.nowcoder.community.controller.HomeController.getIndexPage(HomeController.java:28)
	at java.base/jdk.internal.reflect.NativeMethodAccessorImpl.invoke0(Native Method)
	at java.base/jdk.internal.reflect.NativeMethodAccessorImpl.invoke(NativeMethodAccessorImpl.java:62)
	at java.base/jdk.internal.reflect.DelegatingMethodAccessorImpl.invoke(DelegatingMethodAccessorImpl.java:43)
	at java.base/java.lang.reflect.Method.invoke(Method.java:564)
	at org.springframework.web.method.support.InvocableHandlerMethod.doInvoke(InvocableHandlerMethod.java:190)
	at org.springframework.web.method.support.InvocableHandlerMethod.invokeForRequest(InvocableHandlerMethod.java:138)
	at org.springframework.web.servlet.mvc.method.annotation.ServletInvocableHandlerMethod.invokeAndHandle(ServletInvocableHandlerMethod.java:106)
	at org.springframework.web.servlet.mvc.method.annotation.RequestMappingHandlerAdapter.invokeHandlerMethod(RequestMappingHandlerAdapter.java:879)
	at org.springframework.web.servlet.mvc.method.annotation.RequestMappingHandlerAdapter.handleInternal(RequestMappingHandlerAdapter.java:793)
	at org.springframework.web.servlet.mvc.method.AbstractHandlerMethodAdapter.handle(AbstractHandlerMethodAdapter.java:87)
	at org.springframework.web.servlet.DispatcherServlet.doDispatch(DispatcherServlet.java:1040)
	at org.springframework.web.servlet.DispatcherServlet.doService(DispatcherServlet.java:943)
	at org.springframework.web.servlet.FrameworkServlet.processRequest(FrameworkServlet.java:1006)
	at org.springframework.web.servlet.FrameworkServlet.doGet(FrameworkServlet.java:898)
	at javax.servlet.http.HttpServlet.service(HttpServlet.java:634)
	at org.springframework.web.servlet.FrameworkServlet.service(FrameworkServlet.java:883)
	at javax.servlet.http.HttpServlet.service(HttpServlet.java:741)
	at org.apache.catalina.core.ApplicationFilterChain.internalDoFilter(ApplicationFilterChain.java:231)
	at org.apache.catalina.core.ApplicationFilterChain.doFilter(ApplicationFilterChain.java:166)
	at org.apache.tomcat.websocket.server.WsFilter.doFilter(WsFilter.java:53)
	at org.apache.catalina.core.ApplicationFilterChain.internalDoFilter(ApplicationFilterChain.java:193)
	at org.apache.catalina.core.ApplicationFilterChain.doFilter(ApplicationFilterChain.java:166)
	at org.springframework.web.filter.RequestContextFilter.doFilterInternal(RequestContextFilter.java:100)
	at org.springframework.web.filter.OncePerRequestFilter.doFilter(OncePerRequestFilter.java:119)
	at org.apache.catalina.core.ApplicationFilterChain.internalDoFilter(ApplicationFilterChain.java:193)
	at org.apache.catalina.core.ApplicationFilterChain.doFilter(ApplicationFilterChain.java:166)
	at org.springframework.web.filter.FormContentFilter.doFilterInternal(FormContentFilter.java:93)
	at org.springframework.web.filter.OncePerRequestFilter.doFilter(OncePerRequestFilter.java:119)
	at org.apache.catalina.core.ApplicationFilterChain.internalDoFilter(ApplicationFilterChain.java:193)
	at org.apache.catalina.core.ApplicationFilterChain.doFilter(ApplicationFilterChain.java:166)
	at org.springframework.web.filter.CharacterEncodingFilter.doFilterInternal(CharacterEncodingFilter.java:201)
	at org.springframework.web.filter.OncePerRequestFilter.doFilter(OncePerRequestFilter.java:119)
	at org.apache.catalina.core.ApplicationFilterChain.internalDoFilter(ApplicationFilterChain.java:193)
	at org.apache.catalina.core.ApplicationFilterChain.doFilter(ApplicationFilterChain.java:166)
	at org.apache.catalina.core.StandardWrapperValve.invoke(StandardWrapperValve.java:202)
	at org.apache.catalina.core.StandardContextValve.invoke(StandardContextValve.java:96)
	at org.apache.catalina.authenticator.AuthenticatorBase.invoke(AuthenticatorBase.java:541)
	at org.apache.catalina.core.StandardHostValve.invoke(StandardHostValve.java:139)
	at org.apache.catalina.valves.ErrorReportValve.invoke(ErrorReportValve.java:92)
	at org.apache.catalina.core.StandardEngineValve.invoke(StandardEngineValve.java:74)
	at org.apache.catalina.connector.CoyoteAdapter.service(CoyoteAdapter.java:343)
	at org.apache.coyote.http11.Http11Processor.service(Http11Processor.java:367)
	at org.apache.coyote.AbstractProcessorLight.process(AbstractProcessorLight.java:65)
	at org.apache.coyote.AbstractProtocol$ConnectionHandler.process(AbstractProtocol.java:868)
	at org.apache.tomcat.util.net.NioEndpoint$SocketProcessor.doRun(NioEndpoint.java:1639)
	at org.apache.tomcat.util.net.SocketProcessorBase.run(SocketProcessorBase.java:49)
	at java.base/java.util.concurrent.ThreadPoolExecutor.runWorker(ThreadPoolExecutor.java:1135)
	at java.base/java.util.concurrent.ThreadPoolExecutor$Worker.run(ThreadPoolExecutor.java:635)
	at org.apache.tomcat.util.threads.TaskThread$WrappingRunnable.run(TaskThread.java:61)
	at java.base/java.lang.Thread.run(Thread.java:844)
2020-05-09 08:44:33,910 ERROR [http-nio-15213-exec-1] c.n.c.c.a.ExceptionAdvice [ExceptionAdvice.java:21] 服务器发生异常nested exception is org.apache.ibatis.exceptions.PersistenceException: 
### Error querying database.  Cause: org.springframework.jdbc.CannotGetJdbcConnectionException: Failed to obtain JDBC Connection; nested exception is java.sql.SQLNonTransientConnectionException: Public Key Retrieval is not allowed
### The error may exist in file [D:\Java\nowcoder_project\workspace\community\target\classes\mapper\discusspost_mapper.xml]
### The error may involve com.nowcoder.community.dao.DiscussPostMapper.selectDiscussPostRows
### The error occurred while executing a query
### Cause: org.springframework.jdbc.CannotGetJdbcConnectionException: Failed to obtain JDBC Connection; nested exception is java.sql.SQLNonTransientConnectionException: Public Key Retrieval is not allowed
2020-05-09 08:44:33,912 ERROR [http-nio-15213-exec-1] c.n.c.c.a.ExceptionAdvice [ExceptionAdvice.java:23] org.mybatis.spring.MyBatisExceptionTranslator.translateExceptionIfPossible(MyBatisExceptionTranslator.java:92)
2020-05-09 08:44:33,912 ERROR [http-nio-15213-exec-1] c.n.c.c.a.ExceptionAdvice [ExceptionAdvice.java:23] org.mybatis.spring.SqlSessionTemplate$SqlSessionInterceptor.invoke(SqlSessionTemplate.java:440)
2020-05-09 08:44:33,913 ERROR [http-nio-15213-exec-1] c.n.c.c.a.ExceptionAdvice [ExceptionAdvice.java:23] com.sun.proxy.$Proxy84.selectOne(Unknown Source)
2020-05-09 08:44:33,914 ERROR [http-nio-15213-exec-1] c.n.c.c.a.ExceptionAdvice [ExceptionAdvice.java:23] org.mybatis.spring.SqlSessionTemplate.selectOne(SqlSessionTemplate.java:159)
2020-05-09 08:44:33,915 ERROR [http-nio-15213-exec-1] c.n.c.c.a.ExceptionAdvice [ExceptionAdvice.java:23] org.apache.ibatis.binding.MapperMethod.execute(MapperMethod.java:87)
2020-05-09 08:44:33,916 ERROR [http-nio-15213-exec-1] c.n.c.c.a.ExceptionAdvice [ExceptionAdvice.java:23] org.apache.ibatis.binding.MapperProxy$PlainMethodInvoker.invoke(MapperProxy.java:144)
2020-05-09 08:44:33,916 ERROR [http-nio-15213-exec-1] c.n.c.c.a.ExceptionAdvice [ExceptionAdvice.java:23] org.apache.ibatis.binding.MapperProxy.invoke(MapperProxy.java:85)
2020-05-09 08:44:33,917 ERROR [http-nio-15213-exec-1] c.n.c.c.a.ExceptionAdvice [ExceptionAdvice.java:23] com.sun.proxy.$Proxy95.selectDiscussPostRows(Unknown Source)
2020-05-09 08:44:33,917 ERROR [http-nio-15213-exec-1] c.n.c.c.a.ExceptionAdvice [ExceptionAdvice.java:23] com.nowcoder.community.service.DiscussPostService.findDiscussPostsRows(DiscussPostService.java:26)
2020-05-09 08:44:33,918 ERROR [http-nio-15213-exec-1] c.n.c.c.a.ExceptionAdvice [ExceptionAdvice.java:23] com.nowcoder.community.service.DiscussPostService$$FastClassBySpringCGLIB$$438c48e5.invoke(<generated>)
2020-05-09 08:44:33,918 ERROR [http-nio-15213-exec-1] c.n.c.c.a.ExceptionAdvice [ExceptionAdvice.java:23] org.springframework.cglib.proxy.MethodProxy.invoke(MethodProxy.java:218)
2020-05-09 08:44:33,919 ERROR [http-nio-15213-exec-1] c.n.c.c.a.ExceptionAdvice [ExceptionAdvice.java:23] org.springframework.aop.framework.CglibAopProxy$CglibMethodInvocation.invokeJoinpoint(CglibAopProxy.java:771)
2020-05-09 08:44:33,919 ERROR [http-nio-15213-exec-1] c.n.c.c.a.ExceptionAdvice [ExceptionAdvice.java:23] org.springframework.aop.framework.ReflectiveMethodInvocation.proceed(ReflectiveMethodInvocation.java:163)
2020-05-09 08:44:33,920 ERROR [http-nio-15213-exec-1] c.n.c.c.a.ExceptionAdvice [ExceptionAdvice.java:23] org.springframework.aop.framework.CglibAopProxy$CglibMethodInvocation.proceed(CglibAopProxy.java:749)
2020-05-09 08:44:33,920 ERROR [http-nio-15213-exec-1] c.n.c.c.a.ExceptionAdvice [ExceptionAdvice.java:23] org.springframework.aop.framework.adapter.MethodBeforeAdviceInterceptor.invoke(MethodBeforeAdviceInterceptor.java:56)
2020-05-09 08:44:33,921 ERROR [http-nio-15213-exec-1] c.n.c.c.a.ExceptionAdvice [ExceptionAdvice.java:23] org.springframework.aop.framework.ReflectiveMethodInvocation.proceed(ReflectiveMethodInvocation.java:186)
2020-05-09 08:44:33,922 ERROR [http-nio-15213-exec-1] c.n.c.c.a.ExceptionAdvice [ExceptionAdvice.java:23] org.springframework.aop.framework.CglibAopProxy$CglibMethodInvocation.proceed(CglibAopProxy.java:749)
2020-05-09 08:44:33,922 ERROR [http-nio-15213-exec-1] c.n.c.c.a.ExceptionAdvice [ExceptionAdvice.java:23] org.springframework.aop.aspectj.MethodInvocationProceedingJoinPoint.proceed(MethodInvocationProceedingJoinPoint.java:88)
2020-05-09 08:44:33,923 ERROR [http-nio-15213-exec-1] c.n.c.c.a.ExceptionAdvice [ExceptionAdvice.java:23] com.nowcoder.community.aspect.AlphaAspect.around(AlphaAspect.java:41)
2020-05-09 08:44:33,923 ERROR [http-nio-15213-exec-1] c.n.c.c.a.ExceptionAdvice [ExceptionAdvice.java:23] java.base/jdk.internal.reflect.NativeMethodAccessorImpl.invoke0(Native Method)
2020-05-09 08:44:33,924 ERROR [http-nio-15213-exec-1] c.n.c.c.a.ExceptionAdvice [ExceptionAdvice.java:23] java.base/jdk.internal.reflect.NativeMethodAccessorImpl.invoke(NativeMethodAccessorImpl.java:62)
2020-05-09 08:44:33,924 ERROR [http-nio-15213-exec-1] c.n.c.c.a.ExceptionAdvice [ExceptionAdvice.java:23] java.base/jdk.internal.reflect.DelegatingMethodAccessorImpl.invoke(DelegatingMethodAccessorImpl.java:43)
2020-05-09 08:44:33,925 ERROR [http-nio-15213-exec-1] c.n.c.c.a.ExceptionAdvice [ExceptionAdvice.java:23] java.base/java.lang.reflect.Method.invoke(Method.java:564)
2020-05-09 08:44:33,925 ERROR [http-nio-15213-exec-1] c.n.c.c.a.ExceptionAdvice [ExceptionAdvice.java:23] org.springframework.aop.aspectj.AbstractAspectJAdvice.invokeAdviceMethodWithGivenArgs(AbstractAspectJAdvice.java:644)
2020-05-09 08:44:33,925 ERROR [http-nio-15213-exec-1] c.n.c.c.a.ExceptionAdvice [ExceptionAdvice.java:23] org.springframework.aop.aspectj.AbstractAspectJAdvice.invokeAdviceMethod(AbstractAspectJAdvice.java:633)
2020-05-09 08:44:33,926 ERROR [http-nio-15213-exec-1] c.n.c.c.a.ExceptionAdvice [ExceptionAdvice.java:23] org.springframework.aop.aspectj.AspectJAroundAdvice.invoke(AspectJAroundAdvice.java:70)
2020-05-09 08:44:33,926 ERROR [http-nio-15213-exec-1] c.n.c.c.a.ExceptionAdvice [ExceptionAdvice.java:23] org.springframework.aop.framework.ReflectiveMethodInvocation.proceed(ReflectiveMethodInvocation.java:186)
2020-05-09 08:44:33,926 ERROR [http-nio-15213-exec-1] c.n.c.c.a.ExceptionAdvice [ExceptionAdvice.java:23] org.springframework.aop.framework.CglibAopProxy$CglibMethodInvocation.proceed(CglibAopProxy.java:749)
2020-05-09 08:44:33,927 ERROR [http-nio-15213-exec-1] c.n.c.c.a.ExceptionAdvice [ExceptionAdvice.java:23] org.springframework.aop.aspectj.AspectJAfterAdvice.invoke(AspectJAfterAdvice.java:47)
2020-05-09 08:44:33,927 ERROR [http-nio-15213-exec-1] c.n.c.c.a.ExceptionAdvice [ExceptionAdvice.java:23] org.springframework.aop.framework.ReflectiveMethodInvocation.proceed(ReflectiveMethodInvocation.java:186)
2020-05-09 08:44:33,927 ERROR [http-nio-15213-exec-1] c.n.c.c.a.ExceptionAdvice [ExceptionAdvice.java:23] org.springframework.aop.framework.CglibAopProxy$CglibMethodInvocation.proceed(CglibAopProxy.java:749)
2020-05-09 08:44:33,928 ERROR [http-nio-15213-exec-1] c.n.c.c.a.ExceptionAdvice [ExceptionAdvice.java:23] org.springframework.aop.framework.adapter.AfterReturningAdviceInterceptor.invoke(AfterReturningAdviceInterceptor.java:55)
2020-05-09 08:44:33,928 ERROR [http-nio-15213-exec-1] c.n.c.c.a.ExceptionAdvice [ExceptionAdvice.java:23] org.springframework.aop.framework.ReflectiveMethodInvocation.proceed(ReflectiveMethodInvocation.java:186)
2020-05-09 08:44:33,929 ERROR [http-nio-15213-exec-1] c.n.c.c.a.ExceptionAdvice [ExceptionAdvice.java:23] org.springframework.aop.framework.CglibAopProxy$CglibMethodInvocation.proceed(CglibAopProxy.java:749)
2020-05-09 08:44:33,938 ERROR [http-nio-15213-exec-1] c.n.c.c.a.ExceptionAdvice [ExceptionAdvice.java:23] org.springframework.aop.aspectj.AspectJAfterThrowingAdvice.invoke(AspectJAfterThrowingAdvice.java:62)
2020-05-09 08:44:33,939 ERROR [http-nio-15213-exec-1] c.n.c.c.a.ExceptionAdvice [ExceptionAdvice.java:23] org.springframework.aop.framework.ReflectiveMethodInvocation.proceed(ReflectiveMethodInvocation.java:186)
2020-05-09 08:44:33,940 ERROR [http-nio-15213-exec-1] c.n.c.c.a.ExceptionAdvice [ExceptionAdvice.java:23] org.springframework.aop.framework.CglibAopProxy$CglibMethodInvocation.proceed(CglibAopProxy.java:749)
2020-05-09 08:44:33,940 ERROR [http-nio-15213-exec-1] c.n.c.c.a.ExceptionAdvice [ExceptionAdvice.java:23] org.springframework.aop.interceptor.ExposeInvocationInterceptor.invoke(ExposeInvocationInterceptor.java:95)
2020-05-09 08:44:33,941 ERROR [http-nio-15213-exec-1] c.n.c.c.a.ExceptionAdvice [ExceptionAdvice.java:23] org.springframework.aop.framework.ReflectiveMethodInvocation.proceed(ReflectiveMethodInvocation.java:186)
2020-05-09 08:44:33,941 ERROR [http-nio-15213-exec-1] c.n.c.c.a.ExceptionAdvice [ExceptionAdvice.java:23] org.springframework.aop.framework.CglibAopProxy$CglibMethodInvocation.proceed(CglibAopProxy.java:749)
2020-05-09 08:44:33,942 ERROR [http-nio-15213-exec-1] c.n.c.c.a.ExceptionAdvice [ExceptionAdvice.java:23] org.springframework.aop.framework.CglibAopProxy$DynamicAdvisedInterceptor.intercept(CglibAopProxy.java:691)
2020-05-09 08:44:33,942 ERROR [http-nio-15213-exec-1] c.n.c.c.a.ExceptionAdvice [ExceptionAdvice.java:23] com.nowcoder.community.service.DiscussPostService$$EnhancerBySpringCGLIB$$63ded30e.findDiscussPostsRows(<generated>)
2020-05-09 08:44:33,943 ERROR [http-nio-15213-exec-1] c.n.c.c.a.ExceptionAdvice [ExceptionAdvice.java:23] com.nowcoder.community.controller.HomeController.getIndexPage(HomeController.java:28)
2020-05-09 08:44:33,943 ERROR [http-nio-15213-exec-1] c.n.c.c.a.ExceptionAdvice [ExceptionAdvice.java:23] java.base/jdk.internal.reflect.NativeMethodAccessorImpl.invoke0(Native Method)
2020-05-09 08:44:33,944 ERROR [http-nio-15213-exec-1] c.n.c.c.a.ExceptionAdvice [ExceptionAdvice.java:23] java.base/jdk.internal.reflect.NativeMethodAccessorImpl.invoke(NativeMethodAccessorImpl.java:62)
2020-05-09 08:44:33,944 ERROR [http-nio-15213-exec-1] c.n.c.c.a.ExceptionAdvice [ExceptionAdvice.java:23] java.base/jdk.internal.reflect.DelegatingMethodAccessorImpl.invoke(DelegatingMethodAccessorImpl.java:43)
2020-05-09 08:44:33,944 ERROR [http-nio-15213-exec-1] c.n.c.c.a.ExceptionAdvice [ExceptionAdvice.java:23] java.base/java.lang.reflect.Method.invoke(Method.java:564)
2020-05-09 08:44:33,945 ERROR [http-nio-15213-exec-1] c.n.c.c.a.ExceptionAdvice [ExceptionAdvice.java:23] org.springframework.web.method.support.InvocableHandlerMethod.doInvoke(InvocableHandlerMethod.java:190)
2020-05-09 08:44:33,945 ERROR [http-nio-15213-exec-1] c.n.c.c.a.ExceptionAdvice [ExceptionAdvice.java:23] org.springframework.web.method.support.InvocableHandlerMethod.invokeForRequest(InvocableHandlerMethod.java:138)
2020-05-09 08:44:33,946 ERROR [http-nio-15213-exec-1] c.n.c.c.a.ExceptionAdvice [ExceptionAdvice.java:23] org.springframework.web.servlet.mvc.method.annotation.ServletInvocableHandlerMethod.invokeAndHandle(ServletInvocableHandlerMethod.java:106)
2020-05-09 08:44:33,946 ERROR [http-nio-15213-exec-1] c.n.c.c.a.ExceptionAdvice [ExceptionAdvice.java:23] org.springframework.web.servlet.mvc.method.annotation.RequestMappingHandlerAdapter.invokeHandlerMethod(RequestMappingHandlerAdapter.java:879)
2020-05-09 08:44:33,947 ERROR [http-nio-15213-exec-1] c.n.c.c.a.ExceptionAdvice [ExceptionAdvice.java:23] org.springframework.web.servlet.mvc.method.annotation.RequestMappingHandlerAdapter.handleInternal(RequestMappingHandlerAdapter.java:793)
2020-05-09 08:44:33,947 ERROR [http-nio-15213-exec-1] c.n.c.c.a.ExceptionAdvice [ExceptionAdvice.java:23] org.springframework.web.servlet.mvc.method.AbstractHandlerMethodAdapter.handle(AbstractHandlerMethodAdapter.java:87)
2020-05-09 08:44:33,947 ERROR [http-nio-15213-exec-1] c.n.c.c.a.ExceptionAdvice [ExceptionAdvice.java:23] org.springframework.web.servlet.DispatcherServlet.doDispatch(DispatcherServlet.java:1040)
2020-05-09 08:44:33,948 ERROR [http-nio-15213-exec-1] c.n.c.c.a.ExceptionAdvice [ExceptionAdvice.java:23] org.springframework.web.servlet.DispatcherServlet.doService(DispatcherServlet.java:943)
2020-05-09 08:44:33,949 ERROR [http-nio-15213-exec-1] c.n.c.c.a.ExceptionAdvice [ExceptionAdvice.java:23] org.springframework.web.servlet.FrameworkServlet.processRequest(FrameworkServlet.java:1006)
2020-05-09 08:44:33,950 ERROR [http-nio-15213-exec-1] c.n.c.c.a.ExceptionAdvice [ExceptionAdvice.java:23] org.springframework.web.servlet.FrameworkServlet.doGet(FrameworkServlet.java:898)
2020-05-09 08:44:33,950 ERROR [http-nio-15213-exec-1] c.n.c.c.a.ExceptionAdvice [ExceptionAdvice.java:23] javax.servlet.http.HttpServlet.service(HttpServlet.java:634)
2020-05-09 08:44:33,951 ERROR [http-nio-15213-exec-1] c.n.c.c.a.ExceptionAdvice [ExceptionAdvice.java:23] org.springframework.web.servlet.FrameworkServlet.service(FrameworkServlet.java:883)
2020-05-09 08:44:33,952 ERROR [http-nio-15213-exec-1] c.n.c.c.a.ExceptionAdvice [ExceptionAdvice.java:23] javax.servlet.http.HttpServlet.service(HttpServlet.java:741)
2020-05-09 08:44:33,952 ERROR [http-nio-15213-exec-1] c.n.c.c.a.ExceptionAdvice [ExceptionAdvice.java:23] org.apache.catalina.core.ApplicationFilterChain.internalDoFilter(ApplicationFilterChain.java:231)
2020-05-09 08:44:33,952 ERROR [http-nio-15213-exec-1] c.n.c.c.a.ExceptionAdvice [ExceptionAdvice.java:23] org.apache.catalina.core.ApplicationFilterChain.doFilter(ApplicationFilterChain.java:166)
2020-05-09 08:44:33,953 ERROR [http-nio-15213-exec-1] c.n.c.c.a.ExceptionAdvice [ExceptionAdvice.java:23] org.apache.tomcat.websocket.server.WsFilter.doFilter(WsFilter.java:53)
2020-05-09 08:44:33,954 ERROR [http-nio-15213-exec-1] c.n.c.c.a.ExceptionAdvice [ExceptionAdvice.java:23] org.apache.catalina.core.ApplicationFilterChain.internalDoFilter(ApplicationFilterChain.java:193)
2020-05-09 08:44:33,954 ERROR [http-nio-15213-exec-1] c.n.c.c.a.ExceptionAdvice [ExceptionAdvice.java:23] org.apache.catalina.core.ApplicationFilterChain.doFilter(ApplicationFilterChain.java:166)
2020-05-09 08:44:33,955 ERROR [http-nio-15213-exec-1] c.n.c.c.a.ExceptionAdvice [ExceptionAdvice.java:23] org.springframework.web.filter.RequestContextFilter.doFilterInternal(RequestContextFilter.java:100)
2020-05-09 08:44:33,955 ERROR [http-nio-15213-exec-1] c.n.c.c.a.ExceptionAdvice [ExceptionAdvice.java:23] org.springframework.web.filter.OncePerRequestFilter.doFilter(OncePerRequestFilter.java:119)
2020-05-09 08:44:33,956 ERROR [http-nio-15213-exec-1] c.n.c.c.a.ExceptionAdvice [ExceptionAdvice.java:23] org.apache.catalina.core.ApplicationFilterChain.internalDoFilter(ApplicationFilterChain.java:193)
2020-05-09 08:44:33,956 ERROR [http-nio-15213-exec-1] c.n.c.c.a.ExceptionAdvice [ExceptionAdvice.java:23] org.apache.catalina.core.ApplicationFilterChain.doFilter(ApplicationFilterChain.java:166)
2020-05-09 08:44:33,957 ERROR [http-nio-15213-exec-1] c.n.c.c.a.ExceptionAdvice [ExceptionAdvice.java:23] org.springframework.web.filter.FormContentFilter.doFilterInternal(FormContentFilter.java:93)
2020-05-09 08:44:33,957 ERROR [http-nio-15213-exec-1] c.n.c.c.a.ExceptionAdvice [ExceptionAdvice.java:23] org.springframework.web.filter.OncePerRequestFilter.doFilter(OncePerRequestFilter.java:119)
2020-05-09 08:44:33,957 ERROR [http-nio-15213-exec-1] c.n.c.c.a.ExceptionAdvice [ExceptionAdvice.java:23] org.apache.catalina.core.ApplicationFilterChain.internalDoFilter(ApplicationFilterChain.java:193)
2020-05-09 08:44:33,958 ERROR [http-nio-15213-exec-1] c.n.c.c.a.ExceptionAdvice [ExceptionAdvice.java:23] org.apache.catalina.core.ApplicationFilterChain.doFilter(ApplicationFilterChain.java:166)
2020-05-09 08:44:33,958 ERROR [http-nio-15213-exec-1] c.n.c.c.a.ExceptionAdvice [ExceptionAdvice.java:23] org.springframework.web.filter.CharacterEncodingFilter.doFilterInternal(CharacterEncodingFilter.java:201)
2020-05-09 08:44:33,959 ERROR [http-nio-15213-exec-1] c.n.c.c.a.ExceptionAdvice [ExceptionAdvice.java:23] org.springframework.web.filter.OncePerRequestFilter.doFilter(OncePerRequestFilter.java:119)
2020-05-09 08:44:33,959 ERROR [http-nio-15213-exec-1] c.n.c.c.a.ExceptionAdvice [ExceptionAdvice.java:23] org.apache.catalina.core.ApplicationFilterChain.internalDoFilter(ApplicationFilterChain.java:193)
2020-05-09 08:44:33,960 ERROR [http-nio-15213-exec-1] c.n.c.c.a.ExceptionAdvice [ExceptionAdvice.java:23] org.apache.catalina.core.ApplicationFilterChain.doFilter(ApplicationFilterChain.java:166)
2020-05-09 08:44:33,960 ERROR [http-nio-15213-exec-1] c.n.c.c.a.ExceptionAdvice [ExceptionAdvice.java:23] org.apache.catalina.core.StandardWrapperValve.invoke(StandardWrapperValve.java:202)
2020-05-09 08:44:33,960 ERROR [http-nio-15213-exec-1] c.n.c.c.a.ExceptionAdvice [ExceptionAdvice.java:23] org.apache.catalina.core.StandardContextValve.invoke(StandardContextValve.java:96)
2020-05-09 08:44:33,961 ERROR [http-nio-15213-exec-1] c.n.c.c.a.ExceptionAdvice [ExceptionAdvice.java:23] org.apache.catalina.authenticator.AuthenticatorBase.invoke(AuthenticatorBase.java:541)
2020-05-09 08:44:33,961 ERROR [http-nio-15213-exec-1] c.n.c.c.a.ExceptionAdvice [ExceptionAdvice.java:23] org.apache.catalina.core.StandardHostValve.invoke(StandardHostValve.java:139)
2020-05-09 08:44:33,961 ERROR [http-nio-15213-exec-1] c.n.c.c.a.ExceptionAdvice [ExceptionAdvice.java:23] org.apache.catalina.valves.ErrorReportValve.invoke(ErrorReportValve.java:92)
2020-05-09 08:44:33,962 ERROR [http-nio-15213-exec-1] c.n.c.c.a.ExceptionAdvice [ExceptionAdvice.java:23] org.apache.catalina.core.StandardEngineValve.invoke(StandardEngineValve.java:74)
2020-05-09 08:44:33,962 ERROR [http-nio-15213-exec-1] c.n.c.c.a.ExceptionAdvice [ExceptionAdvice.java:23] org.apache.catalina.connector.CoyoteAdapter.service(CoyoteAdapter.java:343)
2020-05-09 08:44:33,962 ERROR [http-nio-15213-exec-1] c.n.c.c.a.ExceptionAdvice [ExceptionAdvice.java:23] org.apache.coyote.http11.Http11Processor.service(Http11Processor.java:367)
2020-05-09 08:44:33,963 ERROR [http-nio-15213-exec-1] c.n.c.c.a.ExceptionAdvice [ExceptionAdvice.java:23] org.apache.coyote.AbstractProcessorLight.process(AbstractProcessorLight.java:65)
2020-05-09 08:44:33,963 ERROR [http-nio-15213-exec-1] c.n.c.c.a.ExceptionAdvice [ExceptionAdvice.java:23] org.apache.coyote.AbstractProtocol$ConnectionHandler.process(AbstractProtocol.java:868)
2020-05-09 08:44:33,963 ERROR [http-nio-15213-exec-1] c.n.c.c.a.ExceptionAdvice [ExceptionAdvice.java:23] org.apache.tomcat.util.net.NioEndpoint$SocketProcessor.doRun(NioEndpoint.java:1639)
2020-05-09 08:44:33,964 ERROR [http-nio-15213-exec-1] c.n.c.c.a.ExceptionAdvice [ExceptionAdvice.java:23] org.apache.tomcat.util.net.SocketProcessorBase.run(SocketProcessorBase.java:49)
2020-05-09 08:44:33,964 ERROR [http-nio-15213-exec-1] c.n.c.c.a.ExceptionAdvice [ExceptionAdvice.java:23] java.base/java.util.concurrent.ThreadPoolExecutor.runWorker(ThreadPoolExecutor.java:1135)
2020-05-09 08:44:33,965 ERROR [http-nio-15213-exec-1] c.n.c.c.a.ExceptionAdvice [ExceptionAdvice.java:23] java.base/java.util.concurrent.ThreadPoolExecutor$Worker.run(ThreadPoolExecutor.java:635)
2020-05-09 08:44:33,965 ERROR [http-nio-15213-exec-1] c.n.c.c.a.ExceptionAdvice [ExceptionAdvice.java:23] org.apache.tomcat.util.threads.TaskThread$WrappingRunnable.run(TaskThread.java:61)
2020-05-09 08:44:33,966 ERROR [http-nio-15213-exec-1] c.n.c.c.a.ExceptionAdvice [ExceptionAdvice.java:23] java.base/java.lang.Thread.run(Thread.java:844)
2020-05-09 08:44:42,915 ERROR [http-nio-15213-exec-6] c.z.h.p.HikariPool [HikariPool.java:587] HikariPool-1 - Exception during pool initialization.
java.sql.SQLNonTransientConnectionException: Public Key Retrieval is not allowed
	at com.mysql.cj.jdbc.exceptions.SQLError.createSQLException(SQLError.java:110)
	at com.mysql.cj.jdbc.exceptions.SQLError.createSQLException(SQLError.java:97)
	at com.mysql.cj.jdbc.exceptions.SQLExceptionsMapping.translateException(SQLExceptionsMapping.java:122)
	at com.mysql.cj.jdbc.ConnectionImpl.createNewIO(ConnectionImpl.java:835)
	at com.mysql.cj.jdbc.ConnectionImpl.<init>(ConnectionImpl.java:455)
	at com.mysql.cj.jdbc.ConnectionImpl.getInstance(ConnectionImpl.java:240)
	at com.mysql.cj.jdbc.NonRegisteringDriver.connect(NonRegisteringDriver.java:199)
	at com.zaxxer.hikari.util.DriverDataSource.getConnection(DriverDataSource.java:138)
	at com.zaxxer.hikari.pool.PoolBase.newConnection(PoolBase.java:354)
	at com.zaxxer.hikari.pool.PoolBase.newPoolEntry(PoolBase.java:202)
	at com.zaxxer.hikari.pool.HikariPool.createPoolEntry(HikariPool.java:473)
	at com.zaxxer.hikari.pool.HikariPool.checkFailFast(HikariPool.java:554)
	at com.zaxxer.hikari.pool.HikariPool.<init>(HikariPool.java:115)
	at com.zaxxer.hikari.HikariDataSource.getConnection(HikariDataSource.java:112)
	at org.springframework.jdbc.datasource.DataSourceUtils.fetchConnection(DataSourceUtils.java:158)
	at org.springframework.jdbc.datasource.DataSourceUtils.doGetConnection(DataSourceUtils.java:116)
	at org.springframework.jdbc.datasource.DataSourceUtils.getConnection(DataSourceUtils.java:79)
	at org.mybatis.spring.transaction.SpringManagedTransaction.openConnection(SpringManagedTransaction.java:80)
	at org.mybatis.spring.transaction.SpringManagedTransaction.getConnection(SpringManagedTransaction.java:67)
	at org.apache.ibatis.executor.BaseExecutor.getConnection(BaseExecutor.java:336)
	at org.apache.ibatis.executor.SimpleExecutor.prepareStatement(SimpleExecutor.java:86)
	at org.apache.ibatis.executor.SimpleExecutor.doQuery(SimpleExecutor.java:62)
	at org.apache.ibatis.executor.BaseExecutor.queryFromDatabase(BaseExecutor.java:324)
	at org.apache.ibatis.executor.BaseExecutor.query(BaseExecutor.java:156)
	at org.apache.ibatis.executor.CachingExecutor.query(CachingExecutor.java:109)
	at org.apache.ibatis.executor.CachingExecutor.query(CachingExecutor.java:83)
	at org.apache.ibatis.session.defaults.DefaultSqlSession.selectList(DefaultSqlSession.java:147)
	at org.apache.ibatis.session.defaults.DefaultSqlSession.selectList(DefaultSqlSession.java:140)
	at org.apache.ibatis.session.defaults.DefaultSqlSession.selectOne(DefaultSqlSession.java:76)
	at java.base/jdk.internal.reflect.NativeMethodAccessorImpl.invoke0(Native Method)
	at java.base/jdk.internal.reflect.NativeMethodAccessorImpl.invoke(NativeMethodAccessorImpl.java:62)
	at java.base/jdk.internal.reflect.DelegatingMethodAccessorImpl.invoke(DelegatingMethodAccessorImpl.java:43)
	at java.base/java.lang.reflect.Method.invoke(Method.java:564)
	at org.mybatis.spring.SqlSessionTemplate$SqlSessionInterceptor.invoke(SqlSessionTemplate.java:426)
	at com.sun.proxy.$Proxy84.selectOne(Unknown Source)
	at org.mybatis.spring.SqlSessionTemplate.selectOne(SqlSessionTemplate.java:159)
	at org.apache.ibatis.binding.MapperMethod.execute(MapperMethod.java:87)
	at org.apache.ibatis.binding.MapperProxy$PlainMethodInvoker.invoke(MapperProxy.java:144)
	at org.apache.ibatis.binding.MapperProxy.invoke(MapperProxy.java:85)
	at com.sun.proxy.$Proxy95.selectDiscussPostRows(Unknown Source)
	at com.nowcoder.community.service.DiscussPostService.findDiscussPostsRows(DiscussPostService.java:26)
	at com.nowcoder.community.service.DiscussPostService$$FastClassBySpringCGLIB$$438c48e5.invoke(<generated>)
	at org.springframework.cglib.proxy.MethodProxy.invoke(MethodProxy.java:218)
	at org.springframework.aop.framework.CglibAopProxy$CglibMethodInvocation.invokeJoinpoint(CglibAopProxy.java:771)
	at org.springframework.aop.framework.ReflectiveMethodInvocation.proceed(ReflectiveMethodInvocation.java:163)
	at org.springframework.aop.framework.CglibAopProxy$CglibMethodInvocation.proceed(CglibAopProxy.java:749)
	at org.springframework.aop.framework.adapter.MethodBeforeAdviceInterceptor.invoke(MethodBeforeAdviceInterceptor.java:56)
	at org.springframework.aop.framework.ReflectiveMethodInvocation.proceed(ReflectiveMethodInvocation.java:186)
	at org.springframework.aop.framework.CglibAopProxy$CglibMethodInvocation.proceed(CglibAopProxy.java:749)
	at org.springframework.aop.aspectj.MethodInvocationProceedingJoinPoint.proceed(MethodInvocationProceedingJoinPoint.java:88)
	at com.nowcoder.community.aspect.AlphaAspect.around(AlphaAspect.java:41)
	at java.base/jdk.internal.reflect.NativeMethodAccessorImpl.invoke0(Native Method)
	at java.base/jdk.internal.reflect.NativeMethodAccessorImpl.invoke(NativeMethodAccessorImpl.java:62)
	at java.base/jdk.internal.reflect.DelegatingMethodAccessorImpl.invoke(DelegatingMethodAccessorImpl.java:43)
	at java.base/java.lang.reflect.Method.invoke(Method.java:564)
	at org.springframework.aop.aspectj.AbstractAspectJAdvice.invokeAdviceMethodWithGivenArgs(AbstractAspectJAdvice.java:644)
	at org.springframework.aop.aspectj.AbstractAspectJAdvice.invokeAdviceMethod(AbstractAspectJAdvice.java:633)
	at org.springframework.aop.aspectj.AspectJAroundAdvice.invoke(AspectJAroundAdvice.java:70)
	at org.springframework.aop.framework.ReflectiveMethodInvocation.proceed(ReflectiveMethodInvocation.java:186)
	at org.springframework.aop.framework.CglibAopProxy$CglibMethodInvocation.proceed(CglibAopProxy.java:749)
	at org.springframework.aop.aspectj.AspectJAfterAdvice.invoke(AspectJAfterAdvice.java:47)
	at org.springframework.aop.framework.ReflectiveMethodInvocation.proceed(ReflectiveMethodInvocation.java:186)
	at org.springframework.aop.framework.CglibAopProxy$CglibMethodInvocation.proceed(CglibAopProxy.java:749)
	at org.springframework.aop.framework.adapter.AfterReturningAdviceInterceptor.invoke(AfterReturningAdviceInterceptor.java:55)
	at org.springframework.aop.framework.ReflectiveMethodInvocation.proceed(ReflectiveMethodInvocation.java:186)
	at org.springframework.aop.framework.CglibAopProxy$CglibMethodInvocation.proceed(CglibAopProxy.java:749)
	at org.springframework.aop.aspectj.AspectJAfterThrowingAdvice.invoke(AspectJAfterThrowingAdvice.java:62)
	at org.springframework.aop.framework.ReflectiveMethodInvocation.proceed(ReflectiveMethodInvocation.java:186)
	at org.springframework.aop.framework.CglibAopProxy$CglibMethodInvocation.proceed(CglibAopProxy.java:749)
	at org.springframework.aop.interceptor.ExposeInvocationInterceptor.invoke(ExposeInvocationInterceptor.java:95)
	at org.springframework.aop.framework.ReflectiveMethodInvocation.proceed(ReflectiveMethodInvocation.java:186)
	at org.springframework.aop.framework.CglibAopProxy$CglibMethodInvocation.proceed(CglibAopProxy.java:749)
	at org.springframework.aop.framework.CglibAopProxy$DynamicAdvisedInterceptor.intercept(CglibAopProxy.java:691)
	at com.nowcoder.community.service.DiscussPostService$$EnhancerBySpringCGLIB$$63ded30e.findDiscussPostsRows(<generated>)
	at com.nowcoder.community.controller.HomeController.getIndexPage(HomeController.java:28)
	at java.base/jdk.internal.reflect.NativeMethodAccessorImpl.invoke0(Native Method)
	at java.base/jdk.internal.reflect.NativeMethodAccessorImpl.invoke(NativeMethodAccessorImpl.java:62)
	at java.base/jdk.internal.reflect.DelegatingMethodAccessorImpl.invoke(DelegatingMethodAccessorImpl.java:43)
	at java.base/java.lang.reflect.Method.invoke(Method.java:564)
	at org.springframework.web.method.support.InvocableHandlerMethod.doInvoke(InvocableHandlerMethod.java:190)
	at org.springframework.web.method.support.InvocableHandlerMethod.invokeForRequest(InvocableHandlerMethod.java:138)
	at org.springframework.web.servlet.mvc.method.annotation.ServletInvocableHandlerMethod.invokeAndHandle(ServletInvocableHandlerMethod.java:106)
	at org.springframework.web.servlet.mvc.method.annotation.RequestMappingHandlerAdapter.invokeHandlerMethod(RequestMappingHandlerAdapter.java:879)
	at org.springframework.web.servlet.mvc.method.annotation.RequestMappingHandlerAdapter.handleInternal(RequestMappingHandlerAdapter.java:793)
	at org.springframework.web.servlet.mvc.method.AbstractHandlerMethodAdapter.handle(AbstractHandlerMethodAdapter.java:87)
	at org.springframework.web.servlet.DispatcherServlet.doDispatch(DispatcherServlet.java:1040)
	at org.springframework.web.servlet.DispatcherServlet.doService(DispatcherServlet.java:943)
	at org.springframework.web.servlet.FrameworkServlet.processRequest(FrameworkServlet.java:1006)
	at org.springframework.web.servlet.FrameworkServlet.doGet(FrameworkServlet.java:898)
	at javax.servlet.http.HttpServlet.service(HttpServlet.java:634)
	at org.springframework.web.servlet.FrameworkServlet.service(FrameworkServlet.java:883)
	at javax.servlet.http.HttpServlet.service(HttpServlet.java:741)
	at org.apache.catalina.core.ApplicationFilterChain.internalDoFilter(ApplicationFilterChain.java:231)
	at org.apache.catalina.core.ApplicationFilterChain.doFilter(ApplicationFilterChain.java:166)
	at org.apache.tomcat.websocket.server.WsFilter.doFilter(WsFilter.java:53)
	at org.apache.catalina.core.ApplicationFilterChain.internalDoFilter(ApplicationFilterChain.java:193)
	at org.apache.catalina.core.ApplicationFilterChain.doFilter(ApplicationFilterChain.java:166)
	at org.springframework.web.filter.RequestContextFilter.doFilterInternal(RequestContextFilter.java:100)
	at org.springframework.web.filter.OncePerRequestFilter.doFilter(OncePerRequestFilter.java:119)
	at org.apache.catalina.core.ApplicationFilterChain.internalDoFilter(ApplicationFilterChain.java:193)
	at org.apache.catalina.core.ApplicationFilterChain.doFilter(ApplicationFilterChain.java:166)
	at org.springframework.web.filter.FormContentFilter.doFilterInternal(FormContentFilter.java:93)
	at org.springframework.web.filter.OncePerRequestFilter.doFilter(OncePerRequestFilter.java:119)
	at org.apache.catalina.core.ApplicationFilterChain.internalDoFilter(ApplicationFilterChain.java:193)
	at org.apache.catalina.core.ApplicationFilterChain.doFilter(ApplicationFilterChain.java:166)
	at org.springframework.web.filter.CharacterEncodingFilter.doFilterInternal(CharacterEncodingFilter.java:201)
	at org.springframework.web.filter.OncePerRequestFilter.doFilter(OncePerRequestFilter.java:119)
	at org.apache.catalina.core.ApplicationFilterChain.internalDoFilter(ApplicationFilterChain.java:193)
	at org.apache.catalina.core.ApplicationFilterChain.doFilter(ApplicationFilterChain.java:166)
	at org.apache.catalina.core.StandardWrapperValve.invoke(StandardWrapperValve.java:202)
	at org.apache.catalina.core.StandardContextValve.invoke(StandardContextValve.java:96)
	at org.apache.catalina.authenticator.AuthenticatorBase.invoke(AuthenticatorBase.java:541)
	at org.apache.catalina.core.StandardHostValve.invoke(StandardHostValve.java:139)
	at org.apache.catalina.valves.ErrorReportValve.invoke(ErrorReportValve.java:92)
	at org.apache.catalina.core.StandardEngineValve.invoke(StandardEngineValve.java:74)
	at org.apache.catalina.connector.CoyoteAdapter.service(CoyoteAdapter.java:343)
	at org.apache.coyote.http11.Http11Processor.service(Http11Processor.java:367)
	at org.apache.coyote.AbstractProcessorLight.process(AbstractProcessorLight.java:65)
	at org.apache.coyote.AbstractProtocol$ConnectionHandler.process(AbstractProtocol.java:868)
	at org.apache.tomcat.util.net.NioEndpoint$SocketProcessor.doRun(NioEndpoint.java:1639)
	at org.apache.tomcat.util.net.SocketProcessorBase.run(SocketProcessorBase.java:49)
	at java.base/java.util.concurrent.ThreadPoolExecutor.runWorker(ThreadPoolExecutor.java:1135)
	at java.base/java.util.concurrent.ThreadPoolExecutor$Worker.run(ThreadPoolExecutor.java:635)
	at org.apache.tomcat.util.threads.TaskThread$WrappingRunnable.run(TaskThread.java:61)
	at java.base/java.lang.Thread.run(Thread.java:844)
2020-05-09 08:44:42,926 ERROR [http-nio-15213-exec-6] c.n.c.c.a.ExceptionAdvice [ExceptionAdvice.java:21] 服务器发生异常nested exception is org.apache.ibatis.exceptions.PersistenceException: 
### Error querying database.  Cause: org.springframework.jdbc.CannotGetJdbcConnectionException: Failed to obtain JDBC Connection; nested exception is java.sql.SQLNonTransientConnectionException: Public Key Retrieval is not allowed
### The error may exist in file [D:\Java\nowcoder_project\workspace\community\target\classes\mapper\discusspost_mapper.xml]
### The error may involve com.nowcoder.community.dao.DiscussPostMapper.selectDiscussPostRows
### The error occurred while executing a query
### Cause: org.springframework.jdbc.CannotGetJdbcConnectionException: Failed to obtain JDBC Connection; nested exception is java.sql.SQLNonTransientConnectionException: Public Key Retrieval is not allowed
2020-05-09 08:44:42,930 ERROR [http-nio-15213-exec-6] c.n.c.c.a.ExceptionAdvice [ExceptionAdvice.java:23] org.mybatis.spring.MyBatisExceptionTranslator.translateExceptionIfPossible(MyBatisExceptionTranslator.java:92)
2020-05-09 08:44:42,931 ERROR [http-nio-15213-exec-6] c.n.c.c.a.ExceptionAdvice [ExceptionAdvice.java:23] org.mybatis.spring.SqlSessionTemplate$SqlSessionInterceptor.invoke(SqlSessionTemplate.java:440)
2020-05-09 08:44:42,932 ERROR [http-nio-15213-exec-6] c.n.c.c.a.ExceptionAdvice [ExceptionAdvice.java:23] com.sun.proxy.$Proxy84.selectOne(Unknown Source)
2020-05-09 08:44:42,933 ERROR [http-nio-15213-exec-6] c.n.c.c.a.ExceptionAdvice [ExceptionAdvice.java:23] org.mybatis.spring.SqlSessionTemplate.selectOne(SqlSessionTemplate.java:159)
2020-05-09 08:44:42,934 ERROR [http-nio-15213-exec-6] c.n.c.c.a.ExceptionAdvice [ExceptionAdvice.java:23] org.apache.ibatis.binding.MapperMethod.execute(MapperMethod.java:87)
2020-05-09 08:44:42,935 ERROR [http-nio-15213-exec-6] c.n.c.c.a.ExceptionAdvice [ExceptionAdvice.java:23] org.apache.ibatis.binding.MapperProxy$PlainMethodInvoker.invoke(MapperProxy.java:144)
2020-05-09 08:44:42,936 ERROR [http-nio-15213-exec-6] c.n.c.c.a.ExceptionAdvice [ExceptionAdvice.java:23] org.apache.ibatis.binding.MapperProxy.invoke(MapperProxy.java:85)
2020-05-09 08:44:42,936 ERROR [http-nio-15213-exec-6] c.n.c.c.a.ExceptionAdvice [ExceptionAdvice.java:23] com.sun.proxy.$Proxy95.selectDiscussPostRows(Unknown Source)
2020-05-09 08:44:42,937 ERROR [http-nio-15213-exec-6] c.n.c.c.a.ExceptionAdvice [ExceptionAdvice.java:23] com.nowcoder.community.service.DiscussPostService.findDiscussPostsRows(DiscussPostService.java:26)
2020-05-09 08:44:42,938 ERROR [http-nio-15213-exec-6] c.n.c.c.a.ExceptionAdvice [ExceptionAdvice.java:23] com.nowcoder.community.service.DiscussPostService$$FastClassBySpringCGLIB$$438c48e5.invoke(<generated>)
2020-05-09 08:44:42,938 ERROR [http-nio-15213-exec-6] c.n.c.c.a.ExceptionAdvice [ExceptionAdvice.java:23] org.springframework.cglib.proxy.MethodProxy.invoke(MethodProxy.java:218)
2020-05-09 08:44:42,939 ERROR [http-nio-15213-exec-6] c.n.c.c.a.ExceptionAdvice [ExceptionAdvice.java:23] org.springframework.aop.framework.CglibAopProxy$CglibMethodInvocation.invokeJoinpoint(CglibAopProxy.java:771)
2020-05-09 08:44:42,940 ERROR [http-nio-15213-exec-6] c.n.c.c.a.ExceptionAdvice [ExceptionAdvice.java:23] org.springframework.aop.framework.ReflectiveMethodInvocation.proceed(ReflectiveMethodInvocation.java:163)
2020-05-09 08:44:42,940 ERROR [http-nio-15213-exec-6] c.n.c.c.a.ExceptionAdvice [ExceptionAdvice.java:23] org.springframework.aop.framework.CglibAopProxy$CglibMethodInvocation.proceed(CglibAopProxy.java:749)
2020-05-09 08:44:42,941 ERROR [http-nio-15213-exec-6] c.n.c.c.a.ExceptionAdvice [ExceptionAdvice.java:23] org.springframework.aop.framework.adapter.MethodBeforeAdviceInterceptor.invoke(MethodBeforeAdviceInterceptor.java:56)
2020-05-09 08:44:42,942 ERROR [http-nio-15213-exec-6] c.n.c.c.a.ExceptionAdvice [ExceptionAdvice.java:23] org.springframework.aop.framework.ReflectiveMethodInvocation.proceed(ReflectiveMethodInvocation.java:186)
2020-05-09 08:44:42,942 ERROR [http-nio-15213-exec-6] c.n.c.c.a.ExceptionAdvice [ExceptionAdvice.java:23] org.springframework.aop.framework.CglibAopProxy$CglibMethodInvocation.proceed(CglibAopProxy.java:749)
2020-05-09 08:44:42,943 ERROR [http-nio-15213-exec-6] c.n.c.c.a.ExceptionAdvice [ExceptionAdvice.java:23] org.springframework.aop.aspectj.MethodInvocationProceedingJoinPoint.proceed(MethodInvocationProceedingJoinPoint.java:88)
2020-05-09 08:44:42,943 ERROR [http-nio-15213-exec-6] c.n.c.c.a.ExceptionAdvice [ExceptionAdvice.java:23] com.nowcoder.community.aspect.AlphaAspect.around(AlphaAspect.java:41)
2020-05-09 08:44:42,944 ERROR [http-nio-15213-exec-6] c.n.c.c.a.ExceptionAdvice [ExceptionAdvice.java:23] java.base/jdk.internal.reflect.NativeMethodAccessorImpl.invoke0(Native Method)
2020-05-09 08:44:42,944 ERROR [http-nio-15213-exec-6] c.n.c.c.a.ExceptionAdvice [ExceptionAdvice.java:23] java.base/jdk.internal.reflect.NativeMethodAccessorImpl.invoke(NativeMethodAccessorImpl.java:62)
2020-05-09 08:44:42,945 ERROR [http-nio-15213-exec-6] c.n.c.c.a.ExceptionAdvice [ExceptionAdvice.java:23] java.base/jdk.internal.reflect.DelegatingMethodAccessorImpl.invoke(DelegatingMethodAccessorImpl.java:43)
2020-05-09 08:44:42,945 ERROR [http-nio-15213-exec-6] c.n.c.c.a.ExceptionAdvice [ExceptionAdvice.java:23] java.base/java.lang.reflect.Method.invoke(Method.java:564)
2020-05-09 08:44:42,946 ERROR [http-nio-15213-exec-6] c.n.c.c.a.ExceptionAdvice [ExceptionAdvice.java:23] org.springframework.aop.aspectj.AbstractAspectJAdvice.invokeAdviceMethodWithGivenArgs(AbstractAspectJAdvice.java:644)
2020-05-09 08:44:42,947 ERROR [http-nio-15213-exec-6] c.n.c.c.a.ExceptionAdvice [ExceptionAdvice.java:23] org.springframework.aop.aspectj.AbstractAspectJAdvice.invokeAdviceMethod(AbstractAspectJAdvice.java:633)
2020-05-09 08:44:42,947 ERROR [http-nio-15213-exec-6] c.n.c.c.a.ExceptionAdvice [ExceptionAdvice.java:23] org.springframework.aop.aspectj.AspectJAroundAdvice.invoke(AspectJAroundAdvice.java:70)
2020-05-09 08:44:42,947 ERROR [http-nio-15213-exec-6] c.n.c.c.a.ExceptionAdvice [ExceptionAdvice.java:23] org.springframework.aop.framework.ReflectiveMethodInvocation.proceed(ReflectiveMethodInvocation.java:186)
2020-05-09 08:44:42,948 ERROR [http-nio-15213-exec-6] c.n.c.c.a.ExceptionAdvice [ExceptionAdvice.java:23] org.springframework.aop.framework.CglibAopProxy$CglibMethodInvocation.proceed(CglibAopProxy.java:749)
2020-05-09 08:44:42,949 ERROR [http-nio-15213-exec-6] c.n.c.c.a.ExceptionAdvice [ExceptionAdvice.java:23] org.springframework.aop.aspectj.AspectJAfterAdvice.invoke(AspectJAfterAdvice.java:47)
2020-05-09 08:44:42,949 ERROR [http-nio-15213-exec-6] c.n.c.c.a.ExceptionAdvice [ExceptionAdvice.java:23] org.springframework.aop.framework.ReflectiveMethodInvocation.proceed(ReflectiveMethodInvocation.java:186)
2020-05-09 08:44:42,950 ERROR [http-nio-15213-exec-6] c.n.c.c.a.ExceptionAdvice [ExceptionAdvice.java:23] org.springframework.aop.framework.CglibAopProxy$CglibMethodInvocation.proceed(CglibAopProxy.java:749)
2020-05-09 08:44:42,950 ERROR [http-nio-15213-exec-6] c.n.c.c.a.ExceptionAdvice [ExceptionAdvice.java:23] org.springframework.aop.framework.adapter.AfterReturningAdviceInterceptor.invoke(AfterReturningAdviceInterceptor.java:55)
2020-05-09 08:44:42,951 ERROR [http-nio-15213-exec-6] c.n.c.c.a.ExceptionAdvice [ExceptionAdvice.java:23] org.springframework.aop.framework.ReflectiveMethodInvocation.proceed(ReflectiveMethodInvocation.java:186)
2020-05-09 08:44:42,951 ERROR [http-nio-15213-exec-6] c.n.c.c.a.ExceptionAdvice [ExceptionAdvice.java:23] org.springframework.aop.framework.CglibAopProxy$CglibMethodInvocation.proceed(CglibAopProxy.java:749)
2020-05-09 08:44:42,951 ERROR [http-nio-15213-exec-6] c.n.c.c.a.ExceptionAdvice [ExceptionAdvice.java:23] org.springframework.aop.aspectj.AspectJAfterThrowingAdvice.invoke(AspectJAfterThrowingAdvice.java:62)
2020-05-09 08:44:42,952 ERROR [http-nio-15213-exec-6] c.n.c.c.a.ExceptionAdvice [ExceptionAdvice.java:23] org.springframework.aop.framework.ReflectiveMethodInvocation.proceed(ReflectiveMethodInvocation.java:186)
2020-05-09 08:44:42,952 ERROR [http-nio-15213-exec-6] c.n.c.c.a.ExceptionAdvice [ExceptionAdvice.java:23] org.springframework.aop.framework.CglibAopProxy$CglibMethodInvocation.proceed(CglibAopProxy.java:749)
2020-05-09 08:44:42,953 ERROR [http-nio-15213-exec-6] c.n.c.c.a.ExceptionAdvice [ExceptionAdvice.java:23] org.springframework.aop.interceptor.ExposeInvocationInterceptor.invoke(ExposeInvocationInterceptor.java:95)
2020-05-09 08:44:42,953 ERROR [http-nio-15213-exec-6] c.n.c.c.a.ExceptionAdvice [ExceptionAdvice.java:23] org.springframework.aop.framework.ReflectiveMethodInvocation.proceed(ReflectiveMethodInvocation.java:186)
2020-05-09 08:44:42,953 ERROR [http-nio-15213-exec-6] c.n.c.c.a.ExceptionAdvice [ExceptionAdvice.java:23] org.springframework.aop.framework.CglibAopProxy$CglibMethodInvocation.proceed(CglibAopProxy.java:749)
2020-05-09 08:44:42,954 ERROR [http-nio-15213-exec-6] c.n.c.c.a.ExceptionAdvice [ExceptionAdvice.java:23] org.springframework.aop.framework.CglibAopProxy$DynamicAdvisedInterceptor.intercept(CglibAopProxy.java:691)
2020-05-09 08:44:42,954 ERROR [http-nio-15213-exec-6] c.n.c.c.a.ExceptionAdvice [ExceptionAdvice.java:23] com.nowcoder.community.service.DiscussPostService$$EnhancerBySpringCGLIB$$63ded30e.findDiscussPostsRows(<generated>)
2020-05-09 08:44:42,954 ERROR [http-nio-15213-exec-6] c.n.c.c.a.ExceptionAdvice [ExceptionAdvice.java:23] com.nowcoder.community.controller.HomeController.getIndexPage(HomeController.java:28)
2020-05-09 08:44:42,955 ERROR [http-nio-15213-exec-6] c.n.c.c.a.ExceptionAdvice [ExceptionAdvice.java:23] java.base/jdk.internal.reflect.NativeMethodAccessorImpl.invoke0(Native Method)
2020-05-09 08:44:42,955 ERROR [http-nio-15213-exec-6] c.n.c.c.a.ExceptionAdvice [ExceptionAdvice.java:23] java.base/jdk.internal.reflect.NativeMethodAccessorImpl.invoke(NativeMethodAccessorImpl.java:62)
2020-05-09 08:44:42,956 ERROR [http-nio-15213-exec-6] c.n.c.c.a.ExceptionAdvice [ExceptionAdvice.java:23] java.base/jdk.internal.reflect.DelegatingMethodAccessorImpl.invoke(DelegatingMethodAccessorImpl.java:43)
2020-05-09 08:44:42,956 ERROR [http-nio-15213-exec-6] c.n.c.c.a.ExceptionAdvice [ExceptionAdvice.java:23] java.base/java.lang.reflect.Method.invoke(Method.java:564)
2020-05-09 08:44:42,956 ERROR [http-nio-15213-exec-6] c.n.c.c.a.ExceptionAdvice [ExceptionAdvice.java:23] org.springframework.web.method.support.InvocableHandlerMethod.doInvoke(InvocableHandlerMethod.java:190)
2020-05-09 08:44:42,957 ERROR [http-nio-15213-exec-6] c.n.c.c.a.ExceptionAdvice [ExceptionAdvice.java:23] org.springframework.web.method.support.InvocableHandlerMethod.invokeForRequest(InvocableHandlerMethod.java:138)
2020-05-09 08:44:42,957 ERROR [http-nio-15213-exec-6] c.n.c.c.a.ExceptionAdvice [ExceptionAdvice.java:23] org.springframework.web.servlet.mvc.method.annotation.ServletInvocableHandlerMethod.invokeAndHandle(ServletInvocableHandlerMethod.java:106)
2020-05-09 08:44:42,957 ERROR [http-nio-15213-exec-6] c.n.c.c.a.ExceptionAdvice [ExceptionAdvice.java:23] org.springframework.web.servlet.mvc.method.annotation.RequestMappingHandlerAdapter.invokeHandlerMethod(RequestMappingHandlerAdapter.java:879)
2020-05-09 08:44:42,958 ERROR [http-nio-15213-exec-6] c.n.c.c.a.ExceptionAdvice [ExceptionAdvice.java:23] org.springframework.web.servlet.mvc.method.annotation.RequestMappingHandlerAdapter.handleInternal(RequestMappingHandlerAdapter.java:793)
2020-05-09 08:44:42,958 ERROR [http-nio-15213-exec-6] c.n.c.c.a.ExceptionAdvice [ExceptionAdvice.java:23] org.springframework.web.servlet.mvc.method.AbstractHandlerMethodAdapter.handle(AbstractHandlerMethodAdapter.java:87)
2020-05-09 08:44:42,958 ERROR [http-nio-15213-exec-6] c.n.c.c.a.ExceptionAdvice [ExceptionAdvice.java:23] org.springframework.web.servlet.DispatcherServlet.doDispatch(DispatcherServlet.java:1040)
2020-05-09 08:44:42,959 ERROR [http-nio-15213-exec-6] c.n.c.c.a.ExceptionAdvice [ExceptionAdvice.java:23] org.springframework.web.servlet.DispatcherServlet.doService(DispatcherServlet.java:943)
2020-05-09 08:44:42,959 ERROR [http-nio-15213-exec-6] c.n.c.c.a.ExceptionAdvice [ExceptionAdvice.java:23] org.springframework.web.servlet.FrameworkServlet.processRequest(FrameworkServlet.java:1006)
2020-05-09 08:44:42,959 ERROR [http-nio-15213-exec-6] c.n.c.c.a.ExceptionAdvice [ExceptionAdvice.java:23] org.springframework.web.servlet.FrameworkServlet.doGet(FrameworkServlet.java:898)
2020-05-09 08:44:42,960 ERROR [http-nio-15213-exec-6] c.n.c.c.a.ExceptionAdvice [ExceptionAdvice.java:23] javax.servlet.http.HttpServlet.service(HttpServlet.java:634)
2020-05-09 08:44:42,960 ERROR [http-nio-15213-exec-6] c.n.c.c.a.ExceptionAdvice [ExceptionAdvice.java:23] org.springframework.web.servlet.FrameworkServlet.service(FrameworkServlet.java:883)
2020-05-09 08:44:42,960 ERROR [http-nio-15213-exec-6] c.n.c.c.a.ExceptionAdvice [ExceptionAdvice.java:23] javax.servlet.http.HttpServlet.service(HttpServlet.java:741)
2020-05-09 08:44:42,961 ERROR [http-nio-15213-exec-6] c.n.c.c.a.ExceptionAdvice [ExceptionAdvice.java:23] org.apache.catalina.core.ApplicationFilterChain.internalDoFilter(ApplicationFilterChain.java:231)
2020-05-09 08:44:42,961 ERROR [http-nio-15213-exec-6] c.n.c.c.a.ExceptionAdvice [ExceptionAdvice.java:23] org.apache.catalina.core.ApplicationFilterChain.doFilter(ApplicationFilterChain.java:166)
2020-05-09 08:44:42,961 ERROR [http-nio-15213-exec-6] c.n.c.c.a.ExceptionAdvice [ExceptionAdvice.java:23] org.apache.tomcat.websocket.server.WsFilter.doFilter(WsFilter.java:53)
2020-05-09 08:44:42,962 ERROR [http-nio-15213-exec-6] c.n.c.c.a.ExceptionAdvice [ExceptionAdvice.java:23] org.apache.catalina.core.ApplicationFilterChain.internalDoFilter(ApplicationFilterChain.java:193)
2020-05-09 08:44:42,962 ERROR [http-nio-15213-exec-6] c.n.c.c.a.ExceptionAdvice [ExceptionAdvice.java:23] org.apache.catalina.core.ApplicationFilterChain.doFilter(ApplicationFilterChain.java:166)
2020-05-09 08:44:42,962 ERROR [http-nio-15213-exec-6] c.n.c.c.a.ExceptionAdvice [ExceptionAdvice.java:23] org.springframework.web.filter.RequestContextFilter.doFilterInternal(RequestContextFilter.java:100)
2020-05-09 08:44:42,963 ERROR [http-nio-15213-exec-6] c.n.c.c.a.ExceptionAdvice [ExceptionAdvice.java:23] org.springframework.web.filter.OncePerRequestFilter.doFilter(OncePerRequestFilter.java:119)
2020-05-09 08:44:42,963 ERROR [http-nio-15213-exec-6] c.n.c.c.a.ExceptionAdvice [ExceptionAdvice.java:23] org.apache.catalina.core.ApplicationFilterChain.internalDoFilter(ApplicationFilterChain.java:193)
2020-05-09 08:44:42,963 ERROR [http-nio-15213-exec-6] c.n.c.c.a.ExceptionAdvice [ExceptionAdvice.java:23] org.apache.catalina.core.ApplicationFilterChain.doFilter(ApplicationFilterChain.java:166)
2020-05-09 08:44:42,963 ERROR [http-nio-15213-exec-6] c.n.c.c.a.ExceptionAdvice [ExceptionAdvice.java:23] org.springframework.web.filter.FormContentFilter.doFilterInternal(FormContentFilter.java:93)
2020-05-09 08:44:42,964 ERROR [http-nio-15213-exec-6] c.n.c.c.a.ExceptionAdvice [ExceptionAdvice.java:23] org.springframework.web.filter.OncePerRequestFilter.doFilter(OncePerRequestFilter.java:119)
2020-05-09 08:44:42,964 ERROR [http-nio-15213-exec-6] c.n.c.c.a.ExceptionAdvice [ExceptionAdvice.java:23] org.apache.catalina.core.ApplicationFilterChain.internalDoFilter(ApplicationFilterChain.java:193)
2020-05-09 08:44:42,964 ERROR [http-nio-15213-exec-6] c.n.c.c.a.ExceptionAdvice [ExceptionAdvice.java:23] org.apache.catalina.core.ApplicationFilterChain.doFilter(ApplicationFilterChain.java:166)
2020-05-09 08:44:42,965 ERROR [http-nio-15213-exec-6] c.n.c.c.a.ExceptionAdvice [ExceptionAdvice.java:23] org.springframework.web.filter.CharacterEncodingFilter.doFilterInternal(CharacterEncodingFilter.java:201)
2020-05-09 08:44:42,965 ERROR [http-nio-15213-exec-6] c.n.c.c.a.ExceptionAdvice [ExceptionAdvice.java:23] org.springframework.web.filter.OncePerRequestFilter.doFilter(OncePerRequestFilter.java:119)
2020-05-09 08:44:42,965 ERROR [http-nio-15213-exec-6] c.n.c.c.a.ExceptionAdvice [ExceptionAdvice.java:23] org.apache.catalina.core.ApplicationFilterChain.internalDoFilter(ApplicationFilterChain.java:193)
2020-05-09 08:44:42,966 ERROR [http-nio-15213-exec-6] c.n.c.c.a.ExceptionAdvice [ExceptionAdvice.java:23] org.apache.catalina.core.ApplicationFilterChain.doFilter(ApplicationFilterChain.java:166)
2020-05-09 08:44:42,966 ERROR [http-nio-15213-exec-6] c.n.c.c.a.ExceptionAdvice [ExceptionAdvice.java:23] org.apache.catalina.core.StandardWrapperValve.invoke(StandardWrapperValve.java:202)
2020-05-09 08:44:42,966 ERROR [http-nio-15213-exec-6] c.n.c.c.a.ExceptionAdvice [ExceptionAdvice.java:23] org.apache.catalina.core.StandardContextValve.invoke(StandardContextValve.java:96)
2020-05-09 08:44:42,967 ERROR [http-nio-15213-exec-6] c.n.c.c.a.ExceptionAdvice [ExceptionAdvice.java:23] org.apache.catalina.authenticator.AuthenticatorBase.invoke(AuthenticatorBase.java:541)
2020-05-09 08:44:42,967 ERROR [http-nio-15213-exec-6] c.n.c.c.a.ExceptionAdvice [ExceptionAdvice.java:23] org.apache.catalina.core.StandardHostValve.invoke(StandardHostValve.java:139)
2020-05-09 08:44:42,967 ERROR [http-nio-15213-exec-6] c.n.c.c.a.ExceptionAdvice [ExceptionAdvice.java:23] org.apache.catalina.valves.ErrorReportValve.invoke(ErrorReportValve.java:92)
2020-05-09 08:44:42,968 ERROR [http-nio-15213-exec-6] c.n.c.c.a.ExceptionAdvice [ExceptionAdvice.java:23] org.apache.catalina.core.StandardEngineValve.invoke(StandardEngineValve.java:74)
2020-05-09 08:44:42,968 ERROR [http-nio-15213-exec-6] c.n.c.c.a.ExceptionAdvice [ExceptionAdvice.java:23] org.apache.catalina.connector.CoyoteAdapter.service(CoyoteAdapter.java:343)
2020-05-09 08:44:42,968 ERROR [http-nio-15213-exec-6] c.n.c.c.a.ExceptionAdvice [ExceptionAdvice.java:23] org.apache.coyote.http11.Http11Processor.service(Http11Processor.java:367)
2020-05-09 08:44:42,969 ERROR [http-nio-15213-exec-6] c.n.c.c.a.ExceptionAdvice [ExceptionAdvice.java:23] org.apache.coyote.AbstractProcessorLight.process(AbstractProcessorLight.java:65)
2020-05-09 08:44:42,969 ERROR [http-nio-15213-exec-6] c.n.c.c.a.ExceptionAdvice [ExceptionAdvice.java:23] org.apache.coyote.AbstractProtocol$ConnectionHandler.process(AbstractProtocol.java:868)
2020-05-09 08:44:42,969 ERROR [http-nio-15213-exec-6] c.n.c.c.a.ExceptionAdvice [ExceptionAdvice.java:23] org.apache.tomcat.util.net.NioEndpoint$SocketProcessor.doRun(NioEndpoint.java:1639)
2020-05-09 08:44:42,969 ERROR [http-nio-15213-exec-6] c.n.c.c.a.ExceptionAdvice [ExceptionAdvice.java:23] org.apache.tomcat.util.net.SocketProcessorBase.run(SocketProcessorBase.java:49)
2020-05-09 08:44:42,970 ERROR [http-nio-15213-exec-6] c.n.c.c.a.ExceptionAdvice [ExceptionAdvice.java:23] java.base/java.util.concurrent.ThreadPoolExecutor.runWorker(ThreadPoolExecutor.java:1135)
2020-05-09 08:44:42,970 ERROR [http-nio-15213-exec-6] c.n.c.c.a.ExceptionAdvice [ExceptionAdvice.java:23] java.base/java.util.concurrent.ThreadPoolExecutor$Worker.run(ThreadPoolExecutor.java:635)
2020-05-09 08:44:42,970 ERROR [http-nio-15213-exec-6] c.n.c.c.a.ExceptionAdvice [ExceptionAdvice.java:23] org.apache.tomcat.util.threads.TaskThread$WrappingRunnable.run(TaskThread.java:61)
2020-05-09 08:44:42,971 ERROR [http-nio-15213-exec-6] c.n.c.c.a.ExceptionAdvice [ExceptionAdvice.java:23] java.base/java.lang.Thread.run(Thread.java:844)
