[2020-05-21T09:58:59,432][INFO ][o.e.n.Node               ] [] initializing ...
[2020-05-21T09:58:59,517][INFO ][o.e.e.NodeEnvironment    ] [wCPyihr] using [1] data paths, mounts [[Samsung_T5 (D:)]], net usable_space [59gb], net total_space [465.7gb], types [exFAT]
[2020-05-21T09:58:59,518][INFO ][o.e.e.NodeEnvironment    ] [wCPyihr] heap size [989.8mb], compressed ordinary object pointers [true]
[2020-05-21T09:58:59,668][INFO ][o.e.n.Node               ] [wCPyihr] node name derived from node ID [wCPyihruTGWSFxe7g3TqCg]; set [node.name] to override
[2020-05-21T09:58:59,668][INFO ][o.e.n.Node               ] [wCPyihr] version[6.4.3], pid[9168], build[default/zip/fe40335/2018-10-30T23:17:19.084789Z], OS[Windows 10/10.0/amd64], JVM["Oracle Corporation"/OpenJDK 64-Bit Server VM/10.0.2/10.0.2+13]
[2020-05-21T09:58:59,669][INFO ][o.e.n.Node               ] [wCPyihr] JVM arguments [-Xms1g, -Xmx1g, -XX:+UseConcMarkSweepGC, -XX:CMSInitiatingOccupancyFraction=75, -XX:+UseCMSInitiatingOccupancyOnly, -XX:+AlwaysPreTouch, -Xss1m, -Djava.awt.headless=true, -Dfile.encoding=UTF-8, -Djna.nosys=true, -XX:-OmitStackTraceInFastThrow, -Dio.netty.noUnsafe=true, -Dio.netty.noKeySetOptimization=true, -Dio.netty.recycler.maxCapacityPerThread=0, -Dlog4j.shutdownHookEnabled=false, -Dlog4j2.disable.jmx=true, -Djava.io.tmpdir=C:\Users\zhang\AppData\Local\Temp\elasticsearch, -XX:+HeapDumpOnOutOfMemoryError, -XX:HeapDumpPath=data, -XX:ErrorFile=logs/hs_err_pid%p.log, -Xlog:gc*,gc+age=trace,safepoint:file=logs/gc.log:utctime,pid,tags:filecount=32,filesize=64m, -Djava.locale.providers=COMPAT, -XX:UseAVX=2, -Delasticsearch, -Des.path.home=D:\Java\nowcoder_project\elasticsearch-6.4.3, -Des.path.conf=D:\Java\nowcoder_project\elasticsearch-6.4.3\config, -Des.distribution.flavor=default, -Des.distribution.type=zip]
[2020-05-21T09:59:04,879][INFO ][o.e.p.PluginsService     ] [wCPyihr] loaded module [aggs-matrix-stats]
[2020-05-21T09:59:04,879][INFO ][o.e.p.PluginsService     ] [wCPyihr] loaded module [analysis-common]
[2020-05-21T09:59:04,880][INFO ][o.e.p.PluginsService     ] [wCPyihr] loaded module [ingest-common]
[2020-05-21T09:59:04,880][INFO ][o.e.p.PluginsService     ] [wCPyihr] loaded module [lang-expression]
[2020-05-21T09:59:04,880][INFO ][o.e.p.PluginsService     ] [wCPyihr] loaded module [lang-mustache]
[2020-05-21T09:59:04,880][INFO ][o.e.p.PluginsService     ] [wCPyihr] loaded module [lang-painless]
[2020-05-21T09:59:04,880][INFO ][o.e.p.PluginsService     ] [wCPyihr] loaded module [mapper-extras]
[2020-05-21T09:59:04,880][INFO ][o.e.p.PluginsService     ] [wCPyihr] loaded module [parent-join]
[2020-05-21T09:59:04,881][INFO ][o.e.p.PluginsService     ] [wCPyihr] loaded module [percolator]
[2020-05-21T09:59:04,881][INFO ][o.e.p.PluginsService     ] [wCPyihr] loaded module [rank-eval]
[2020-05-21T09:59:04,881][INFO ][o.e.p.PluginsService     ] [wCPyihr] loaded module [reindex]
[2020-05-21T09:59:04,881][INFO ][o.e.p.PluginsService     ] [wCPyihr] loaded module [repository-url]
[2020-05-21T09:59:04,881][INFO ][o.e.p.PluginsService     ] [wCPyihr] loaded module [transport-netty4]
[2020-05-21T09:59:04,882][INFO ][o.e.p.PluginsService     ] [wCPyihr] loaded module [tribe]
[2020-05-21T09:59:04,883][INFO ][o.e.p.PluginsService     ] [wCPyihr] loaded module [x-pack-core]
[2020-05-21T09:59:04,884][INFO ][o.e.p.PluginsService     ] [wCPyihr] loaded module [x-pack-deprecation]
[2020-05-21T09:59:04,885][INFO ][o.e.p.PluginsService     ] [wCPyihr] loaded module [x-pack-graph]
[2020-05-21T09:59:04,885][INFO ][o.e.p.PluginsService     ] [wCPyihr] loaded module [x-pack-logstash]
[2020-05-21T09:59:04,886][INFO ][o.e.p.PluginsService     ] [wCPyihr] loaded module [x-pack-ml]
[2020-05-21T09:59:04,886][INFO ][o.e.p.PluginsService     ] [wCPyihr] loaded module [x-pack-monitoring]
[2020-05-21T09:59:04,887][INFO ][o.e.p.PluginsService     ] [wCPyihr] loaded module [x-pack-rollup]
[2020-05-21T09:59:04,888][INFO ][o.e.p.PluginsService     ] [wCPyihr] loaded module [x-pack-security]
[2020-05-21T09:59:04,889][INFO ][o.e.p.PluginsService     ] [wCPyihr] loaded module [x-pack-sql]
[2020-05-21T09:59:04,912][INFO ][o.e.p.PluginsService     ] [wCPyihr] loaded module [x-pack-upgrade]
[2020-05-21T09:59:04,914][INFO ][o.e.p.PluginsService     ] [wCPyihr] loaded module [x-pack-watcher]
[2020-05-21T09:59:04,915][INFO ][o.e.p.PluginsService     ] [wCPyihr] loaded plugin [analysis-ik]
[2020-05-21T09:59:10,833][INFO ][o.e.x.s.a.s.FileRolesStore] [wCPyihr] parsed [0] roles from file [D:\Java\nowcoder_project\elasticsearch-6.4.3\config\roles.yml]
[2020-05-21T09:59:11,774][INFO ][o.e.x.m.j.p.l.CppLogMessageHandler] [controller/24516] [Main.cc@109] controller (64 bit): Version 6.4.3 (Build 7a0781676dd492) Copyright (c) 2018 Elasticsearch BV
[2020-05-21T09:59:12,209][DEBUG][o.e.a.ActionModule       ] Using REST wrapper from plugin org.elasticsearch.xpack.security.Security
[2020-05-21T09:59:12,537][INFO ][o.e.d.DiscoveryModule    ] [wCPyihr] using discovery type [zen]
[2020-05-21T09:59:13,358][INFO ][o.e.n.Node               ] [wCPyihr] initialized
[2020-05-21T09:59:13,358][INFO ][o.e.n.Node               ] [wCPyihr] starting ...
[2020-05-21T09:59:16,915][INFO ][o.e.t.TransportService   ] [wCPyihr] publish_address {127.0.0.1:9300}, bound_addresses {127.0.0.1:9300}, {[::1]:9300}
[2020-05-21T09:59:20,154][INFO ][o.e.c.s.MasterService    ] [wCPyihr] zen-disco-elected-as-master ([0] nodes joined)[, ], reason: new_master {wCPyihr}{wCPyihruTGWSFxe7g3TqCg}{rBNDGwGBQsiuAQs0XxfHeQ}{127.0.0.1}{127.0.0.1:9300}{ml.machine_memory=8511229952, xpack.installed=true, ml.max_open_jobs=20, ml.enabled=true}
[2020-05-21T09:59:20,163][INFO ][o.e.c.s.ClusterApplierService] [wCPyihr] new_master {wCPyihr}{wCPyihruTGWSFxe7g3TqCg}{rBNDGwGBQsiuAQs0XxfHeQ}{127.0.0.1}{127.0.0.1:9300}{ml.machine_memory=8511229952, xpack.installed=true, ml.max_open_jobs=20, ml.enabled=true}, reason: apply cluster state (from master [master {wCPyihr}{wCPyihruTGWSFxe7g3TqCg}{rBNDGwGBQsiuAQs0XxfHeQ}{127.0.0.1}{127.0.0.1:9300}{ml.machine_memory=8511229952, xpack.installed=true, ml.max_open_jobs=20, ml.enabled=true} committed version [1] source [zen-disco-elected-as-master ([0] nodes joined)[, ]]])
[2020-05-21T09:59:20,316][INFO ][o.w.a.d.Monitor          ] try load config from D:\Java\nowcoder_project\elasticsearch-6.4.3\config\analysis-ik\IKAnalyzer.cfg.xml
[2020-05-21T09:59:20,385][INFO ][o.w.a.d.Monitor          ] try load config from D:\Java\nowcoder_project\elasticsearch-6.4.3\plugins\ik\config\IKAnalyzer.cfg.xml
[2020-05-21T09:59:21,656][WARN ][o.e.x.s.a.s.m.NativeRoleMappingStore] [wCPyihr] Failed to clear cache for realms [[]]
[2020-05-21T09:59:21,711][INFO ][o.e.l.LicenseService     ] [wCPyihr] license [df1e5d01-b973-475a-be1d-981f77f4541d] mode [basic] - valid
[2020-05-21T09:59:21,812][INFO ][o.e.g.GatewayService     ] [wCPyihr] recovered [2] indices into cluster_state
[2020-05-21T09:59:23,769][INFO ][o.e.c.r.a.AllocationService] [wCPyihr] Cluster health status changed from [RED] to [YELLOW] (reason: [shards started [[test][2], [test][4]] ...]).
[2020-05-21T09:59:24,499][INFO ][o.e.x.s.t.n.SecurityNetty4HttpServerTransport] [wCPyihr] publish_address {127.0.0.1:9200}, bound_addresses {127.0.0.1:9200}, {[::1]:9200}
[2020-05-21T09:59:24,508][INFO ][o.e.n.Node               ] [wCPyihr] started
[2020-05-21T09:59:50,227][INFO ][o.e.c.r.a.DiskThresholdMonitor] [wCPyihr] low disk watermark [85%] exceeded on [wCPyihruTGWSFxe7g3TqCg][wCPyihr][D:\Java\nowcoder_project\data\elasticsearch-6.4.3\data\nodes\0] free: 59gb[12.6%], replicas will not be assigned to this node
[2020-05-21T10:00:20,232][INFO ][o.e.c.r.a.DiskThresholdMonitor] [wCPyihr] low disk watermark [85%] exceeded on [wCPyihruTGWSFxe7g3TqCg][wCPyihr][D:\Java\nowcoder_project\data\elasticsearch-6.4.3\data\nodes\0] free: 59gb[12.6%], replicas will not be assigned to this node
[2020-05-21T10:00:50,236][INFO ][o.e.c.r.a.DiskThresholdMonitor] [wCPyihr] low disk watermark [85%] exceeded on [wCPyihruTGWSFxe7g3TqCg][wCPyihr][D:\Java\nowcoder_project\data\elasticsearch-6.4.3\data\nodes\0] free: 59gb[12.6%], replicas will not be assigned to this node
[2020-05-21T10:01:20,244][INFO ][o.e.c.r.a.DiskThresholdMonitor] [wCPyihr] low disk watermark [85%] exceeded on [wCPyihruTGWSFxe7g3TqCg][wCPyihr][D:\Java\nowcoder_project\data\elasticsearch-6.4.3\data\nodes\0] free: 59gb[12.6%], replicas will not be assigned to this node
[2020-05-21T10:01:50,248][INFO ][o.e.c.r.a.DiskThresholdMonitor] [wCPyihr] low disk watermark [85%] exceeded on [wCPyihruTGWSFxe7g3TqCg][wCPyihr][D:\Java\nowcoder_project\data\elasticsearch-6.4.3\data\nodes\0] free: 59gb[12.6%], replicas will not be assigned to this node
[2020-05-21T10:02:20,255][INFO ][o.e.c.r.a.DiskThresholdMonitor] [wCPyihr] low disk watermark [85%] exceeded on [wCPyihruTGWSFxe7g3TqCg][wCPyihr][D:\Java\nowcoder_project\data\elasticsearch-6.4.3\data\nodes\0] free: 59gb[12.6%], replicas will not be assigned to this node
[2020-05-21T10:02:50,259][INFO ][o.e.c.r.a.DiskThresholdMonitor] [wCPyihr] low disk watermark [85%] exceeded on [wCPyihruTGWSFxe7g3TqCg][wCPyihr][D:\Java\nowcoder_project\data\elasticsearch-6.4.3\data\nodes\0] free: 59gb[12.6%], replicas will not be assigned to this node
[2020-05-21T10:03:20,269][INFO ][o.e.c.r.a.DiskThresholdMonitor] [wCPyihr] low disk watermark [85%] exceeded on [wCPyihruTGWSFxe7g3TqCg][wCPyihr][D:\Java\nowcoder_project\data\elasticsearch-6.4.3\data\nodes\0] free: 59gb[12.6%], replicas will not be assigned to this node
[2020-05-21T10:03:50,290][INFO ][o.e.c.r.a.DiskThresholdMonitor] [wCPyihr] low disk watermark [85%] exceeded on [wCPyihruTGWSFxe7g3TqCg][wCPyihr][D:\Java\nowcoder_project\data\elasticsearch-6.4.3\data\nodes\0] free: 58.9gb[12.6%], replicas will not be assigned to this node
[2020-05-21T10:04:20,298][INFO ][o.e.c.r.a.DiskThresholdMonitor] [wCPyihr] low disk watermark [85%] exceeded on [wCPyihruTGWSFxe7g3TqCg][wCPyihr][D:\Java\nowcoder_project\data\elasticsearch-6.4.3\data\nodes\0] free: 58.9gb[12.6%], replicas will not be assigned to this node
[2020-05-21T10:04:50,301][INFO ][o.e.c.r.a.DiskThresholdMonitor] [wCPyihr] low disk watermark [85%] exceeded on [wCPyihruTGWSFxe7g3TqCg][wCPyihr][D:\Java\nowcoder_project\data\elasticsearch-6.4.3\data\nodes\0] free: 58.9gb[12.6%], replicas will not be assigned to this node
[2020-05-21T10:05:20,307][INFO ][o.e.c.r.a.DiskThresholdMonitor] [wCPyihr] low disk watermark [85%] exceeded on [wCPyihruTGWSFxe7g3TqCg][wCPyihr][D:\Java\nowcoder_project\data\elasticsearch-6.4.3\data\nodes\0] free: 58.9gb[12.6%], replicas will not be assigned to this node
[2020-05-21T10:05:50,311][INFO ][o.e.c.r.a.DiskThresholdMonitor] [wCPyihr] low disk watermark [85%] exceeded on [wCPyihruTGWSFxe7g3TqCg][wCPyihr][D:\Java\nowcoder_project\data\elasticsearch-6.4.3\data\nodes\0] free: 58.9gb[12.6%], replicas will not be assigned to this node
[2020-05-21T10:06:20,314][INFO ][o.e.c.r.a.DiskThresholdMonitor] [wCPyihr] low disk watermark [85%] exceeded on [wCPyihruTGWSFxe7g3TqCg][wCPyihr][D:\Java\nowcoder_project\data\elasticsearch-6.4.3\data\nodes\0] free: 58.9gb[12.6%], replicas will not be assigned to this node
[2020-05-21T10:06:50,318][INFO ][o.e.c.r.a.DiskThresholdMonitor] [wCPyihr] low disk watermark [85%] exceeded on [wCPyihruTGWSFxe7g3TqCg][wCPyihr][D:\Java\nowcoder_project\data\elasticsearch-6.4.3\data\nodes\0] free: 58.9gb[12.6%], replicas will not be assigned to this node
[2020-05-21T10:07:20,321][INFO ][o.e.c.r.a.DiskThresholdMonitor] [wCPyihr] low disk watermark [85%] exceeded on [wCPyihruTGWSFxe7g3TqCg][wCPyihr][D:\Java\nowcoder_project\data\elasticsearch-6.4.3\data\nodes\0] free: 58.9gb[12.6%], replicas will not be assigned to this node
[2020-05-21T10:07:50,324][INFO ][o.e.c.r.a.DiskThresholdMonitor] [wCPyihr] low disk watermark [85%] exceeded on [wCPyihruTGWSFxe7g3TqCg][wCPyihr][D:\Java\nowcoder_project\data\elasticsearch-6.4.3\data\nodes\0] free: 58.9gb[12.6%], replicas will not be assigned to this node
[2020-05-21T10:08:20,330][INFO ][o.e.c.r.a.DiskThresholdMonitor] [wCPyihr] low disk watermark [85%] exceeded on [wCPyihruTGWSFxe7g3TqCg][wCPyihr][D:\Java\nowcoder_project\data\elasticsearch-6.4.3\data\nodes\0] free: 58.9gb[12.6%], replicas will not be assigned to this node
[2020-05-21T10:08:50,338][INFO ][o.e.c.r.a.DiskThresholdMonitor] [wCPyihr] low disk watermark [85%] exceeded on [wCPyihruTGWSFxe7g3TqCg][wCPyihr][D:\Java\nowcoder_project\data\elasticsearch-6.4.3\data\nodes\0] free: 58.9gb[12.6%], replicas will not be assigned to this node
[2020-05-21T10:09:20,341][INFO ][o.e.c.r.a.DiskThresholdMonitor] [wCPyihr] low disk watermark [85%] exceeded on [wCPyihruTGWSFxe7g3TqCg][wCPyihr][D:\Java\nowcoder_project\data\elasticsearch-6.4.3\data\nodes\0] free: 58.9gb[12.6%], replicas will not be assigned to this node
[2020-05-21T10:09:50,342][INFO ][o.e.c.r.a.DiskThresholdMonitor] [wCPyihr] low disk watermark [85%] exceeded on [wCPyihruTGWSFxe7g3TqCg][wCPyihr][D:\Java\nowcoder_project\data\elasticsearch-6.4.3\data\nodes\0] free: 58.9gb[12.6%], replicas will not be assigned to this node
[2020-05-21T10:10:20,346][INFO ][o.e.c.r.a.DiskThresholdMonitor] [wCPyihr] low disk watermark [85%] exceeded on [wCPyihruTGWSFxe7g3TqCg][wCPyihr][D:\Java\nowcoder_project\data\elasticsearch-6.4.3\data\nodes\0] free: 58.9gb[12.6%], replicas will not be assigned to this node
[2020-05-21T10:10:50,347][INFO ][o.e.c.r.a.DiskThresholdMonitor] [wCPyihr] low disk watermark [85%] exceeded on [wCPyihruTGWSFxe7g3TqCg][wCPyihr][D:\Java\nowcoder_project\data\elasticsearch-6.4.3\data\nodes\0] free: 58.9gb[12.6%], replicas will not be assigned to this node
[2020-05-21T10:11:20,359][INFO ][o.e.c.r.a.DiskThresholdMonitor] [wCPyihr] low disk watermark [85%] exceeded on [wCPyihruTGWSFxe7g3TqCg][wCPyihr][D:\Java\nowcoder_project\data\elasticsearch-6.4.3\data\nodes\0] free: 58.9gb[12.6%], replicas will not be assigned to this node
[2020-05-21T10:11:50,362][INFO ][o.e.c.r.a.DiskThresholdMonitor] [wCPyihr] low disk watermark [85%] exceeded on [wCPyihruTGWSFxe7g3TqCg][wCPyihr][D:\Java\nowcoder_project\data\elasticsearch-6.4.3\data\nodes\0] free: 58.9gb[12.6%], replicas will not be assigned to this node
[2020-05-21T10:12:20,366][INFO ][o.e.c.r.a.DiskThresholdMonitor] [wCPyihr] low disk watermark [85%] exceeded on [wCPyihruTGWSFxe7g3TqCg][wCPyihr][D:\Java\nowcoder_project\data\elasticsearch-6.4.3\data\nodes\0] free: 58.9gb[12.6%], replicas will not be assigned to this node
[2020-05-21T10:12:50,369][INFO ][o.e.c.r.a.DiskThresholdMonitor] [wCPyihr] low disk watermark [85%] exceeded on [wCPyihruTGWSFxe7g3TqCg][wCPyihr][D:\Java\nowcoder_project\data\elasticsearch-6.4.3\data\nodes\0] free: 58.9gb[12.6%], replicas will not be assigned to this node
[2020-05-21T10:13:20,372][INFO ][o.e.c.r.a.DiskThresholdMonitor] [wCPyihr] low disk watermark [85%] exceeded on [wCPyihruTGWSFxe7g3TqCg][wCPyihr][D:\Java\nowcoder_project\data\elasticsearch-6.4.3\data\nodes\0] free: 58.9gb[12.6%], replicas will not be assigned to this node
[2020-05-21T10:13:50,375][INFO ][o.e.c.r.a.DiskThresholdMonitor] [wCPyihr] low disk watermark [85%] exceeded on [wCPyihruTGWSFxe7g3TqCg][wCPyihr][D:\Java\nowcoder_project\data\elasticsearch-6.4.3\data\nodes\0] free: 58.9gb[12.6%], replicas will not be assigned to this node
[2020-05-21T10:14:20,379][INFO ][o.e.c.r.a.DiskThresholdMonitor] [wCPyihr] low disk watermark [85%] exceeded on [wCPyihruTGWSFxe7g3TqCg][wCPyihr][D:\Java\nowcoder_project\data\elasticsearch-6.4.3\data\nodes\0] free: 58.9gb[12.6%], replicas will not be assigned to this node
[2020-05-21T10:14:50,383][INFO ][o.e.c.r.a.DiskThresholdMonitor] [wCPyihr] low disk watermark [85%] exceeded on [wCPyihruTGWSFxe7g3TqCg][wCPyihr][D:\Java\nowcoder_project\data\elasticsearch-6.4.3\data\nodes\0] free: 58.9gb[12.6%], replicas will not be assigned to this node
[2020-05-21T10:15:20,385][INFO ][o.e.c.r.a.DiskThresholdMonitor] [wCPyihr] low disk watermark [85%] exceeded on [wCPyihruTGWSFxe7g3TqCg][wCPyihr][D:\Java\nowcoder_project\data\elasticsearch-6.4.3\data\nodes\0] free: 58.9gb[12.6%], replicas will not be assigned to this node
[2020-05-21T10:15:50,388][INFO ][o.e.c.r.a.DiskThresholdMonitor] [wCPyihr] low disk watermark [85%] exceeded on [wCPyihruTGWSFxe7g3TqCg][wCPyihr][D:\Java\nowcoder_project\data\elasticsearch-6.4.3\data\nodes\0] free: 58.9gb[12.6%], replicas will not be assigned to this node
[2020-05-21T10:16:20,396][INFO ][o.e.c.r.a.DiskThresholdMonitor] [wCPyihr] low disk watermark [85%] exceeded on [wCPyihruTGWSFxe7g3TqCg][wCPyihr][D:\Java\nowcoder_project\data\elasticsearch-6.4.3\data\nodes\0] free: 58.9gb[12.6%], replicas will not be assigned to this node
[2020-05-21T10:16:50,399][INFO ][o.e.c.r.a.DiskThresholdMonitor] [wCPyihr] low disk watermark [85%] exceeded on [wCPyihruTGWSFxe7g3TqCg][wCPyihr][D:\Java\nowcoder_project\data\elasticsearch-6.4.3\data\nodes\0] free: 58.9gb[12.6%], replicas will not be assigned to this node
[2020-05-21T10:17:20,404][INFO ][o.e.c.r.a.DiskThresholdMonitor] [wCPyihr] low disk watermark [85%] exceeded on [wCPyihruTGWSFxe7g3TqCg][wCPyihr][D:\Java\nowcoder_project\data\elasticsearch-6.4.3\data\nodes\0] free: 58.9gb[12.6%], replicas will not be assigned to this node
[2020-05-21T10:17:50,406][INFO ][o.e.c.r.a.DiskThresholdMonitor] [wCPyihr] low disk watermark [85%] exceeded on [wCPyihruTGWSFxe7g3TqCg][wCPyihr][D:\Java\nowcoder_project\data\elasticsearch-6.4.3\data\nodes\0] free: 58.9gb[12.6%], replicas will not be assigned to this node
[2020-05-21T10:18:20,417][INFO ][o.e.c.r.a.DiskThresholdMonitor] [wCPyihr] low disk watermark [85%] exceeded on [wCPyihruTGWSFxe7g3TqCg][wCPyihr][D:\Java\nowcoder_project\data\elasticsearch-6.4.3\data\nodes\0] free: 58.9gb[12.6%], replicas will not be assigned to this node
[2020-05-21T10:18:50,422][INFO ][o.e.c.r.a.DiskThresholdMonitor] [wCPyihr] low disk watermark [85%] exceeded on [wCPyihruTGWSFxe7g3TqCg][wCPyihr][D:\Java\nowcoder_project\data\elasticsearch-6.4.3\data\nodes\0] free: 58.9gb[12.6%], replicas will not be assigned to this node
[2020-05-21T10:19:20,427][INFO ][o.e.c.r.a.DiskThresholdMonitor] [wCPyihr] low disk watermark [85%] exceeded on [wCPyihruTGWSFxe7g3TqCg][wCPyihr][D:\Java\nowcoder_project\data\elasticsearch-6.4.3\data\nodes\0] free: 58.9gb[12.6%], replicas will not be assigned to this node
[2020-05-21T10:19:50,440][INFO ][o.e.c.r.a.DiskThresholdMonitor] [wCPyihr] low disk watermark [85%] exceeded on [wCPyihruTGWSFxe7g3TqCg][wCPyihr][D:\Java\nowcoder_project\data\elasticsearch-6.4.3\data\nodes\0] free: 58.9gb[12.6%], replicas will not be assigned to this node
[2020-05-21T10:20:20,444][INFO ][o.e.c.r.a.DiskThresholdMonitor] [wCPyihr] low disk watermark [85%] exceeded on [wCPyihruTGWSFxe7g3TqCg][wCPyihr][D:\Java\nowcoder_project\data\elasticsearch-6.4.3\data\nodes\0] free: 58.9gb[12.6%], replicas will not be assigned to this node
[2020-05-21T10:20:50,450][INFO ][o.e.c.r.a.DiskThresholdMonitor] [wCPyihr] low disk watermark [85%] exceeded on [wCPyihruTGWSFxe7g3TqCg][wCPyihr][D:\Java\nowcoder_project\data\elasticsearch-6.4.3\data\nodes\0] free: 58.9gb[12.6%], replicas will not be assigned to this node
[2020-05-21T10:21:20,453][INFO ][o.e.c.r.a.DiskThresholdMonitor] [wCPyihr] low disk watermark [85%] exceeded on [wCPyihruTGWSFxe7g3TqCg][wCPyihr][D:\Java\nowcoder_project\data\elasticsearch-6.4.3\data\nodes\0] free: 58.9gb[12.6%], replicas will not be assigned to this node
[2020-05-21T10:21:50,457][INFO ][o.e.c.r.a.DiskThresholdMonitor] [wCPyihr] low disk watermark [85%] exceeded on [wCPyihruTGWSFxe7g3TqCg][wCPyihr][D:\Java\nowcoder_project\data\elasticsearch-6.4.3\data\nodes\0] free: 58.9gb[12.6%], replicas will not be assigned to this node
[2020-05-21T10:22:20,461][INFO ][o.e.c.r.a.DiskThresholdMonitor] [wCPyihr] low disk watermark [85%] exceeded on [wCPyihruTGWSFxe7g3TqCg][wCPyihr][D:\Java\nowcoder_project\data\elasticsearch-6.4.3\data\nodes\0] free: 58.9gb[12.6%], replicas will not be assigned to this node
[2020-05-21T10:22:50,467][INFO ][o.e.c.r.a.DiskThresholdMonitor] [wCPyihr] low disk watermark [85%] exceeded on [wCPyihruTGWSFxe7g3TqCg][wCPyihr][D:\Java\nowcoder_project\data\elasticsearch-6.4.3\data\nodes\0] free: 58.9gb[12.6%], replicas will not be assigned to this node
[2020-05-21T10:23:20,473][INFO ][o.e.c.r.a.DiskThresholdMonitor] [wCPyihr] low disk watermark [85%] exceeded on [wCPyihruTGWSFxe7g3TqCg][wCPyihr][D:\Java\nowcoder_project\data\elasticsearch-6.4.3\data\nodes\0] free: 58.9gb[12.6%], replicas will not be assigned to this node
[2020-05-21T10:23:50,477][INFO ][o.e.c.r.a.DiskThresholdMonitor] [wCPyihr] low disk watermark [85%] exceeded on [wCPyihruTGWSFxe7g3TqCg][wCPyihr][D:\Java\nowcoder_project\data\elasticsearch-6.4.3\data\nodes\0] free: 58.9gb[12.6%], replicas will not be assigned to this node
[2020-05-21T10:24:20,482][INFO ][o.e.c.r.a.DiskThresholdMonitor] [wCPyihr] low disk watermark [85%] exceeded on [wCPyihruTGWSFxe7g3TqCg][wCPyihr][D:\Java\nowcoder_project\data\elasticsearch-6.4.3\data\nodes\0] free: 58.9gb[12.6%], replicas will not be assigned to this node
[2020-05-21T10:24:50,487][INFO ][o.e.c.r.a.DiskThresholdMonitor] [wCPyihr] low disk watermark [85%] exceeded on [wCPyihruTGWSFxe7g3TqCg][wCPyihr][D:\Java\nowcoder_project\data\elasticsearch-6.4.3\data\nodes\0] free: 58.9gb[12.6%], replicas will not be assigned to this node
[2020-05-21T10:25:20,492][INFO ][o.e.c.r.a.DiskThresholdMonitor] [wCPyihr] low disk watermark [85%] exceeded on [wCPyihruTGWSFxe7g3TqCg][wCPyihr][D:\Java\nowcoder_project\data\elasticsearch-6.4.3\data\nodes\0] free: 58.9gb[12.6%], replicas will not be assigned to this node
[2020-05-21T10:25:50,497][INFO ][o.e.c.r.a.DiskThresholdMonitor] [wCPyihr] low disk watermark [85%] exceeded on [wCPyihruTGWSFxe7g3TqCg][wCPyihr][D:\Java\nowcoder_project\data\elasticsearch-6.4.3\data\nodes\0] free: 58.9gb[12.6%], replicas will not be assigned to this node
[2020-05-21T10:26:20,500][INFO ][o.e.c.r.a.DiskThresholdMonitor] [wCPyihr] low disk watermark [85%] exceeded on [wCPyihruTGWSFxe7g3TqCg][wCPyihr][D:\Java\nowcoder_project\data\elasticsearch-6.4.3\data\nodes\0] free: 58.9gb[12.6%], replicas will not be assigned to this node
[2020-05-21T10:26:50,505][INFO ][o.e.c.r.a.DiskThresholdMonitor] [wCPyihr] low disk watermark [85%] exceeded on [wCPyihruTGWSFxe7g3TqCg][wCPyihr][D:\Java\nowcoder_project\data\elasticsearch-6.4.3\data\nodes\0] free: 58.9gb[12.6%], replicas will not be assigned to this node
[2020-05-21T10:27:20,509][INFO ][o.e.c.r.a.DiskThresholdMonitor] [wCPyihr] low disk watermark [85%] exceeded on [wCPyihruTGWSFxe7g3TqCg][wCPyihr][D:\Java\nowcoder_project\data\elasticsearch-6.4.3\data\nodes\0] free: 58.9gb[12.6%], replicas will not be assigned to this node
[2020-05-21T10:27:50,512][INFO ][o.e.c.r.a.DiskThresholdMonitor] [wCPyihr] low disk watermark [85%] exceeded on [wCPyihruTGWSFxe7g3TqCg][wCPyihr][D:\Java\nowcoder_project\data\elasticsearch-6.4.3\data\nodes\0] free: 58.9gb[12.6%], replicas will not be assigned to this node
[2020-05-21T10:28:20,515][INFO ][o.e.c.r.a.DiskThresholdMonitor] [wCPyihr] low disk watermark [85%] exceeded on [wCPyihruTGWSFxe7g3TqCg][wCPyihr][D:\Java\nowcoder_project\data\elasticsearch-6.4.3\data\nodes\0] free: 58.9gb[12.6%], replicas will not be assigned to this node
[2020-05-21T10:28:50,517][INFO ][o.e.c.r.a.DiskThresholdMonitor] [wCPyihr] low disk watermark [85%] exceeded on [wCPyihruTGWSFxe7g3TqCg][wCPyihr][D:\Java\nowcoder_project\data\elasticsearch-6.4.3\data\nodes\0] free: 58.9gb[12.6%], replicas will not be assigned to this node
[2020-05-21T10:29:20,520][INFO ][o.e.c.r.a.DiskThresholdMonitor] [wCPyihr] low disk watermark [85%] exceeded on [wCPyihruTGWSFxe7g3TqCg][wCPyihr][D:\Java\nowcoder_project\data\elasticsearch-6.4.3\data\nodes\0] free: 58.9gb[12.6%], replicas will not be assigned to this node
[2020-05-21T10:29:50,522][INFO ][o.e.c.r.a.DiskThresholdMonitor] [wCPyihr] low disk watermark [85%] exceeded on [wCPyihruTGWSFxe7g3TqCg][wCPyihr][D:\Java\nowcoder_project\data\elasticsearch-6.4.3\data\nodes\0] free: 58.9gb[12.6%], replicas will not be assigned to this node
[2020-05-21T10:30:20,525][INFO ][o.e.c.r.a.DiskThresholdMonitor] [wCPyihr] low disk watermark [85%] exceeded on [wCPyihruTGWSFxe7g3TqCg][wCPyihr][D:\Java\nowcoder_project\data\elasticsearch-6.4.3\data\nodes\0] free: 58.9gb[12.6%], replicas will not be assigned to this node
[2020-05-21T10:30:50,528][INFO ][o.e.c.r.a.DiskThresholdMonitor] [wCPyihr] low disk watermark [85%] exceeded on [wCPyihruTGWSFxe7g3TqCg][wCPyihr][D:\Java\nowcoder_project\data\elasticsearch-6.4.3\data\nodes\0] free: 58.9gb[12.6%], replicas will not be assigned to this node
[2020-05-21T10:31:20,530][INFO ][o.e.c.r.a.DiskThresholdMonitor] [wCPyihr] low disk watermark [85%] exceeded on [wCPyihruTGWSFxe7g3TqCg][wCPyihr][D:\Java\nowcoder_project\data\elasticsearch-6.4.3\data\nodes\0] free: 58.9gb[12.6%], replicas will not be assigned to this node
[2020-05-21T10:31:50,532][INFO ][o.e.c.r.a.DiskThresholdMonitor] [wCPyihr] low disk watermark [85%] exceeded on [wCPyihruTGWSFxe7g3TqCg][wCPyihr][D:\Java\nowcoder_project\data\elasticsearch-6.4.3\data\nodes\0] free: 58.9gb[12.6%], replicas will not be assigned to this node
[2020-05-21T10:32:20,537][INFO ][o.e.c.r.a.DiskThresholdMonitor] [wCPyihr] low disk watermark [85%] exceeded on [wCPyihruTGWSFxe7g3TqCg][wCPyihr][D:\Java\nowcoder_project\data\elasticsearch-6.4.3\data\nodes\0] free: 58.9gb[12.6%], replicas will not be assigned to this node
[2020-05-21T10:32:50,540][INFO ][o.e.c.r.a.DiskThresholdMonitor] [wCPyihr] low disk watermark [85%] exceeded on [wCPyihruTGWSFxe7g3TqCg][wCPyihr][D:\Java\nowcoder_project\data\elasticsearch-6.4.3\data\nodes\0] free: 58.9gb[12.6%], replicas will not be assigned to this node
[2020-05-21T10:33:20,543][INFO ][o.e.c.r.a.DiskThresholdMonitor] [wCPyihr] low disk watermark [85%] exceeded on [wCPyihruTGWSFxe7g3TqCg][wCPyihr][D:\Java\nowcoder_project\data\elasticsearch-6.4.3\data\nodes\0] free: 58.9gb[12.6%], replicas will not be assigned to this node
[2020-05-21T10:33:50,545][INFO ][o.e.c.r.a.DiskThresholdMonitor] [wCPyihr] low disk watermark [85%] exceeded on [wCPyihruTGWSFxe7g3TqCg][wCPyihr][D:\Java\nowcoder_project\data\elasticsearch-6.4.3\data\nodes\0] free: 58.9gb[12.6%], replicas will not be assigned to this node
[2020-05-21T10:34:20,546][INFO ][o.e.c.r.a.DiskThresholdMonitor] [wCPyihr] low disk watermark [85%] exceeded on [wCPyihruTGWSFxe7g3TqCg][wCPyihr][D:\Java\nowcoder_project\data\elasticsearch-6.4.3\data\nodes\0] free: 58.9gb[12.6%], replicas will not be assigned to this node
[2020-05-21T10:34:50,548][INFO ][o.e.c.r.a.DiskThresholdMonitor] [wCPyihr] low disk watermark [85%] exceeded on [wCPyihruTGWSFxe7g3TqCg][wCPyihr][D:\Java\nowcoder_project\data\elasticsearch-6.4.3\data\nodes\0] free: 58.9gb[12.6%], replicas will not be assigned to this node
[2020-05-21T10:35:20,551][INFO ][o.e.c.r.a.DiskThresholdMonitor] [wCPyihr] low disk watermark [85%] exceeded on [wCPyihruTGWSFxe7g3TqCg][wCPyihr][D:\Java\nowcoder_project\data\elasticsearch-6.4.3\data\nodes\0] free: 58.9gb[12.6%], replicas will not be assigned to this node
[2020-05-21T10:35:50,566][INFO ][o.e.c.r.a.DiskThresholdMonitor] [wCPyihr] low disk watermark [85%] exceeded on [wCPyihruTGWSFxe7g3TqCg][wCPyihr][D:\Java\nowcoder_project\data\elasticsearch-6.4.3\data\nodes\0] free: 58.9gb[12.6%], replicas will not be assigned to this node
[2020-05-21T10:36:20,570][INFO ][o.e.c.r.a.DiskThresholdMonitor] [wCPyihr] low disk watermark [85%] exceeded on [wCPyihruTGWSFxe7g3TqCg][wCPyihr][D:\Java\nowcoder_project\data\elasticsearch-6.4.3\data\nodes\0] free: 58.9gb[12.6%], replicas will not be assigned to this node
[2020-05-21T10:36:50,572][INFO ][o.e.c.r.a.DiskThresholdMonitor] [wCPyihr] low disk watermark [85%] exceeded on [wCPyihruTGWSFxe7g3TqCg][wCPyihr][D:\Java\nowcoder_project\data\elasticsearch-6.4.3\data\nodes\0] free: 58.9gb[12.6%], replicas will not be assigned to this node
[2020-05-21T10:37:20,577][INFO ][o.e.c.r.a.DiskThresholdMonitor] [wCPyihr] low disk watermark [85%] exceeded on [wCPyihruTGWSFxe7g3TqCg][wCPyihr][D:\Java\nowcoder_project\data\elasticsearch-6.4.3\data\nodes\0] free: 58.9gb[12.6%], replicas will not be assigned to this node
[2020-05-21T10:37:50,580][INFO ][o.e.c.r.a.DiskThresholdMonitor] [wCPyihr] low disk watermark [85%] exceeded on [wCPyihruTGWSFxe7g3TqCg][wCPyihr][D:\Java\nowcoder_project\data\elasticsearch-6.4.3\data\nodes\0] free: 58.9gb[12.6%], replicas will not be assigned to this node
[2020-05-21T10:38:20,581][INFO ][o.e.c.r.a.DiskThresholdMonitor] [wCPyihr] low disk watermark [85%] exceeded on [wCPyihruTGWSFxe7g3TqCg][wCPyihr][D:\Java\nowcoder_project\data\elasticsearch-6.4.3\data\nodes\0] free: 58.9gb[12.6%], replicas will not be assigned to this node
[2020-05-21T10:38:50,585][INFO ][o.e.c.r.a.DiskThresholdMonitor] [wCPyihr] low disk watermark [85%] exceeded on [wCPyihruTGWSFxe7g3TqCg][wCPyihr][D:\Java\nowcoder_project\data\elasticsearch-6.4.3\data\nodes\0] free: 58.9gb[12.6%], replicas will not be assigned to this node
[2020-05-21T10:39:20,588][INFO ][o.e.c.r.a.DiskThresholdMonitor] [wCPyihr] low disk watermark [85%] exceeded on [wCPyihruTGWSFxe7g3TqCg][wCPyihr][D:\Java\nowcoder_project\data\elasticsearch-6.4.3\data\nodes\0] free: 58.9gb[12.6%], replicas will not be assigned to this node
[2020-05-21T10:39:50,591][INFO ][o.e.c.r.a.DiskThresholdMonitor] [wCPyihr] low disk watermark [85%] exceeded on [wCPyihruTGWSFxe7g3TqCg][wCPyihr][D:\Java\nowcoder_project\data\elasticsearch-6.4.3\data\nodes\0] free: 58.9gb[12.6%], replicas will not be assigned to this node
[2020-05-21T10:40:20,601][INFO ][o.e.c.r.a.DiskThresholdMonitor] [wCPyihr] low disk watermark [85%] exceeded on [wCPyihruTGWSFxe7g3TqCg][wCPyihr][D:\Java\nowcoder_project\data\elasticsearch-6.4.3\data\nodes\0] free: 58.9gb[12.6%], replicas will not be assigned to this node
[2020-05-21T10:40:50,612][INFO ][o.e.c.r.a.DiskThresholdMonitor] [wCPyihr] low disk watermark [85%] exceeded on [wCPyihruTGWSFxe7g3TqCg][wCPyihr][D:\Java\nowcoder_project\data\elasticsearch-6.4.3\data\nodes\0] free: 58.9gb[12.6%], replicas will not be assigned to this node
[2020-05-21T10:41:20,615][INFO ][o.e.c.r.a.DiskThresholdMonitor] [wCPyihr] low disk watermark [85%] exceeded on [wCPyihruTGWSFxe7g3TqCg][wCPyihr][D:\Java\nowcoder_project\data\elasticsearch-6.4.3\data\nodes\0] free: 58.9gb[12.6%], replicas will not be assigned to this node
[2020-05-21T10:41:50,619][INFO ][o.e.c.r.a.DiskThresholdMonitor] [wCPyihr] low disk watermark [85%] exceeded on [wCPyihruTGWSFxe7g3TqCg][wCPyihr][D:\Java\nowcoder_project\data\elasticsearch-6.4.3\data\nodes\0] free: 58.9gb[12.6%], replicas will not be assigned to this node
[2020-05-21T10:42:20,630][INFO ][o.e.c.r.a.DiskThresholdMonitor] [wCPyihr] low disk watermark [85%] exceeded on [wCPyihruTGWSFxe7g3TqCg][wCPyihr][D:\Java\nowcoder_project\data\elasticsearch-6.4.3\data\nodes\0] free: 58.9gb[12.6%], replicas will not be assigned to this node
[2020-05-21T10:42:50,636][INFO ][o.e.c.r.a.DiskThresholdMonitor] [wCPyihr] low disk watermark [85%] exceeded on [wCPyihruTGWSFxe7g3TqCg][wCPyihr][D:\Java\nowcoder_project\data\elasticsearch-6.4.3\data\nodes\0] free: 58.9gb[12.6%], replicas will not be assigned to this node
[2020-05-21T10:43:20,638][INFO ][o.e.c.r.a.DiskThresholdMonitor] [wCPyihr] low disk watermark [85%] exceeded on [wCPyihruTGWSFxe7g3TqCg][wCPyihr][D:\Java\nowcoder_project\data\elasticsearch-6.4.3\data\nodes\0] free: 58.9gb[12.6%], replicas will not be assigned to this node
[2020-05-21T10:43:50,642][INFO ][o.e.c.r.a.DiskThresholdMonitor] [wCPyihr] low disk watermark [85%] exceeded on [wCPyihruTGWSFxe7g3TqCg][wCPyihr][D:\Java\nowcoder_project\data\elasticsearch-6.4.3\data\nodes\0] free: 58.9gb[12.6%], replicas will not be assigned to this node
[2020-05-21T10:44:20,649][INFO ][o.e.c.r.a.DiskThresholdMonitor] [wCPyihr] low disk watermark [85%] exceeded on [wCPyihruTGWSFxe7g3TqCg][wCPyihr][D:\Java\nowcoder_project\data\elasticsearch-6.4.3\data\nodes\0] free: 58.9gb[12.6%], replicas will not be assigned to this node
[2020-05-21T10:44:50,652][INFO ][o.e.c.r.a.DiskThresholdMonitor] [wCPyihr] low disk watermark [85%] exceeded on [wCPyihruTGWSFxe7g3TqCg][wCPyihr][D:\Java\nowcoder_project\data\elasticsearch-6.4.3\data\nodes\0] free: 58.9gb[12.6%], replicas will not be assigned to this node
[2020-05-21T10:45:20,656][INFO ][o.e.c.r.a.DiskThresholdMonitor] [wCPyihr] low disk watermark [85%] exceeded on [wCPyihruTGWSFxe7g3TqCg][wCPyihr][D:\Java\nowcoder_project\data\elasticsearch-6.4.3\data\nodes\0] free: 58.9gb[12.6%], replicas will not be assigned to this node
[2020-05-21T10:45:50,660][INFO ][o.e.c.r.a.DiskThresholdMonitor] [wCPyihr] low disk watermark [85%] exceeded on [wCPyihruTGWSFxe7g3TqCg][wCPyihr][D:\Java\nowcoder_project\data\elasticsearch-6.4.3\data\nodes\0] free: 58.9gb[12.6%], replicas will not be assigned to this node
[2020-05-21T10:46:20,663][INFO ][o.e.c.r.a.DiskThresholdMonitor] [wCPyihr] low disk watermark [85%] exceeded on [wCPyihruTGWSFxe7g3TqCg][wCPyihr][D:\Java\nowcoder_project\data\elasticsearch-6.4.3\data\nodes\0] free: 58.9gb[12.6%], replicas will not be assigned to this node
[2020-05-21T10:46:50,669][INFO ][o.e.c.r.a.DiskThresholdMonitor] [wCPyihr] low disk watermark [85%] exceeded on [wCPyihruTGWSFxe7g3TqCg][wCPyihr][D:\Java\nowcoder_project\data\elasticsearch-6.4.3\data\nodes\0] free: 58.9gb[12.6%], replicas will not be assigned to this node
[2020-05-21T10:47:20,674][INFO ][o.e.c.r.a.DiskThresholdMonitor] [wCPyihr] low disk watermark [85%] exceeded on [wCPyihruTGWSFxe7g3TqCg][wCPyihr][D:\Java\nowcoder_project\data\elasticsearch-6.4.3\data\nodes\0] free: 58.9gb[12.6%], replicas will not be assigned to this node
[2020-05-21T10:47:50,679][INFO ][o.e.c.r.a.DiskThresholdMonitor] [wCPyihr] low disk watermark [85%] exceeded on [wCPyihruTGWSFxe7g3TqCg][wCPyihr][D:\Java\nowcoder_project\data\elasticsearch-6.4.3\data\nodes\0] free: 58.9gb[12.6%], replicas will not be assigned to this node
[2020-05-21T10:48:20,684][INFO ][o.e.c.r.a.DiskThresholdMonitor] [wCPyihr] low disk watermark [85%] exceeded on [wCPyihruTGWSFxe7g3TqCg][wCPyihr][D:\Java\nowcoder_project\data\elasticsearch-6.4.3\data\nodes\0] free: 58.9gb[12.6%], replicas will not be assigned to this node
[2020-05-21T10:48:50,697][INFO ][o.e.c.r.a.DiskThresholdMonitor] [wCPyihr] low disk watermark [85%] exceeded on [wCPyihruTGWSFxe7g3TqCg][wCPyihr][D:\Java\nowcoder_project\data\elasticsearch-6.4.3\data\nodes\0] free: 58.9gb[12.6%], replicas will not be assigned to this node
[2020-05-21T10:49:20,702][INFO ][o.e.c.r.a.DiskThresholdMonitor] [wCPyihr] low disk watermark [85%] exceeded on [wCPyihruTGWSFxe7g3TqCg][wCPyihr][D:\Java\nowcoder_project\data\elasticsearch-6.4.3\data\nodes\0] free: 58.9gb[12.6%], replicas will not be assigned to this node
[2020-05-21T10:49:50,713][INFO ][o.e.c.r.a.DiskThresholdMonitor] [wCPyihr] low disk watermark [85%] exceeded on [wCPyihruTGWSFxe7g3TqCg][wCPyihr][D:\Java\nowcoder_project\data\elasticsearch-6.4.3\data\nodes\0] free: 58.9gb[12.6%], replicas will not be assigned to this node
[2020-05-21T10:50:20,717][INFO ][o.e.c.r.a.DiskThresholdMonitor] [wCPyihr] low disk watermark [85%] exceeded on [wCPyihruTGWSFxe7g3TqCg][wCPyihr][D:\Java\nowcoder_project\data\elasticsearch-6.4.3\data\nodes\0] free: 58.9gb[12.6%], replicas will not be assigned to this node
[2020-05-21T10:50:50,723][INFO ][o.e.c.r.a.DiskThresholdMonitor] [wCPyihr] low disk watermark [85%] exceeded on [wCPyihruTGWSFxe7g3TqCg][wCPyihr][D:\Java\nowcoder_project\data\elasticsearch-6.4.3\data\nodes\0] free: 58.9gb[12.6%], replicas will not be assigned to this node
[2020-05-21T10:51:20,726][INFO ][o.e.c.r.a.DiskThresholdMonitor] [wCPyihr] low disk watermark [85%] exceeded on [wCPyihruTGWSFxe7g3TqCg][wCPyihr][D:\Java\nowcoder_project\data\elasticsearch-6.4.3\data\nodes\0] free: 58.9gb[12.6%], replicas will not be assigned to this node
[2020-05-21T10:51:50,731][INFO ][o.e.c.r.a.DiskThresholdMonitor] [wCPyihr] low disk watermark [85%] exceeded on [wCPyihruTGWSFxe7g3TqCg][wCPyihr][D:\Java\nowcoder_project\data\elasticsearch-6.4.3\data\nodes\0] free: 58.9gb[12.6%], replicas will not be assigned to this node
[2020-05-21T10:52:20,743][INFO ][o.e.c.r.a.DiskThresholdMonitor] [wCPyihr] low disk watermark [85%] exceeded on [wCPyihruTGWSFxe7g3TqCg][wCPyihr][D:\Java\nowcoder_project\data\elasticsearch-6.4.3\data\nodes\0] free: 58.9gb[12.6%], replicas will not be assigned to this node
[2020-05-21T10:52:50,750][INFO ][o.e.c.r.a.DiskThresholdMonitor] [wCPyihr] low disk watermark [85%] exceeded on [wCPyihruTGWSFxe7g3TqCg][wCPyihr][D:\Java\nowcoder_project\data\elasticsearch-6.4.3\data\nodes\0] free: 58.9gb[12.6%], replicas will not be assigned to this node
[2020-05-21T10:53:20,752][INFO ][o.e.c.r.a.DiskThresholdMonitor] [wCPyihr] low disk watermark [85%] exceeded on [wCPyihruTGWSFxe7g3TqCg][wCPyihr][D:\Java\nowcoder_project\data\elasticsearch-6.4.3\data\nodes\0] free: 58.9gb[12.6%], replicas will not be assigned to this node
[2020-05-21T10:53:50,771][INFO ][o.e.c.r.a.DiskThresholdMonitor] [wCPyihr] low disk watermark [85%] exceeded on [wCPyihruTGWSFxe7g3TqCg][wCPyihr][D:\Java\nowcoder_project\data\elasticsearch-6.4.3\data\nodes\0] free: 58.9gb[12.6%], replicas will not be assigned to this node
[2020-05-21T10:54:20,775][INFO ][o.e.c.r.a.DiskThresholdMonitor] [wCPyihr] low disk watermark [85%] exceeded on [wCPyihruTGWSFxe7g3TqCg][wCPyihr][D:\Java\nowcoder_project\data\elasticsearch-6.4.3\data\nodes\0] free: 58.9gb[12.6%], replicas will not be assigned to this node
[2020-05-21T10:54:50,777][INFO ][o.e.c.r.a.DiskThresholdMonitor] [wCPyihr] low disk watermark [85%] exceeded on [wCPyihruTGWSFxe7g3TqCg][wCPyihr][D:\Java\nowcoder_project\data\elasticsearch-6.4.3\data\nodes\0] free: 58.9gb[12.6%], replicas will not be assigned to this node
[2020-05-21T10:55:20,780][INFO ][o.e.c.r.a.DiskThresholdMonitor] [wCPyihr] low disk watermark [85%] exceeded on [wCPyihruTGWSFxe7g3TqCg][wCPyihr][D:\Java\nowcoder_project\data\elasticsearch-6.4.3\data\nodes\0] free: 58.9gb[12.6%], replicas will not be assigned to this node
[2020-05-21T10:55:50,784][INFO ][o.e.c.r.a.DiskThresholdMonitor] [wCPyihr] low disk watermark [85%] exceeded on [wCPyihruTGWSFxe7g3TqCg][wCPyihr][D:\Java\nowcoder_project\data\elasticsearch-6.4.3\data\nodes\0] free: 58.9gb[12.6%], replicas will not be assigned to this node
[2020-05-21T10:56:20,788][INFO ][o.e.c.r.a.DiskThresholdMonitor] [wCPyihr] low disk watermark [85%] exceeded on [wCPyihruTGWSFxe7g3TqCg][wCPyihr][D:\Java\nowcoder_project\data\elasticsearch-6.4.3\data\nodes\0] free: 58.9gb[12.6%], replicas will not be assigned to this node
[2020-05-21T10:56:50,792][INFO ][o.e.c.r.a.DiskThresholdMonitor] [wCPyihr] low disk watermark [85%] exceeded on [wCPyihruTGWSFxe7g3TqCg][wCPyihr][D:\Java\nowcoder_project\data\elasticsearch-6.4.3\data\nodes\0] free: 58.9gb[12.6%], replicas will not be assigned to this node
[2020-05-21T10:57:20,796][INFO ][o.e.c.r.a.DiskThresholdMonitor] [wCPyihr] low disk watermark [85%] exceeded on [wCPyihruTGWSFxe7g3TqCg][wCPyihr][D:\Java\nowcoder_project\data\elasticsearch-6.4.3\data\nodes\0] free: 58.9gb[12.6%], replicas will not be assigned to this node
[2020-05-21T10:57:50,800][INFO ][o.e.c.r.a.DiskThresholdMonitor] [wCPyihr] low disk watermark [85%] exceeded on [wCPyihruTGWSFxe7g3TqCg][wCPyihr][D:\Java\nowcoder_project\data\elasticsearch-6.4.3\data\nodes\0] free: 60.9gb[13%], replicas will not be assigned to this node
[2020-05-21T10:58:20,804][INFO ][o.e.c.r.a.DiskThresholdMonitor] [wCPyihr] low disk watermark [85%] exceeded on [wCPyihruTGWSFxe7g3TqCg][wCPyihr][D:\Java\nowcoder_project\data\elasticsearch-6.4.3\data\nodes\0] free: 60.9gb[13%], replicas will not be assigned to this node
[2020-05-21T10:58:50,821][INFO ][o.e.c.r.a.DiskThresholdMonitor] [wCPyihr] low disk watermark [85%] exceeded on [wCPyihruTGWSFxe7g3TqCg][wCPyihr][D:\Java\nowcoder_project\data\elasticsearch-6.4.3\data\nodes\0] free: 60.9gb[13%], replicas will not be assigned to this node
[2020-05-21T10:59:20,827][INFO ][o.e.c.r.a.DiskThresholdMonitor] [wCPyihr] low disk watermark [85%] exceeded on [wCPyihruTGWSFxe7g3TqCg][wCPyihr][D:\Java\nowcoder_project\data\elasticsearch-6.4.3\data\nodes\0] free: 60.9gb[13%], replicas will not be assigned to this node
[2020-05-21T10:59:50,830][INFO ][o.e.c.r.a.DiskThresholdMonitor] [wCPyihr] low disk watermark [85%] exceeded on [wCPyihruTGWSFxe7g3TqCg][wCPyihr][D:\Java\nowcoder_project\data\elasticsearch-6.4.3\data\nodes\0] free: 60.9gb[13%], replicas will not be assigned to this node
[2020-05-21T11:00:20,834][INFO ][o.e.c.r.a.DiskThresholdMonitor] [wCPyihr] low disk watermark [85%] exceeded on [wCPyihruTGWSFxe7g3TqCg][wCPyihr][D:\Java\nowcoder_project\data\elasticsearch-6.4.3\data\nodes\0] free: 60.9gb[13%], replicas will not be assigned to this node
[2020-05-21T11:00:50,838][INFO ][o.e.c.r.a.DiskThresholdMonitor] [wCPyihr] low disk watermark [85%] exceeded on [wCPyihruTGWSFxe7g3TqCg][wCPyihr][D:\Java\nowcoder_project\data\elasticsearch-6.4.3\data\nodes\0] free: 60.9gb[13%], replicas will not be assigned to this node
[2020-05-21T11:01:20,847][INFO ][o.e.c.r.a.DiskThresholdMonitor] [wCPyihr] low disk watermark [85%] exceeded on [wCPyihruTGWSFxe7g3TqCg][wCPyihr][D:\Java\nowcoder_project\data\elasticsearch-6.4.3\data\nodes\0] free: 60.9gb[13%], replicas will not be assigned to this node
[2020-05-21T11:01:50,857][INFO ][o.e.c.r.a.DiskThresholdMonitor] [wCPyihr] low disk watermark [85%] exceeded on [wCPyihruTGWSFxe7g3TqCg][wCPyihr][D:\Java\nowcoder_project\data\elasticsearch-6.4.3\data\nodes\0] free: 60.9gb[13%], replicas will not be assigned to this node
[2020-05-21T11:02:20,871][INFO ][o.e.c.r.a.DiskThresholdMonitor] [wCPyihr] low disk watermark [85%] exceeded on [wCPyihruTGWSFxe7g3TqCg][wCPyihr][D:\Java\nowcoder_project\data\elasticsearch-6.4.3\data\nodes\0] free: 60.9gb[13%], replicas will not be assigned to this node
[2020-05-21T11:02:50,875][INFO ][o.e.c.r.a.DiskThresholdMonitor] [wCPyihr] low disk watermark [85%] exceeded on [wCPyihruTGWSFxe7g3TqCg][wCPyihr][D:\Java\nowcoder_project\data\elasticsearch-6.4.3\data\nodes\0] free: 60.9gb[13%], replicas will not be assigned to this node
[2020-05-21T11:03:20,888][INFO ][o.e.c.r.a.DiskThresholdMonitor] [wCPyihr] low disk watermark [85%] exceeded on [wCPyihruTGWSFxe7g3TqCg][wCPyihr][D:\Java\nowcoder_project\data\elasticsearch-6.4.3\data\nodes\0] free: 60.9gb[13%], replicas will not be assigned to this node
[2020-05-21T11:03:50,891][INFO ][o.e.c.r.a.DiskThresholdMonitor] [wCPyihr] low disk watermark [85%] exceeded on [wCPyihruTGWSFxe7g3TqCg][wCPyihr][D:\Java\nowcoder_project\data\elasticsearch-6.4.3\data\nodes\0] free: 60.9gb[13%], replicas will not be assigned to this node
[2020-05-21T11:04:20,895][INFO ][o.e.c.r.a.DiskThresholdMonitor] [wCPyihr] low disk watermark [85%] exceeded on [wCPyihruTGWSFxe7g3TqCg][wCPyihr][D:\Java\nowcoder_project\data\elasticsearch-6.4.3\data\nodes\0] free: 60.9gb[13%], replicas will not be assigned to this node
[2020-05-21T11:04:50,898][INFO ][o.e.c.r.a.DiskThresholdMonitor] [wCPyihr] low disk watermark [85%] exceeded on [wCPyihruTGWSFxe7g3TqCg][wCPyihr][D:\Java\nowcoder_project\data\elasticsearch-6.4.3\data\nodes\0] free: 60.9gb[13%], replicas will not be assigned to this node
[2020-05-21T11:05:20,908][INFO ][o.e.c.r.a.DiskThresholdMonitor] [wCPyihr] low disk watermark [85%] exceeded on [wCPyihruTGWSFxe7g3TqCg][wCPyihr][D:\Java\nowcoder_project\data\elasticsearch-6.4.3\data\nodes\0] free: 60.9gb[13%], replicas will not be assigned to this node
[2020-05-21T11:05:50,912][INFO ][o.e.c.r.a.DiskThresholdMonitor] [wCPyihr] low disk watermark [85%] exceeded on [wCPyihruTGWSFxe7g3TqCg][wCPyihr][D:\Java\nowcoder_project\data\elasticsearch-6.4.3\data\nodes\0] free: 60.9gb[13%], replicas will not be assigned to this node
[2020-05-21T11:06:20,917][INFO ][o.e.c.r.a.DiskThresholdMonitor] [wCPyihr] low disk watermark [85%] exceeded on [wCPyihruTGWSFxe7g3TqCg][wCPyihr][D:\Java\nowcoder_project\data\elasticsearch-6.4.3\data\nodes\0] free: 60.9gb[13%], replicas will not be assigned to this node
[2020-05-21T11:06:50,921][INFO ][o.e.c.r.a.DiskThresholdMonitor] [wCPyihr] low disk watermark [85%] exceeded on [wCPyihruTGWSFxe7g3TqCg][wCPyihr][D:\Java\nowcoder_project\data\elasticsearch-6.4.3\data\nodes\0] free: 60.9gb[13%], replicas will not be assigned to this node
[2020-05-21T11:07:20,927][INFO ][o.e.c.r.a.DiskThresholdMonitor] [wCPyihr] low disk watermark [85%] exceeded on [wCPyihruTGWSFxe7g3TqCg][wCPyihr][D:\Java\nowcoder_project\data\elasticsearch-6.4.3\data\nodes\0] free: 60.9gb[13%], replicas will not be assigned to this node
[2020-05-21T11:07:50,930][INFO ][o.e.c.r.a.DiskThresholdMonitor] [wCPyihr] low disk watermark [85%] exceeded on [wCPyihruTGWSFxe7g3TqCg][wCPyihr][D:\Java\nowcoder_project\data\elasticsearch-6.4.3\data\nodes\0] free: 60.9gb[13%], replicas will not be assigned to this node
[2020-05-21T11:08:20,934][INFO ][o.e.c.r.a.DiskThresholdMonitor] [wCPyihr] low disk watermark [85%] exceeded on [wCPyihruTGWSFxe7g3TqCg][wCPyihr][D:\Java\nowcoder_project\data\elasticsearch-6.4.3\data\nodes\0] free: 60.9gb[13%], replicas will not be assigned to this node
[2020-05-21T11:08:50,938][INFO ][o.e.c.r.a.DiskThresholdMonitor] [wCPyihr] low disk watermark [85%] exceeded on [wCPyihruTGWSFxe7g3TqCg][wCPyihr][D:\Java\nowcoder_project\data\elasticsearch-6.4.3\data\nodes\0] free: 60.9gb[13%], replicas will not be assigned to this node
[2020-05-21T11:09:20,940][INFO ][o.e.c.r.a.DiskThresholdMonitor] [wCPyihr] low disk watermark [85%] exceeded on [wCPyihruTGWSFxe7g3TqCg][wCPyihr][D:\Java\nowcoder_project\data\elasticsearch-6.4.3\data\nodes\0] free: 60.9gb[13%], replicas will not be assigned to this node
[2020-05-21T11:09:50,952][INFO ][o.e.c.r.a.DiskThresholdMonitor] [wCPyihr] low disk watermark [85%] exceeded on [wCPyihruTGWSFxe7g3TqCg][wCPyihr][D:\Java\nowcoder_project\data\elasticsearch-6.4.3\data\nodes\0] free: 60.9gb[13%], replicas will not be assigned to this node
[2020-05-21T11:10:20,955][INFO ][o.e.c.r.a.DiskThresholdMonitor] [wCPyihr] low disk watermark [85%] exceeded on [wCPyihruTGWSFxe7g3TqCg][wCPyihr][D:\Java\nowcoder_project\data\elasticsearch-6.4.3\data\nodes\0] free: 60.9gb[13%], replicas will not be assigned to this node
[2020-05-21T11:10:50,959][INFO ][o.e.c.r.a.DiskThresholdMonitor] [wCPyihr] low disk watermark [85%] exceeded on [wCPyihruTGWSFxe7g3TqCg][wCPyihr][D:\Java\nowcoder_project\data\elasticsearch-6.4.3\data\nodes\0] free: 60.9gb[13%], replicas will not be assigned to this node
[2020-05-21T11:11:20,963][INFO ][o.e.c.r.a.DiskThresholdMonitor] [wCPyihr] low disk watermark [85%] exceeded on [wCPyihruTGWSFxe7g3TqCg][wCPyihr][D:\Java\nowcoder_project\data\elasticsearch-6.4.3\data\nodes\0] free: 60.9gb[13%], replicas will not be assigned to this node
[2020-05-21T11:11:50,965][INFO ][o.e.c.r.a.DiskThresholdMonitor] [wCPyihr] low disk watermark [85%] exceeded on [wCPyihruTGWSFxe7g3TqCg][wCPyihr][D:\Java\nowcoder_project\data\elasticsearch-6.4.3\data\nodes\0] free: 60.9gb[13%], replicas will not be assigned to this node
[2020-05-21T11:12:20,967][INFO ][o.e.c.r.a.DiskThresholdMonitor] [wCPyihr] low disk watermark [85%] exceeded on [wCPyihruTGWSFxe7g3TqCg][wCPyihr][D:\Java\nowcoder_project\data\elasticsearch-6.4.3\data\nodes\0] free: 60.9gb[13%], replicas will not be assigned to this node
[2020-05-21T11:12:50,971][INFO ][o.e.c.r.a.DiskThresholdMonitor] [wCPyihr] low disk watermark [85%] exceeded on [wCPyihruTGWSFxe7g3TqCg][wCPyihr][D:\Java\nowcoder_project\data\elasticsearch-6.4.3\data\nodes\0] free: 60.9gb[13%], replicas will not be assigned to this node
[2020-05-21T11:13:20,976][INFO ][o.e.c.r.a.DiskThresholdMonitor] [wCPyihr] low disk watermark [85%] exceeded on [wCPyihruTGWSFxe7g3TqCg][wCPyihr][D:\Java\nowcoder_project\data\elasticsearch-6.4.3\data\nodes\0] free: 60.9gb[13%], replicas will not be assigned to this node
[2020-05-21T11:13:50,988][INFO ][o.e.c.r.a.DiskThresholdMonitor] [wCPyihr] low disk watermark [85%] exceeded on [wCPyihruTGWSFxe7g3TqCg][wCPyihr][D:\Java\nowcoder_project\data\elasticsearch-6.4.3\data\nodes\0] free: 60.9gb[13%], replicas will not be assigned to this node
[2020-05-21T11:14:20,990][INFO ][o.e.c.r.a.DiskThresholdMonitor] [wCPyihr] low disk watermark [85%] exceeded on [wCPyihruTGWSFxe7g3TqCg][wCPyihr][D:\Java\nowcoder_project\data\elasticsearch-6.4.3\data\nodes\0] free: 60.9gb[13%], replicas will not be assigned to this node
[2020-05-21T11:14:50,995][INFO ][o.e.c.r.a.DiskThresholdMonitor] [wCPyihr] low disk watermark [85%] exceeded on [wCPyihruTGWSFxe7g3TqCg][wCPyihr][D:\Java\nowcoder_project\data\elasticsearch-6.4.3\data\nodes\0] free: 60.9gb[13%], replicas will not be assigned to this node
[2020-05-21T11:15:20,998][INFO ][o.e.c.r.a.DiskThresholdMonitor] [wCPyihr] low disk watermark [85%] exceeded on [wCPyihruTGWSFxe7g3TqCg][wCPyihr][D:\Java\nowcoder_project\data\elasticsearch-6.4.3\data\nodes\0] free: 60.9gb[13%], replicas will not be assigned to this node
[2020-05-21T11:15:51,002][INFO ][o.e.c.r.a.DiskThresholdMonitor] [wCPyihr] low disk watermark [85%] exceeded on [wCPyihruTGWSFxe7g3TqCg][wCPyihr][D:\Java\nowcoder_project\data\elasticsearch-6.4.3\data\nodes\0] free: 60.9gb[13%], replicas will not be assigned to this node
[2020-05-21T11:16:21,006][INFO ][o.e.c.r.a.DiskThresholdMonitor] [wCPyihr] low disk watermark [85%] exceeded on [wCPyihruTGWSFxe7g3TqCg][wCPyihr][D:\Java\nowcoder_project\data\elasticsearch-6.4.3\data\nodes\0] free: 60.9gb[13%], replicas will not be assigned to this node
[2020-05-21T11:16:51,009][INFO ][o.e.c.r.a.DiskThresholdMonitor] [wCPyihr] low disk watermark [85%] exceeded on [wCPyihruTGWSFxe7g3TqCg][wCPyihr][D:\Java\nowcoder_project\data\elasticsearch-6.4.3\data\nodes\0] free: 60.9gb[13%], replicas will not be assigned to this node
[2020-05-21T11:17:21,013][INFO ][o.e.c.r.a.DiskThresholdMonitor] [wCPyihr] low disk watermark [85%] exceeded on [wCPyihruTGWSFxe7g3TqCg][wCPyihr][D:\Java\nowcoder_project\data\elasticsearch-6.4.3\data\nodes\0] free: 60.9gb[13%], replicas will not be assigned to this node
[2020-05-21T11:17:51,017][INFO ][o.e.c.r.a.DiskThresholdMonitor] [wCPyihr] low disk watermark [85%] exceeded on [wCPyihruTGWSFxe7g3TqCg][wCPyihr][D:\Java\nowcoder_project\data\elasticsearch-6.4.3\data\nodes\0] free: 60.9gb[13%], replicas will not be assigned to this node
[2020-05-21T11:18:21,020][INFO ][o.e.c.r.a.DiskThresholdMonitor] [wCPyihr] low disk watermark [85%] exceeded on [wCPyihruTGWSFxe7g3TqCg][wCPyihr][D:\Java\nowcoder_project\data\elasticsearch-6.4.3\data\nodes\0] free: 60.9gb[13%], replicas will not be assigned to this node
[2020-05-21T11:18:51,033][INFO ][o.e.c.r.a.DiskThresholdMonitor] [wCPyihr] low disk watermark [85%] exceeded on [wCPyihruTGWSFxe7g3TqCg][wCPyihr][D:\Java\nowcoder_project\data\elasticsearch-6.4.3\data\nodes\0] free: 60.9gb[13%], replicas will not be assigned to this node
[2020-05-21T11:19:21,038][INFO ][o.e.c.r.a.DiskThresholdMonitor] [wCPyihr] low disk watermark [85%] exceeded on [wCPyihruTGWSFxe7g3TqCg][wCPyihr][D:\Java\nowcoder_project\data\elasticsearch-6.4.3\data\nodes\0] free: 60.9gb[13%], replicas will not be assigned to this node
[2020-05-21T11:19:51,042][INFO ][o.e.c.r.a.DiskThresholdMonitor] [wCPyihr] low disk watermark [85%] exceeded on [wCPyihruTGWSFxe7g3TqCg][wCPyihr][D:\Java\nowcoder_project\data\elasticsearch-6.4.3\data\nodes\0] free: 60.9gb[13%], replicas will not be assigned to this node
[2020-05-21T11:20:21,054][INFO ][o.e.c.r.a.DiskThresholdMonitor] [wCPyihr] low disk watermark [85%] exceeded on [wCPyihruTGWSFxe7g3TqCg][wCPyihr][D:\Java\nowcoder_project\data\elasticsearch-6.4.3\data\nodes\0] free: 60.9gb[13%], replicas will not be assigned to this node
[2020-05-21T11:20:51,056][INFO ][o.e.c.r.a.DiskThresholdMonitor] [wCPyihr] low disk watermark [85%] exceeded on [wCPyihruTGWSFxe7g3TqCg][wCPyihr][D:\Java\nowcoder_project\data\elasticsearch-6.4.3\data\nodes\0] free: 60.9gb[13%], replicas will not be assigned to this node
[2020-05-21T11:21:21,060][INFO ][o.e.c.r.a.DiskThresholdMonitor] [wCPyihr] low disk watermark [85%] exceeded on [wCPyihruTGWSFxe7g3TqCg][wCPyihr][D:\Java\nowcoder_project\data\elasticsearch-6.4.3\data\nodes\0] free: 60.9gb[13%], replicas will not be assigned to this node
[2020-05-21T11:21:51,063][INFO ][o.e.c.r.a.DiskThresholdMonitor] [wCPyihr] low disk watermark [85%] exceeded on [wCPyihruTGWSFxe7g3TqCg][wCPyihr][D:\Java\nowcoder_project\data\elasticsearch-6.4.3\data\nodes\0] free: 60.9gb[13%], replicas will not be assigned to this node
[2020-05-21T11:22:21,068][INFO ][o.e.c.r.a.DiskThresholdMonitor] [wCPyihr] low disk watermark [85%] exceeded on [wCPyihruTGWSFxe7g3TqCg][wCPyihr][D:\Java\nowcoder_project\data\elasticsearch-6.4.3\data\nodes\0] free: 60.9gb[13%], replicas will not be assigned to this node
[2020-05-21T11:22:51,071][INFO ][o.e.c.r.a.DiskThresholdMonitor] [wCPyihr] low disk watermark [85%] exceeded on [wCPyihruTGWSFxe7g3TqCg][wCPyihr][D:\Java\nowcoder_project\data\elasticsearch-6.4.3\data\nodes\0] free: 60.9gb[13%], replicas will not be assigned to this node
[2020-05-21T11:23:21,074][INFO ][o.e.c.r.a.DiskThresholdMonitor] [wCPyihr] low disk watermark [85%] exceeded on [wCPyihruTGWSFxe7g3TqCg][wCPyihr][D:\Java\nowcoder_project\data\elasticsearch-6.4.3\data\nodes\0] free: 60.9gb[13%], replicas will not be assigned to this node
[2020-05-21T11:23:51,078][INFO ][o.e.c.r.a.DiskThresholdMonitor] [wCPyihr] low disk watermark [85%] exceeded on [wCPyihruTGWSFxe7g3TqCg][wCPyihr][D:\Java\nowcoder_project\data\elasticsearch-6.4.3\data\nodes\0] free: 60.9gb[13%], replicas will not be assigned to this node
[2020-05-21T11:24:21,082][INFO ][o.e.c.r.a.DiskThresholdMonitor] [wCPyihr] low disk watermark [85%] exceeded on [wCPyihruTGWSFxe7g3TqCg][wCPyihr][D:\Java\nowcoder_project\data\elasticsearch-6.4.3\data\nodes\0] free: 60.9gb[13%], replicas will not be assigned to this node
[2020-05-21T11:24:51,085][INFO ][o.e.c.r.a.DiskThresholdMonitor] [wCPyihr] low disk watermark [85%] exceeded on [wCPyihruTGWSFxe7g3TqCg][wCPyihr][D:\Java\nowcoder_project\data\elasticsearch-6.4.3\data\nodes\0] free: 60.9gb[13%], replicas will not be assigned to this node
[2020-05-21T11:25:21,090][INFO ][o.e.c.r.a.DiskThresholdMonitor] [wCPyihr] low disk watermark [85%] exceeded on [wCPyihruTGWSFxe7g3TqCg][wCPyihr][D:\Java\nowcoder_project\data\elasticsearch-6.4.3\data\nodes\0] free: 60.9gb[13%], replicas will not be assigned to this node
[2020-05-21T11:25:51,092][INFO ][o.e.c.r.a.DiskThresholdMonitor] [wCPyihr] low disk watermark [85%] exceeded on [wCPyihruTGWSFxe7g3TqCg][wCPyihr][D:\Java\nowcoder_project\data\elasticsearch-6.4.3\data\nodes\0] free: 60.9gb[13%], replicas will not be assigned to this node
[2020-05-21T11:26:21,094][INFO ][o.e.c.r.a.DiskThresholdMonitor] [wCPyihr] low disk watermark [85%] exceeded on [wCPyihruTGWSFxe7g3TqCg][wCPyihr][D:\Java\nowcoder_project\data\elasticsearch-6.4.3\data\nodes\0] free: 60.9gb[13%], replicas will not be assigned to this node
[2020-05-21T11:26:44,162][INFO ][o.e.n.Node               ] [wCPyihr] stopping ...
[2020-05-21T11:26:44,241][INFO ][o.e.x.w.WatcherService   ] [wCPyihr] stopping watch service, reason [shutdown initiated]
[2020-05-21T11:26:44,789][INFO ][o.e.x.m.j.p.l.CppLogMessageHandler] [controller/24516] [Main.cc@148] Ml controller exiting
[2020-05-21T11:26:44,792][INFO ][o.e.x.m.j.p.NativeController] Native controller process has stopped - no new native processes can be started
[2020-05-21T11:26:44,899][INFO ][o.e.n.Node               ] [wCPyihr] stopped
[2020-05-21T11:26:44,900][INFO ][o.e.n.Node               ] [wCPyihr] closing ...
[2020-05-21T11:26:44,958][INFO ][o.e.n.Node               ] [wCPyihr] closed
