[2020-05-15 13:49:01,379] INFO Starting the log cleaner (kafka.log.LogCleaner)
[2020-05-15 13:49:01,479] INFO [kafka-log-cleaner-thread-0]: Starting (kafka.log.LogCleaner)
[2020-05-15 15:18:53,978] INFO Starting the log cleaner (kafka.log.LogCleaner)
[2020-05-15 15:18:54,059] INFO [kafka-log-cleaner-thread-0]: Starting (kafka.log.LogCleaner)
[2020-05-15 15:37:01,434] INFO Shutting down the log cleaner. (kafka.log.LogCleaner)
[2020-05-15 15:37:01,435] INFO [kafka-log-cleaner-thread-0]: Shutting down (kafka.log.LogCleaner)
[2020-05-15 15:37:01,435] INFO [kafka-log-cleaner-thread-0]: Stopped (kafka.log.LogCleaner)
[2020-05-15 15:37:01,436] INFO [kafka-log-cleaner-thread-0]: Shutdown completed (kafka.log.LogCleaner)
[2020-05-16 11:21:55,723] INFO Starting the log cleaner (kafka.log.LogCleaner)
[2020-05-16 11:21:55,827] INFO [kafka-log-cleaner-thread-0]: Starting (kafka.log.LogCleaner)
[2020-05-16 13:06:18,418] INFO Shutting down the log cleaner. (kafka.log.LogCleaner)
[2020-05-16 13:06:18,450] INFO [kafka-log-cleaner-thread-0]: Shutting down (kafka.log.LogCleaner)
[2020-05-16 13:06:18,450] INFO [kafka-log-cleaner-thread-0]: Stopped (kafka.log.LogCleaner)
[2020-05-16 13:06:18,450] INFO [kafka-log-cleaner-thread-0]: Shutdown completed (kafka.log.LogCleaner)
[2020-05-17 10:30:16,285] INFO Starting the log cleaner (kafka.log.LogCleaner)
[2020-05-17 10:30:16,367] INFO [kafka-log-cleaner-thread-0]: Starting (kafka.log.LogCleaner)
[2020-05-17 13:44:42,204] INFO Shutting down the log cleaner. (kafka.log.LogCleaner)
[2020-05-17 13:44:42,230] INFO [kafka-log-cleaner-thread-0]: Shutting down (kafka.log.LogCleaner)
[2020-05-17 13:44:42,231] INFO [kafka-log-cleaner-thread-0]: Stopped (kafka.log.LogCleaner)
[2020-05-17 13:44:42,231] INFO [kafka-log-cleaner-thread-0]: Shutdown completed (kafka.log.LogCleaner)
[2020-05-21 09:58:27,825] INFO Starting the log cleaner (kafka.log.LogCleaner)
[2020-05-21 09:58:27,933] INFO [kafka-log-cleaner-thread-0]: Starting (kafka.log.LogCleaner)
[2020-05-21 11:26:54,152] INFO Shutting down the log cleaner. (kafka.log.LogCleaner)
[2020-05-21 11:26:54,181] INFO [kafka-log-cleaner-thread-0]: Shutting down (kafka.log.LogCleaner)
[2020-05-21 11:26:54,182] INFO [kafka-log-cleaner-thread-0]: Stopped (kafka.log.LogCleaner)
[2020-05-21 11:26:54,182] INFO [kafka-log-cleaner-thread-0]: Shutdown completed (kafka.log.LogCleaner)
