2020-06-04 15:14:25,202 INFO o.a.j.u.JMeterUtils: Setting Locale to en_EN
2020-06-04 15:14:25,245 INFO o.a.j.JMeter: Loading user properties from: user.properties
2020-06-04 15:14:25,246 INFO o.a.j.JMeter: Loading system properties from: system.properties
2020-06-04 15:14:25,250 INFO o.a.j.JMeter: Copyright (c) 1998-2019 The Apache Software Foundation
2020-06-04 15:14:25,251 INFO o.a.j.JMeter: Version 5.1.1 r1855137
2020-06-04 15:14:25,251 INFO o.a.j.JMeter: java.version=10.0.2
2020-06-04 15:14:25,251 INFO o.a.j.JMeter: java.vm.name=OpenJDK 64-Bit Server VM
2020-06-04 15:14:25,251 INFO o.a.j.JMeter: os.name=Windows 10
2020-06-04 15:14:25,251 INFO o.a.j.JMeter: os.arch=amd64
2020-06-04 15:14:25,251 INFO o.a.j.JMeter: os.version=10.0
2020-06-04 15:14:25,251 INFO o.a.j.JMeter: file.encoding=GBK
2020-06-04 15:14:25,251 INFO o.a.j.JMeter: java.awt.headless=null
2020-06-04 15:14:25,251 INFO o.a.j.JMeter: Max memory     =1073741824
2020-06-04 15:14:25,251 INFO o.a.j.JMeter: Available Processors =8
2020-06-04 15:14:25,260 INFO o.a.j.JMeter: Default Locale=English (EN)
2020-06-04 15:14:25,260 INFO o.a.j.JMeter: JMeter  Locale=English (EN)
2020-06-04 15:14:25,260 INFO o.a.j.JMeter: JMeterHome=D:\Java\nowcoder_project\apache-jmeter-5.1.1
2020-06-04 15:14:25,260 INFO o.a.j.JMeter: user.dir  =D:\Java\nowcoder_project\apache-jmeter-5.1.1\bin
2020-06-04 15:14:25,261 INFO o.a.j.JMeter: PWD       =D:\Java\nowcoder_project\apache-jmeter-5.1.1\bin
2020-06-04 15:14:25,265 INFO o.a.j.JMeter: IP: 192.168.0.103 Name: zt FullName: 192.168.0.103
2020-06-04 15:14:25,694 INFO o.a.j.g.a.LookAndFeelCommand: Installing Darcula LAF
2020-06-04 15:14:25,708 INFO o.a.j.g.a.LookAndFeelCommand: Using look and feel: com.bulenkov.darcula.DarculaLaf [Darcula]
2020-06-04 15:14:25,708 INFO o.a.j.JMeter: Setting LAF to: com.bulenkov.darcula.DarculaLaf
2020-06-04 15:14:25,788 INFO o.a.j.JMeter: Loaded icon properties from org/apache/jmeter/images/icon.properties
2020-06-04 15:14:27,458 INFO o.a.j.p.h.s.HTTPSamplerBase: Parser for text/html is org.apache.jmeter.protocol.http.parser.LagartoBasedHtmlParser
2020-06-04 15:14:27,458 INFO o.a.j.p.h.s.HTTPSamplerBase: Parser for application/xhtml+xml is org.apache.jmeter.protocol.http.parser.LagartoBasedHtmlParser
2020-06-04 15:14:27,458 INFO o.a.j.p.h.s.HTTPSamplerBase: Parser for application/xml is org.apache.jmeter.protocol.http.parser.LagartoBasedHtmlParser
2020-06-04 15:14:27,458 INFO o.a.j.p.h.s.HTTPSamplerBase: Parser for text/xml is org.apache.jmeter.protocol.http.parser.LagartoBasedHtmlParser
2020-06-04 15:14:27,458 INFO o.a.j.p.h.s.HTTPSamplerBase: Parser for text/vnd.wap.wml is org.apache.jmeter.protocol.http.parser.RegexpHTMLParser
2020-06-04 15:14:27,458 INFO o.a.j.p.h.s.HTTPSamplerBase: Parser for text/css is org.apache.jmeter.protocol.http.parser.CssParser
2020-06-04 15:14:27,908 INFO o.a.j.e.KeyToolUtils: keytool found at 'keytool'
2020-06-04 15:14:27,909 INFO o.a.j.p.h.p.ProxyControl: HTTP(S) Test Script Recorder SSL Proxy will use keys that support embedded 3rd party resources in file D:\Java\nowcoder_project\apache-jmeter-5.1.1\bin\proxyserver.jks
2020-06-04 15:14:28,058 INFO o.a.j.s.FileServer: Default base='D:\Java\nowcoder_project\apache-jmeter-5.1.1\bin'
2020-06-04 15:14:28,975 INFO o.a.j.s.SampleResult: Note: Sample TimeStamps are START times
2020-06-04 15:14:28,975 INFO o.a.j.s.SampleResult: sampleresult.default.encoding is set to ISO-8859-1
2020-06-04 15:14:28,975 INFO o.a.j.s.SampleResult: sampleresult.useNanoTime=true
2020-06-04 15:14:28,975 INFO o.a.j.s.SampleResult: sampleresult.nanoThreadSleep=5000
2020-06-04 15:14:28,993 INFO o.a.j.v.ViewResultsFullVisualizer: Add JavaFX to your Java installation if you want to use renderer: org.apache.jmeter.visualizers.RenderInBrowser
2020-06-04 15:15:23,010 INFO o.a.j.u.JMeterUtils: Setting Locale to zh_CN
2020-06-04 15:18:59,898 INFO o.a.j.e.StandardJMeterEngine: Running the test!
2020-06-04 15:18:59,904 INFO o.a.j.s.SampleEvent: List of sample_variables: []
2020-06-04 15:18:59,904 INFO o.a.j.s.SampleEvent: List of sample_variables: []
2020-06-04 15:18:59,908 INFO o.a.j.e.u.CompoundVariable: Note: Function class names must contain the string: '.functions.'
2020-06-04 15:18:59,908 INFO o.a.j.e.u.CompoundVariable: Note: Function class names must not contain the string: '.gui.'
2020-06-04 15:19:00,222 INFO o.a.j.g.u.JMeterMenuBar: setRunning(true, *local*)
2020-06-04 15:19:00,268 INFO o.a.j.e.StandardJMeterEngine: Starting ThreadGroup: 1 : Community Index
2020-06-04 15:19:00,268 INFO o.a.j.e.StandardJMeterEngine: Starting 50 threads for group Community Index.
2020-06-04 15:19:00,268 INFO o.a.j.e.StandardJMeterEngine: Thread will continue on error
2020-06-04 15:19:00,268 INFO o.a.j.t.ThreadGroup: Starting thread group... number=1 threads=50 ramp-up=1 delayedStart=false
2020-06-04 15:19:00,279 INFO o.a.j.t.JMeterThread: Thread started: Community Index 1-1
2020-06-04 15:19:00,295 INFO o.a.j.t.JMeterThread: Thread started: Community Index 1-2
2020-06-04 15:19:00,306 INFO o.a.j.t.ThreadGroup: Started thread group number 1
2020-06-04 15:19:00,306 INFO o.a.j.e.StandardJMeterEngine: All thread groups have been started
2020-06-04 15:19:00,315 INFO o.a.j.t.JMeterThread: Thread started: Community Index 1-3
2020-06-04 15:19:00,344 INFO o.a.j.t.JMeterThread: Thread started: Community Index 1-4
2020-06-04 15:19:00,364 INFO o.a.j.t.JMeterThread: Thread started: Community Index 1-5
2020-06-04 15:19:00,383 INFO o.a.j.t.JMeterThread: Thread started: Community Index 1-6
2020-06-04 15:19:00,402 INFO o.a.j.t.JMeterThread: Thread started: Community Index 1-7
2020-06-04 15:19:00,422 INFO o.a.j.t.JMeterThread: Thread started: Community Index 1-8
2020-06-04 15:19:00,442 INFO o.a.j.t.JMeterThread: Thread started: Community Index 1-9
2020-06-04 15:19:00,461 INFO o.a.j.t.JMeterThread: Thread started: Community Index 1-10
2020-06-04 15:19:00,481 INFO o.a.j.t.JMeterThread: Thread started: Community Index 1-11
2020-06-04 15:19:00,501 INFO o.a.j.t.JMeterThread: Thread started: Community Index 1-12
2020-06-04 15:19:00,519 INFO o.a.j.t.JMeterThread: Thread started: Community Index 1-13
2020-06-04 15:19:00,525 INFO o.a.j.p.h.s.HTTPHCAbstractImpl: Local host = zt
2020-06-04 15:19:00,531 INFO o.a.j.p.h.s.HTTPHC4Impl: HTTP request retry count = 0
2020-06-04 15:19:00,538 INFO o.a.j.t.JMeterThread: Thread started: Community Index 1-14
2020-06-04 15:19:00,555 INFO o.a.j.t.JMeterThread: Thread started: Community Index 1-15
2020-06-04 15:19:00,573 INFO o.a.j.t.JMeterThread: Thread started: Community Index 1-16
2020-06-04 15:19:00,590 INFO o.a.j.t.JMeterThread: Thread started: Community Index 1-17
2020-06-04 15:19:00,611 INFO o.a.j.t.JMeterThread: Thread started: Community Index 1-18
2020-06-04 15:19:00,633 INFO o.a.j.t.JMeterThread: Thread started: Community Index 1-19
2020-06-04 15:19:00,651 INFO o.a.j.t.JMeterThread: Thread started: Community Index 1-20
2020-06-04 15:19:00,673 INFO o.a.j.t.JMeterThread: Thread started: Community Index 1-21
2020-06-04 15:19:00,693 INFO o.a.j.t.JMeterThread: Thread started: Community Index 1-22
2020-06-04 15:19:00,714 INFO o.a.j.t.JMeterThread: Thread started: Community Index 1-23
2020-06-04 15:19:00,733 INFO o.a.j.t.JMeterThread: Thread started: Community Index 1-24
2020-06-04 15:19:00,754 INFO o.a.j.t.JMeterThread: Thread started: Community Index 1-25
2020-06-04 15:19:00,773 INFO o.a.j.t.JMeterThread: Thread started: Community Index 1-26
2020-06-04 15:19:00,794 INFO o.a.j.t.JMeterThread: Thread started: Community Index 1-27
2020-06-04 15:19:00,814 INFO o.a.j.t.JMeterThread: Thread started: Community Index 1-28
2020-06-04 15:19:00,834 INFO o.a.j.t.JMeterThread: Thread started: Community Index 1-29
2020-06-04 15:19:00,854 INFO o.a.j.t.JMeterThread: Thread started: Community Index 1-30
2020-06-04 15:19:00,874 INFO o.a.j.t.JMeterThread: Thread started: Community Index 1-31
2020-06-04 15:19:00,894 INFO o.a.j.t.JMeterThread: Thread started: Community Index 1-32
2020-06-04 15:19:00,915 INFO o.a.j.t.JMeterThread: Thread started: Community Index 1-33
2020-06-04 15:19:00,935 INFO o.a.j.t.JMeterThread: Thread started: Community Index 1-34
2020-06-04 15:19:00,955 INFO o.a.j.t.JMeterThread: Thread started: Community Index 1-35
2020-06-04 15:19:00,975 INFO o.a.j.t.JMeterThread: Thread started: Community Index 1-36
2020-06-04 15:19:00,996 INFO o.a.j.t.JMeterThread: Thread started: Community Index 1-37
2020-06-04 15:19:01,016 INFO o.a.j.t.JMeterThread: Thread started: Community Index 1-38
2020-06-04 15:19:01,035 INFO o.a.j.t.JMeterThread: Thread started: Community Index 1-39
2020-06-04 15:19:01,055 INFO o.a.j.t.JMeterThread: Thread started: Community Index 1-40
2020-06-04 15:19:01,076 INFO o.a.j.t.JMeterThread: Thread started: Community Index 1-41
2020-06-04 15:19:01,097 INFO o.a.j.t.JMeterThread: Thread started: Community Index 1-42
2020-06-04 15:19:01,117 INFO o.a.j.t.JMeterThread: Thread started: Community Index 1-43
2020-06-04 15:19:01,137 INFO o.a.j.t.JMeterThread: Thread started: Community Index 1-44
2020-06-04 15:19:01,157 INFO o.a.j.t.JMeterThread: Thread started: Community Index 1-45
2020-06-04 15:19:01,178 INFO o.a.j.t.JMeterThread: Thread started: Community Index 1-46
2020-06-04 15:19:01,197 INFO o.a.j.t.JMeterThread: Thread started: Community Index 1-47
2020-06-04 15:19:01,218 INFO o.a.j.t.JMeterThread: Thread started: Community Index 1-48
2020-06-04 15:19:01,238 INFO o.a.j.t.JMeterThread: Thread started: Community Index 1-49
2020-06-04 15:19:01,258 INFO o.a.j.t.JMeterThread: Thread started: Community Index 1-50
2020-06-04 15:19:03,811 INFO o.a.j.t.JMeterThread: Thread is done: Community Index 1-34
2020-06-04 15:19:03,811 INFO o.a.j.t.JMeterThread: Thread is done: Community Index 1-5
2020-06-04 15:19:03,811 INFO o.a.j.t.JMeterThread: Thread is done: Community Index 1-27
2020-06-04 15:19:03,811 INFO o.a.j.t.JMeterThread: Thread is done: Community Index 1-11
2020-06-04 15:19:03,811 INFO o.a.j.t.JMeterThread: Thread finished: Community Index 1-34
2020-06-04 15:19:03,811 INFO o.a.j.t.JMeterThread: Thread finished: Community Index 1-5
2020-06-04 15:19:03,811 INFO o.a.j.t.JMeterThread: Thread finished: Community Index 1-27
2020-06-04 15:19:03,811 INFO o.a.j.t.JMeterThread: Thread finished: Community Index 1-11
2020-06-04 15:19:03,835 INFO o.a.j.t.JMeterThread: Thread is done: Community Index 1-32
2020-06-04 15:19:03,835 INFO o.a.j.t.JMeterThread: Thread is done: Community Index 1-8
2020-06-04 15:19:03,835 INFO o.a.j.t.JMeterThread: Thread finished: Community Index 1-32
2020-06-04 15:19:03,835 INFO o.a.j.t.JMeterThread: Thread finished: Community Index 1-8
2020-06-04 15:19:04,212 INFO o.a.j.t.JMeterThread: Thread is done: Community Index 1-13
2020-06-04 15:19:04,212 INFO o.a.j.t.JMeterThread: Thread is done: Community Index 1-14
2020-06-04 15:19:04,212 INFO o.a.j.t.JMeterThread: Thread finished: Community Index 1-13
2020-06-04 15:19:04,212 INFO o.a.j.t.JMeterThread: Thread finished: Community Index 1-14
2020-06-04 15:19:04,215 INFO o.a.j.t.JMeterThread: Thread is done: Community Index 1-42
2020-06-04 15:19:04,215 INFO o.a.j.t.JMeterThread: Thread finished: Community Index 1-42
2020-06-04 15:19:04,284 INFO o.a.j.t.JMeterThread: Thread is done: Community Index 1-1
2020-06-04 15:19:04,285 INFO o.a.j.t.JMeterThread: Thread finished: Community Index 1-1
2020-06-04 15:19:04,309 INFO o.a.j.t.JMeterThread: Thread is done: Community Index 1-28
2020-06-04 15:19:04,310 INFO o.a.j.t.JMeterThread: Thread finished: Community Index 1-28
2020-06-04 15:19:04,331 INFO o.a.j.t.JMeterThread: Thread is done: Community Index 1-6
2020-06-04 15:19:04,332 INFO o.a.j.t.JMeterThread: Thread finished: Community Index 1-6
2020-06-04 15:19:04,424 INFO o.a.j.t.JMeterThread: Thread is done: Community Index 1-15
2020-06-04 15:19:04,425 INFO o.a.j.t.JMeterThread: Thread finished: Community Index 1-15
2020-06-04 15:19:04,431 INFO o.a.j.t.JMeterThread: Thread is done: Community Index 1-9
2020-06-04 15:19:04,431 INFO o.a.j.t.JMeterThread: Thread finished: Community Index 1-9
2020-06-04 15:19:04,483 INFO o.a.j.t.JMeterThread: Thread is done: Community Index 1-24
2020-06-04 15:19:04,483 INFO o.a.j.t.JMeterThread: Thread finished: Community Index 1-24
2020-06-04 15:19:04,489 INFO o.a.j.t.JMeterThread: Thread is done: Community Index 1-2
2020-06-04 15:19:04,489 INFO o.a.j.t.JMeterThread: Thread finished: Community Index 1-2
2020-06-04 15:19:04,526 INFO o.a.j.t.JMeterThread: Thread is done: Community Index 1-36
2020-06-04 15:19:04,526 INFO o.a.j.t.JMeterThread: Thread finished: Community Index 1-36
2020-06-04 15:19:04,598 INFO o.a.j.t.JMeterThread: Thread is done: Community Index 1-3
2020-06-04 15:19:04,598 INFO o.a.j.t.JMeterThread: Thread finished: Community Index 1-3
2020-06-04 15:19:05,145 INFO o.a.j.t.JMeterThread: Thread is done: Community Index 1-19
2020-06-04 15:19:05,146 INFO o.a.j.t.JMeterThread: Thread finished: Community Index 1-19
2020-06-04 15:19:05,180 INFO o.a.j.t.JMeterThread: Thread is done: Community Index 1-37
2020-06-04 15:19:05,181 INFO o.a.j.t.JMeterThread: Thread finished: Community Index 1-37
2020-06-04 15:19:05,181 INFO o.a.j.t.JMeterThread: Thread is done: Community Index 1-18
2020-06-04 15:19:05,181 INFO o.a.j.t.JMeterThread: Thread finished: Community Index 1-18
2020-06-04 15:19:05,231 INFO o.a.j.t.JMeterThread: Thread is done: Community Index 1-40
2020-06-04 15:19:05,231 INFO o.a.j.t.JMeterThread: Thread finished: Community Index 1-40
2020-06-04 15:19:05,299 INFO o.a.j.t.JMeterThread: Thread is done: Community Index 1-29
2020-06-04 15:19:05,299 INFO o.a.j.t.JMeterThread: Thread finished: Community Index 1-29
2020-06-04 15:19:05,335 INFO o.a.j.t.JMeterThread: Thread is done: Community Index 1-30
2020-06-04 15:19:05,335 INFO o.a.j.t.JMeterThread: Thread finished: Community Index 1-30
2020-06-04 15:19:05,416 INFO o.a.j.t.JMeterThread: Thread is done: Community Index 1-26
2020-06-04 15:19:05,416 INFO o.a.j.t.JMeterThread: Thread finished: Community Index 1-26
2020-06-04 15:19:05,477 INFO o.a.j.t.JMeterThread: Thread is done: Community Index 1-25
2020-06-04 15:19:05,477 INFO o.a.j.t.JMeterThread: Thread finished: Community Index 1-25
2020-06-04 15:19:05,479 INFO o.a.j.t.JMeterThread: Thread is done: Community Index 1-16
2020-06-04 15:19:05,479 INFO o.a.j.t.JMeterThread: Thread finished: Community Index 1-16
2020-06-04 15:19:06,176 INFO o.a.j.t.JMeterThread: Thread is done: Community Index 1-17
2020-06-04 15:19:06,176 INFO o.a.j.t.JMeterThread: Thread finished: Community Index 1-17
2020-06-04 15:19:06,178 INFO o.a.j.t.JMeterThread: Thread is done: Community Index 1-20
2020-06-04 15:19:06,178 INFO o.a.j.t.JMeterThread: Thread is done: Community Index 1-46
2020-06-04 15:19:06,178 INFO o.a.j.t.JMeterThread: Thread finished: Community Index 1-20
2020-06-04 15:19:06,178 INFO o.a.j.t.JMeterThread: Thread finished: Community Index 1-46
2020-06-04 15:19:06,180 INFO o.a.j.t.JMeterThread: Thread is done: Community Index 1-10
2020-06-04 15:19:06,181 INFO o.a.j.t.JMeterThread: Thread finished: Community Index 1-10
2020-06-04 15:19:06,197 INFO o.a.j.t.JMeterThread: Thread is done: Community Index 1-45
2020-06-04 15:19:06,197 INFO o.a.j.t.JMeterThread: Thread finished: Community Index 1-45
2020-06-04 15:19:06,231 INFO o.a.j.t.JMeterThread: Thread is done: Community Index 1-41
2020-06-04 15:19:06,231 INFO o.a.j.t.JMeterThread: Thread finished: Community Index 1-41
2020-06-04 15:19:06,284 INFO o.a.j.t.JMeterThread: Thread is done: Community Index 1-23
2020-06-04 15:19:06,284 INFO o.a.j.t.JMeterThread: Thread finished: Community Index 1-23
2020-06-04 15:19:06,300 INFO o.a.j.t.JMeterThread: Thread is done: Community Index 1-33
2020-06-04 15:19:06,300 INFO o.a.j.t.JMeterThread: Thread finished: Community Index 1-33
2020-06-04 15:19:06,356 INFO o.a.j.t.JMeterThread: Thread is done: Community Index 1-4
2020-06-04 15:19:06,357 INFO o.a.j.t.JMeterThread: Thread finished: Community Index 1-4
2020-06-04 15:19:06,357 INFO o.a.j.t.JMeterThread: Thread is done: Community Index 1-12
2020-06-04 15:19:06,357 INFO o.a.j.t.JMeterThread: Thread finished: Community Index 1-12
2020-06-04 15:19:06,375 INFO o.a.j.t.JMeterThread: Thread is done: Community Index 1-38
2020-06-04 15:19:06,376 INFO o.a.j.t.JMeterThread: Thread finished: Community Index 1-38
2020-06-04 15:19:06,397 INFO o.a.j.t.JMeterThread: Thread is done: Community Index 1-50
2020-06-04 15:19:06,397 INFO o.a.j.t.JMeterThread: Thread finished: Community Index 1-50
2020-06-04 15:19:06,459 INFO o.a.j.t.JMeterThread: Thread is done: Community Index 1-31
2020-06-04 15:19:06,459 INFO o.a.j.t.JMeterThread: Thread finished: Community Index 1-31
2020-06-04 15:19:06,948 INFO o.a.j.t.JMeterThread: Thread is done: Community Index 1-43
2020-06-04 15:19:06,949 INFO o.a.j.t.JMeterThread: Thread finished: Community Index 1-43
2020-06-04 15:19:06,968 INFO o.a.j.t.JMeterThread: Thread is done: Community Index 1-49
2020-06-04 15:19:06,968 INFO o.a.j.t.JMeterThread: Thread finished: Community Index 1-49
2020-06-04 15:19:06,991 INFO o.a.j.t.JMeterThread: Thread is done: Community Index 1-44
2020-06-04 15:19:06,991 INFO o.a.j.t.JMeterThread: Thread finished: Community Index 1-44
2020-06-04 15:19:07,012 INFO o.a.j.t.JMeterThread: Thread is done: Community Index 1-21
2020-06-04 15:19:07,012 INFO o.a.j.t.JMeterThread: Thread finished: Community Index 1-21
2020-06-04 15:19:07,028 INFO o.a.j.t.JMeterThread: Thread is done: Community Index 1-39
2020-06-04 15:19:07,028 INFO o.a.j.t.JMeterThread: Thread finished: Community Index 1-39
2020-06-04 15:19:07,046 INFO o.a.j.t.JMeterThread: Thread is done: Community Index 1-47
2020-06-04 15:19:07,046 INFO o.a.j.t.JMeterThread: Thread is done: Community Index 1-22
2020-06-04 15:19:07,046 INFO o.a.j.t.JMeterThread: Thread is done: Community Index 1-35
2020-06-04 15:19:07,046 INFO o.a.j.t.JMeterThread: Thread finished: Community Index 1-22
2020-06-04 15:19:07,046 INFO o.a.j.t.JMeterThread: Thread finished: Community Index 1-35
2020-06-04 15:19:07,046 INFO o.a.j.t.JMeterThread: Thread finished: Community Index 1-47
2020-06-04 15:19:07,064 INFO o.a.j.t.JMeterThread: Thread is done: Community Index 1-7
2020-06-04 15:19:07,065 INFO o.a.j.t.JMeterThread: Thread finished: Community Index 1-7
2020-06-04 15:19:07,088 INFO o.a.j.t.JMeterThread: Thread is done: Community Index 1-48
2020-06-04 15:19:07,088 INFO o.a.j.t.JMeterThread: Thread finished: Community Index 1-48
2020-06-04 15:19:07,089 INFO o.a.j.e.StandardJMeterEngine: Notifying test listeners of end of test
2020-06-04 15:19:07,089 INFO o.a.j.g.u.JMeterMenuBar: setRunning(false, *local*)
2020-06-04 15:21:05,764 INFO o.a.j.e.StandardJMeterEngine: Running the test!
2020-06-04 15:21:05,765 INFO o.a.j.s.SampleEvent: List of sample_variables: []
2020-06-04 15:21:05,766 INFO o.a.j.g.u.JMeterMenuBar: setRunning(true, *local*)
2020-06-04 15:21:05,805 INFO o.a.j.e.StandardJMeterEngine: Starting ThreadGroup: 1 : Community Index
2020-06-04 15:21:05,805 INFO o.a.j.e.StandardJMeterEngine: Starting 20 threads for group Community Index.
2020-06-04 15:21:05,805 INFO o.a.j.e.StandardJMeterEngine: Thread will continue on error
2020-06-04 15:21:05,805 INFO o.a.j.t.ThreadGroup: Starting thread group... number=1 threads=20 ramp-up=1 delayedStart=false
2020-06-04 15:21:05,806 INFO o.a.j.t.JMeterThread: Thread started: Community Index 1-1
2020-06-04 15:21:05,814 INFO o.a.j.t.ThreadGroup: Started thread group number 1
2020-06-04 15:21:05,815 INFO o.a.j.e.StandardJMeterEngine: All thread groups have been started
2020-06-04 15:21:05,857 INFO o.a.j.t.JMeterThread: Thread started: Community Index 1-2
2020-06-04 15:21:05,907 INFO o.a.j.t.JMeterThread: Thread started: Community Index 1-3
2020-06-04 15:21:05,962 INFO o.a.j.t.JMeterThread: Thread started: Community Index 1-4
2020-06-04 15:21:06,012 INFO o.a.j.t.JMeterThread: Thread started: Community Index 1-5
2020-06-04 15:21:06,062 INFO o.a.j.t.JMeterThread: Thread started: Community Index 1-6
2020-06-04 15:21:06,112 INFO o.a.j.t.JMeterThread: Thread started: Community Index 1-7
2020-06-04 15:21:06,161 INFO o.a.j.t.JMeterThread: Thread started: Community Index 1-8
2020-06-04 15:21:06,211 INFO o.a.j.t.JMeterThread: Thread started: Community Index 1-9
2020-06-04 15:21:06,261 INFO o.a.j.t.JMeterThread: Thread started: Community Index 1-10
2020-06-04 15:21:06,312 INFO o.a.j.t.JMeterThread: Thread started: Community Index 1-11
2020-06-04 15:21:06,357 INFO o.a.j.t.JMeterThread: Thread started: Community Index 1-12
2020-06-04 15:21:06,410 INFO o.a.j.t.JMeterThread: Thread started: Community Index 1-13
2020-06-04 15:21:06,459 INFO o.a.j.t.JMeterThread: Thread started: Community Index 1-14
2020-06-04 15:21:06,510 INFO o.a.j.t.JMeterThread: Thread started: Community Index 1-15
2020-06-04 15:21:06,558 INFO o.a.j.t.JMeterThread: Thread started: Community Index 1-16
2020-06-04 15:21:06,610 INFO o.a.j.t.JMeterThread: Thread started: Community Index 1-17
2020-06-04 15:21:06,661 INFO o.a.j.t.JMeterThread: Thread started: Community Index 1-18
2020-06-04 15:21:06,711 INFO o.a.j.t.JMeterThread: Thread started: Community Index 1-19
2020-06-04 15:21:06,762 INFO o.a.j.t.JMeterThread: Thread started: Community Index 1-20
2020-06-04 15:21:07,065 INFO o.a.j.t.JMeterThread: Thread is done: Community Index 1-4
2020-06-04 15:21:07,065 INFO o.a.j.t.JMeterThread: Thread finished: Community Index 1-4
2020-06-04 15:21:07,124 INFO o.a.j.t.JMeterThread: Thread is done: Community Index 1-3
2020-06-04 15:21:07,124 INFO o.a.j.t.JMeterThread: Thread finished: Community Index 1-3
2020-06-04 15:21:07,167 INFO o.a.j.t.JMeterThread: Thread is done: Community Index 1-1
2020-06-04 15:21:07,168 INFO o.a.j.t.JMeterThread: Thread finished: Community Index 1-1
2020-06-04 15:21:07,728 INFO o.a.j.t.JMeterThread: Thread is done: Community Index 1-7
2020-06-04 15:21:07,728 INFO o.a.j.t.JMeterThread: Thread finished: Community Index 1-7
2020-06-04 15:21:07,749 INFO o.a.j.t.JMeterThread: Thread is done: Community Index 1-6
2020-06-04 15:21:07,749 INFO o.a.j.t.JMeterThread: Thread finished: Community Index 1-6
2020-06-04 15:21:07,804 INFO o.a.j.t.JMeterThread: Thread is done: Community Index 1-8
2020-06-04 15:21:07,805 INFO o.a.j.t.JMeterThread: Thread finished: Community Index 1-8
2020-06-04 15:21:07,821 INFO o.a.j.t.JMeterThread: Thread is done: Community Index 1-16
2020-06-04 15:21:07,821 INFO o.a.j.t.JMeterThread: Thread finished: Community Index 1-16
2020-06-04 15:21:07,848 INFO o.a.j.t.JMeterThread: Thread is done: Community Index 1-9
2020-06-04 15:21:07,848 INFO o.a.j.t.JMeterThread: Thread finished: Community Index 1-9
2020-06-04 15:21:07,890 INFO o.a.j.t.JMeterThread: Thread is done: Community Index 1-14
2020-06-04 15:21:07,890 INFO o.a.j.t.JMeterThread: Thread finished: Community Index 1-14
2020-06-04 15:21:07,922 INFO o.a.j.t.JMeterThread: Thread is done: Community Index 1-2
2020-06-04 15:21:07,922 INFO o.a.j.t.JMeterThread: Thread finished: Community Index 1-2
2020-06-04 15:21:08,395 INFO o.a.j.t.JMeterThread: Thread is done: Community Index 1-15
2020-06-04 15:21:08,395 INFO o.a.j.t.JMeterThread: Thread finished: Community Index 1-15
2020-06-04 15:21:08,402 INFO o.a.j.t.JMeterThread: Thread is done: Community Index 1-19
2020-06-04 15:21:08,403 INFO o.a.j.t.JMeterThread: Thread finished: Community Index 1-19
2020-06-04 15:21:08,418 INFO o.a.j.t.JMeterThread: Thread is done: Community Index 1-5
2020-06-04 15:21:08,418 INFO o.a.j.t.JMeterThread: Thread finished: Community Index 1-5
2020-06-04 15:21:08,426 INFO o.a.j.t.JMeterThread: Thread is done: Community Index 1-10
2020-06-04 15:21:08,426 INFO o.a.j.t.JMeterThread: Thread finished: Community Index 1-10
2020-06-04 15:21:08,431 INFO o.a.j.t.JMeterThread: Thread is done: Community Index 1-20
2020-06-04 15:21:08,431 INFO o.a.j.t.JMeterThread: Thread finished: Community Index 1-20
2020-06-04 15:21:08,454 INFO o.a.j.t.JMeterThread: Thread is done: Community Index 1-11
2020-06-04 15:21:08,455 INFO o.a.j.t.JMeterThread: Thread finished: Community Index 1-11
2020-06-04 15:21:08,456 INFO o.a.j.t.JMeterThread: Thread is done: Community Index 1-12
2020-06-04 15:21:08,456 INFO o.a.j.t.JMeterThread: Thread finished: Community Index 1-12
2020-06-04 15:21:08,470 INFO o.a.j.t.JMeterThread: Thread is done: Community Index 1-17
2020-06-04 15:21:08,470 INFO o.a.j.t.JMeterThread: Thread finished: Community Index 1-17
2020-06-04 15:21:09,001 INFO o.a.j.t.JMeterThread: Thread is done: Community Index 1-18
2020-06-04 15:21:09,001 INFO o.a.j.t.JMeterThread: Thread finished: Community Index 1-18
2020-06-04 15:21:09,002 INFO o.a.j.t.JMeterThread: Thread is done: Community Index 1-13
2020-06-04 15:21:09,002 INFO o.a.j.t.JMeterThread: Thread finished: Community Index 1-13
2020-06-04 15:21:09,002 INFO o.a.j.e.StandardJMeterEngine: Notifying test listeners of end of test
2020-06-04 15:21:09,003 INFO o.a.j.g.u.JMeterMenuBar: setRunning(false, *local*)
2020-06-04 15:21:57,097 INFO o.a.j.s.FileServer: Set new base='D:\Java\nowcoder_project\apache-jmeter-5.1.1\bin'
2020-06-04 15:21:57,227 INFO o.a.j.s.SaveService: Testplan (JMX) version: 2.2. Testlog (JTL) version: 2.2
2020-06-04 15:21:57,239 INFO o.a.j.s.SaveService: Using SaveService properties version 5.0
2020-06-04 15:21:57,241 INFO o.a.j.s.SaveService: Using SaveService properties file encoding UTF-8
2020-06-04 15:21:57,272 INFO o.a.j.e.StandardJMeterEngine: Running the test!
2020-06-04 15:21:57,272 INFO o.a.j.s.SampleEvent: List of sample_variables: []
2020-06-04 15:21:57,273 INFO o.a.j.g.u.JMeterMenuBar: setRunning(true, *local*)
2020-06-04 15:21:57,312 INFO o.a.j.e.StandardJMeterEngine: Starting ThreadGroup: 1 : Community Index
2020-06-04 15:21:57,312 INFO o.a.j.e.StandardJMeterEngine: Starting 20 threads for group Community Index.
2020-06-04 15:21:57,312 INFO o.a.j.e.StandardJMeterEngine: Thread will continue on error
2020-06-04 15:21:57,312 INFO o.a.j.t.ThreadGroup: Starting thread group... number=1 threads=20 ramp-up=1 delayedStart=false
2020-06-04 15:21:57,316 INFO o.a.j.t.JMeterThread: Thread started: Community Index 1-1
2020-06-04 15:21:57,319 INFO o.a.j.t.ThreadGroup: Started thread group number 1
2020-06-04 15:21:57,319 INFO o.a.j.e.StandardJMeterEngine: All thread groups have been started
2020-06-04 15:21:57,370 INFO o.a.j.t.JMeterThread: Thread started: Community Index 1-2
2020-06-04 15:21:57,415 INFO o.a.j.t.JMeterThread: Thread started: Community Index 1-3
2020-06-04 15:21:57,467 INFO o.a.j.t.JMeterThread: Thread started: Community Index 1-4
2020-06-04 15:21:57,519 INFO o.a.j.t.JMeterThread: Thread started: Community Index 1-5
2020-06-04 15:21:57,570 INFO o.a.j.t.JMeterThread: Thread started: Community Index 1-6
2020-06-04 15:21:57,620 INFO o.a.j.t.JMeterThread: Thread started: Community Index 1-7
2020-06-04 15:21:57,669 INFO o.a.j.t.JMeterThread: Thread started: Community Index 1-8
2020-06-04 15:21:57,720 INFO o.a.j.t.JMeterThread: Thread started: Community Index 1-9
2020-06-04 15:21:57,770 INFO o.a.j.t.JMeterThread: Thread started: Community Index 1-10
2020-06-04 15:21:57,821 INFO o.a.j.t.JMeterThread: Thread started: Community Index 1-11
2020-06-04 15:21:57,870 INFO o.a.j.t.JMeterThread: Thread started: Community Index 1-12
2020-06-04 15:21:57,920 INFO o.a.j.t.JMeterThread: Thread started: Community Index 1-13
2020-06-04 15:21:57,970 INFO o.a.j.t.JMeterThread: Thread started: Community Index 1-14
2020-06-04 15:21:58,021 INFO o.a.j.t.JMeterThread: Thread started: Community Index 1-15
2020-06-04 15:21:58,070 INFO o.a.j.t.JMeterThread: Thread started: Community Index 1-16
2020-06-04 15:21:58,120 INFO o.a.j.t.JMeterThread: Thread started: Community Index 1-17
2020-06-04 15:21:58,172 INFO o.a.j.t.JMeterThread: Thread started: Community Index 1-18
2020-06-04 15:21:58,220 INFO o.a.j.t.JMeterThread: Thread started: Community Index 1-19
2020-06-04 15:21:58,270 INFO o.a.j.t.JMeterThread: Thread started: Community Index 1-20
2020-06-04 15:21:58,688 INFO o.a.j.t.JMeterThread: Thread is done: Community Index 1-5
2020-06-04 15:21:58,688 INFO o.a.j.t.JMeterThread: Thread finished: Community Index 1-5
2020-06-04 15:21:58,732 INFO o.a.j.t.JMeterThread: Thread is done: Community Index 1-4
2020-06-04 15:21:58,732 INFO o.a.j.t.JMeterThread: Thread finished: Community Index 1-4
2020-06-04 15:21:58,747 INFO o.a.j.t.JMeterThread: Thread is done: Community Index 1-2
2020-06-04 15:21:58,747 INFO o.a.j.t.JMeterThread: Thread is done: Community Index 1-3
2020-06-04 15:21:58,747 INFO o.a.j.t.JMeterThread: Thread finished: Community Index 1-2
2020-06-04 15:21:58,747 INFO o.a.j.t.JMeterThread: Thread finished: Community Index 1-3
2020-06-04 15:21:58,807 INFO o.a.j.t.JMeterThread: Thread is done: Community Index 1-8
2020-06-04 15:21:58,807 INFO o.a.j.t.JMeterThread: Thread finished: Community Index 1-8
2020-06-04 15:21:59,250 INFO o.a.j.t.JMeterThread: Thread is done: Community Index 1-1
2020-06-04 15:21:59,250 INFO o.a.j.t.JMeterThread: Thread finished: Community Index 1-1
2020-06-04 15:21:59,260 INFO o.a.j.t.JMeterThread: Thread is done: Community Index 1-6
2020-06-04 15:21:59,260 INFO o.a.j.t.JMeterThread: Thread finished: Community Index 1-6
2020-06-04 15:21:59,268 INFO o.a.j.t.JMeterThread: Thread is done: Community Index 1-9
2020-06-04 15:21:59,268 INFO o.a.j.t.JMeterThread: Thread is done: Community Index 1-20
2020-06-04 15:21:59,268 INFO o.a.j.t.JMeterThread: Thread finished: Community Index 1-9
2020-06-04 15:21:59,268 INFO o.a.j.t.JMeterThread: Thread finished: Community Index 1-20
2020-06-04 15:21:59,279 INFO o.a.j.t.JMeterThread: Thread is done: Community Index 1-7
2020-06-04 15:21:59,280 INFO o.a.j.t.JMeterThread: Thread finished: Community Index 1-7
2020-06-04 15:21:59,328 INFO o.a.j.t.JMeterThread: Thread is done: Community Index 1-17
2020-06-04 15:21:59,328 INFO o.a.j.t.JMeterThread: Thread finished: Community Index 1-17
2020-06-04 15:21:59,346 INFO o.a.j.t.JMeterThread: Thread is done: Community Index 1-12
2020-06-04 15:21:59,346 INFO o.a.j.t.JMeterThread: Thread finished: Community Index 1-12
2020-06-04 15:21:59,374 INFO o.a.j.t.JMeterThread: Thread is done: Community Index 1-15
2020-06-04 15:21:59,374 INFO o.a.j.t.JMeterThread: Thread finished: Community Index 1-15
2020-06-04 15:21:59,408 INFO o.a.j.t.JMeterThread: Thread is done: Community Index 1-11
2020-06-04 15:21:59,408 INFO o.a.j.t.JMeterThread: Thread finished: Community Index 1-11
2020-06-04 15:21:59,700 INFO o.a.j.t.JMeterThread: Thread is done: Community Index 1-13
2020-06-04 15:21:59,700 INFO o.a.j.t.JMeterThread: Thread finished: Community Index 1-13
2020-06-04 15:21:59,704 INFO o.a.j.t.JMeterThread: Thread is done: Community Index 1-18
2020-06-04 15:21:59,704 INFO o.a.j.t.JMeterThread: Thread finished: Community Index 1-18
2020-06-04 15:21:59,704 INFO o.a.j.t.JMeterThread: Thread is done: Community Index 1-10
2020-06-04 15:21:59,704 INFO o.a.j.t.JMeterThread: Thread finished: Community Index 1-10
2020-06-04 15:21:59,724 INFO o.a.j.t.JMeterThread: Thread is done: Community Index 1-14
2020-06-04 15:21:59,725 INFO o.a.j.t.JMeterThread: Thread finished: Community Index 1-14
2020-06-04 15:22:00,262 INFO o.a.j.t.JMeterThread: Thread is done: Community Index 1-19
2020-06-04 15:22:00,263 INFO o.a.j.t.JMeterThread: Thread finished: Community Index 1-19
2020-06-04 15:22:00,263 INFO o.a.j.t.JMeterThread: Thread is done: Community Index 1-16
2020-06-04 15:22:00,263 INFO o.a.j.t.JMeterThread: Thread finished: Community Index 1-16
2020-06-04 15:22:00,264 INFO o.a.j.e.StandardJMeterEngine: Notifying test listeners of end of test
2020-06-04 15:22:00,264 INFO o.a.j.g.u.JMeterMenuBar: setRunning(false, *local*)
2020-06-04 15:22:35,634 INFO o.a.j.e.StandardJMeterEngine: Running the test!
2020-06-04 15:22:35,634 INFO o.a.j.s.SampleEvent: List of sample_variables: []
2020-06-04 15:22:35,634 INFO o.a.j.g.u.JMeterMenuBar: setRunning(true, *local*)
2020-06-04 15:22:35,671 INFO o.a.j.e.StandardJMeterEngine: Starting ThreadGroup: 1 : Community Index
2020-06-04 15:22:35,671 INFO o.a.j.e.StandardJMeterEngine: Starting 50 threads for group Community Index.
2020-06-04 15:22:35,671 INFO o.a.j.e.StandardJMeterEngine: Thread will continue on error
2020-06-04 15:22:35,671 INFO o.a.j.t.ThreadGroup: Starting thread group... number=1 threads=50 ramp-up=1 delayedStart=false
2020-06-04 15:22:35,673 INFO o.a.j.t.JMeterThread: Thread started: Community Index 1-1
2020-06-04 15:22:35,682 INFO o.a.j.t.ThreadGroup: Started thread group number 1
2020-06-04 15:22:35,682 INFO o.a.j.e.StandardJMeterEngine: All thread groups have been started
2020-06-04 15:22:35,694 INFO o.a.j.t.JMeterThread: Thread started: Community Index 1-2
2020-06-04 15:22:35,714 INFO o.a.j.t.JMeterThread: Thread started: Community Index 1-3
2020-06-04 15:22:35,738 INFO o.a.j.t.JMeterThread: Thread started: Community Index 1-4
2020-06-04 15:22:35,755 INFO o.a.j.t.JMeterThread: Thread started: Community Index 1-5
2020-06-04 15:22:35,775 INFO o.a.j.t.JMeterThread: Thread started: Community Index 1-6
2020-06-04 15:22:35,796 INFO o.a.j.t.JMeterThread: Thread started: Community Index 1-7
2020-06-04 15:22:35,816 INFO o.a.j.t.JMeterThread: Thread started: Community Index 1-8
2020-06-04 15:22:35,837 INFO o.a.j.t.JMeterThread: Thread started: Community Index 1-9
2020-06-04 15:22:35,853 INFO o.a.j.t.JMeterThread: Thread started: Community Index 1-10
2020-06-04 15:22:35,877 INFO o.a.j.t.JMeterThread: Thread started: Community Index 1-11
2020-06-04 15:22:35,897 INFO o.a.j.t.JMeterThread: Thread started: Community Index 1-12
2020-06-04 15:22:35,918 INFO o.a.j.t.JMeterThread: Thread started: Community Index 1-13
2020-06-04 15:22:35,937 INFO o.a.j.t.JMeterThread: Thread started: Community Index 1-14
2020-06-04 15:22:35,958 INFO o.a.j.t.JMeterThread: Thread started: Community Index 1-15
2020-06-04 15:22:35,978 INFO o.a.j.t.JMeterThread: Thread started: Community Index 1-16
2020-06-04 15:22:35,998 INFO o.a.j.t.JMeterThread: Thread started: Community Index 1-17
2020-06-04 15:22:36,018 INFO o.a.j.t.JMeterThread: Thread started: Community Index 1-18
2020-06-04 15:22:36,039 INFO o.a.j.t.JMeterThread: Thread started: Community Index 1-19
2020-06-04 15:22:36,060 INFO o.a.j.t.JMeterThread: Thread started: Community Index 1-20
2020-06-04 15:22:36,081 INFO o.a.j.t.JMeterThread: Thread started: Community Index 1-21
2020-06-04 15:22:36,101 INFO o.a.j.t.JMeterThread: Thread started: Community Index 1-22
2020-06-04 15:22:36,121 INFO o.a.j.t.JMeterThread: Thread started: Community Index 1-23
2020-06-04 15:22:36,141 INFO o.a.j.t.JMeterThread: Thread started: Community Index 1-24
2020-06-04 15:22:36,162 INFO o.a.j.t.JMeterThread: Thread started: Community Index 1-25
2020-06-04 15:22:36,182 INFO o.a.j.t.JMeterThread: Thread started: Community Index 1-26
2020-06-04 15:22:36,203 INFO o.a.j.t.JMeterThread: Thread started: Community Index 1-27
2020-06-04 15:22:36,222 INFO o.a.j.t.JMeterThread: Thread started: Community Index 1-28
2020-06-04 15:22:36,242 INFO o.a.j.t.JMeterThread: Thread started: Community Index 1-29
2020-06-04 15:22:36,269 INFO o.a.j.t.JMeterThread: Thread started: Community Index 1-30
2020-06-04 15:22:36,282 INFO o.a.j.t.JMeterThread: Thread started: Community Index 1-31
2020-06-04 15:22:36,303 INFO o.a.j.t.JMeterThread: Thread started: Community Index 1-32
2020-06-04 15:22:36,322 INFO o.a.j.t.JMeterThread: Thread started: Community Index 1-33
2020-06-04 15:22:36,343 INFO o.a.j.t.JMeterThread: Thread started: Community Index 1-34
2020-06-04 15:22:36,363 INFO o.a.j.t.JMeterThread: Thread started: Community Index 1-35
2020-06-04 15:22:36,384 INFO o.a.j.t.JMeterThread: Thread started: Community Index 1-36
2020-06-04 15:22:36,403 INFO o.a.j.t.JMeterThread: Thread started: Community Index 1-37
2020-06-04 15:22:36,424 INFO o.a.j.t.JMeterThread: Thread started: Community Index 1-38
2020-06-04 15:22:36,443 INFO o.a.j.t.JMeterThread: Thread started: Community Index 1-39
2020-06-04 15:22:36,465 INFO o.a.j.t.JMeterThread: Thread started: Community Index 1-40
2020-06-04 15:22:36,485 INFO o.a.j.t.JMeterThread: Thread started: Community Index 1-41
2020-06-04 15:22:36,506 INFO o.a.j.t.JMeterThread: Thread started: Community Index 1-42
2020-06-04 15:22:36,526 INFO o.a.j.t.JMeterThread: Thread started: Community Index 1-43
2020-06-04 15:22:36,547 INFO o.a.j.t.JMeterThread: Thread started: Community Index 1-44
2020-06-04 15:22:36,567 INFO o.a.j.t.JMeterThread: Thread started: Community Index 1-45
2020-06-04 15:22:36,586 INFO o.a.j.t.JMeterThread: Thread started: Community Index 1-46
2020-06-04 15:22:36,607 INFO o.a.j.t.JMeterThread: Thread started: Community Index 1-47
2020-06-04 15:22:36,627 INFO o.a.j.t.JMeterThread: Thread started: Community Index 1-48
2020-06-04 15:22:36,648 INFO o.a.j.t.JMeterThread: Thread started: Community Index 1-49
2020-06-04 15:22:36,668 INFO o.a.j.t.JMeterThread: Thread started: Community Index 1-50
2020-06-04 15:22:37,726 INFO o.a.j.u.JsseSSLManager: Using default SSL protocol: TLS
2020-06-04 15:22:37,726 INFO o.a.j.u.JsseSSLManager: SSL session context: per-thread
2020-06-04 15:24:15,827 INFO o.a.j.t.JMeterThread: Stopping because end time detected by thread: Community Index 1-25
2020-06-04 15:24:15,827 INFO o.a.j.t.JMeterThread: Thread finished: Community Index 1-25
2020-06-04 15:24:15,837 INFO o.a.j.t.JMeterThread: Stopping because end time detected by thread: Community Index 1-44
2020-06-04 15:24:15,837 INFO o.a.j.t.JMeterThread: Thread finished: Community Index 1-44
2020-06-04 15:24:15,838 INFO o.a.j.t.JMeterThread: Stopping because end time detected by thread: Community Index 1-40
2020-06-04 15:24:15,838 INFO o.a.j.t.JMeterThread: Thread finished: Community Index 1-40
2020-06-04 15:24:15,854 INFO o.a.j.t.JMeterThread: Stopping because end time detected by thread: Community Index 1-15
2020-06-04 15:24:15,854 INFO o.a.j.t.JMeterThread: Stopping because end time detected by thread: Community Index 1-43
2020-06-04 15:24:15,854 INFO o.a.j.t.JMeterThread: Thread finished: Community Index 1-15
2020-06-04 15:24:15,854 INFO o.a.j.t.JMeterThread: Thread finished: Community Index 1-43
2020-06-04 15:24:15,880 INFO o.a.j.t.JMeterThread: Stopping because end time detected by thread: Community Index 1-27
2020-06-04 15:24:15,880 INFO o.a.j.t.JMeterThread: Thread finished: Community Index 1-27
2020-06-04 15:24:15,904 INFO o.a.j.t.JMeterThread: Stopping because end time detected by thread: Community Index 1-29
2020-06-04 15:24:15,904 INFO o.a.j.t.JMeterThread: Thread finished: Community Index 1-29
2020-06-04 15:24:15,907 INFO o.a.j.t.JMeterThread: Stopping because end time detected by thread: Community Index 1-47
2020-06-04 15:24:15,908 INFO o.a.j.t.JMeterThread: Thread finished: Community Index 1-47
2020-06-04 15:24:16,592 INFO o.a.j.t.JMeterThread: Stopping because end time detected by thread: Community Index 1-1
2020-06-04 15:24:16,592 INFO o.a.j.t.JMeterThread: Thread finished: Community Index 1-1
2020-06-04 15:24:16,594 INFO o.a.j.t.JMeterThread: Stopping because end time detected by thread: Community Index 1-49
2020-06-04 15:24:16,594 INFO o.a.j.t.JMeterThread: Thread finished: Community Index 1-49
2020-06-04 15:24:16,616 INFO o.a.j.t.JMeterThread: Stopping because end time detected by thread: Community Index 1-45
2020-06-04 15:24:16,616 INFO o.a.j.t.JMeterThread: Thread finished: Community Index 1-45
2020-06-04 15:24:16,617 INFO o.a.j.t.JMeterThread: Stopping because end time detected by thread: Community Index 1-32
2020-06-04 15:24:16,618 INFO o.a.j.t.JMeterThread: Thread finished: Community Index 1-32
2020-06-04 15:24:16,634 INFO o.a.j.t.JMeterThread: Stopping because end time detected by thread: Community Index 1-23
2020-06-04 15:24:16,634 INFO o.a.j.t.JMeterThread: Thread finished: Community Index 1-23
2020-06-04 15:24:16,694 INFO o.a.j.t.JMeterThread: Stopping because end time detected by thread: Community Index 1-22
2020-06-04 15:24:16,694 INFO o.a.j.t.JMeterThread: Thread finished: Community Index 1-22
2020-06-04 15:24:16,716 INFO o.a.j.t.JMeterThread: Stopping because end time detected by thread: Community Index 1-6
2020-06-04 15:24:16,716 INFO o.a.j.t.JMeterThread: Thread finished: Community Index 1-6
2020-06-04 15:24:17,416 INFO o.a.j.t.JMeterThread: Stopping because end time detected by thread: Community Index 1-13
2020-06-04 15:24:17,416 INFO o.a.j.t.JMeterThread: Stopping because end time detected by thread: Community Index 1-24
2020-06-04 15:24:17,416 INFO o.a.j.t.JMeterThread: Thread finished: Community Index 1-13
2020-06-04 15:24:17,416 INFO o.a.j.t.JMeterThread: Thread finished: Community Index 1-24
2020-06-04 15:24:17,418 INFO o.a.j.t.JMeterThread: Stopping because end time detected by thread: Community Index 1-34
2020-06-04 15:24:17,418 INFO o.a.j.t.JMeterThread: Thread finished: Community Index 1-34
2020-06-04 15:24:17,469 INFO o.a.j.t.JMeterThread: Stopping because end time detected by thread: Community Index 1-7
2020-06-04 15:24:17,470 INFO o.a.j.t.JMeterThread: Thread finished: Community Index 1-7
2020-06-04 15:24:17,487 INFO o.a.j.t.JMeterThread: Stopping because end time detected by thread: Community Index 1-30
2020-06-04 15:24:17,487 INFO o.a.j.t.JMeterThread: Thread finished: Community Index 1-30
2020-06-04 15:24:17,508 INFO o.a.j.t.JMeterThread: Stopping because end time detected by thread: Community Index 1-4
2020-06-04 15:24:17,508 INFO o.a.j.t.JMeterThread: Thread finished: Community Index 1-4
2020-06-04 15:24:17,530 INFO o.a.j.t.JMeterThread: Stopping because end time detected by thread: Community Index 1-37
2020-06-04 15:24:17,531 INFO o.a.j.t.JMeterThread: Thread finished: Community Index 1-37
2020-06-04 15:24:17,544 INFO o.a.j.t.JMeterThread: Stopping because end time detected by thread: Community Index 1-28
2020-06-04 15:24:17,545 INFO o.a.j.t.JMeterThread: Thread finished: Community Index 1-28
2020-06-04 15:24:17,558 INFO o.a.j.t.JMeterThread: Stopping because end time detected by thread: Community Index 1-48
2020-06-04 15:24:17,558 INFO o.a.j.t.JMeterThread: Thread finished: Community Index 1-48
2020-06-04 15:24:18,218 INFO o.a.j.t.JMeterThread: Stopping because end time detected by thread: Community Index 1-14
2020-06-04 15:24:18,218 INFO o.a.j.t.JMeterThread: Thread finished: Community Index 1-14
2020-06-04 15:24:18,247 INFO o.a.j.t.JMeterThread: Stopping because end time detected by thread: Community Index 1-33
2020-06-04 15:24:18,247 INFO o.a.j.t.JMeterThread: Thread finished: Community Index 1-33
2020-06-04 15:24:18,279 INFO o.a.j.t.JMeterThread: Stopping because end time detected by thread: Community Index 1-9
2020-06-04 15:24:18,279 INFO o.a.j.t.JMeterThread: Thread finished: Community Index 1-9
2020-06-04 15:24:18,342 INFO o.a.j.t.JMeterThread: Stopping because end time detected by thread: Community Index 1-36
2020-06-04 15:24:18,342 INFO o.a.j.t.JMeterThread: Stopping because end time detected by thread: Community Index 1-10
2020-06-04 15:24:18,342 INFO o.a.j.t.JMeterThread: Thread finished: Community Index 1-36
2020-06-04 15:24:18,342 INFO o.a.j.t.JMeterThread: Thread finished: Community Index 1-10
2020-06-04 15:24:18,382 INFO o.a.j.t.JMeterThread: Stopping because end time detected by thread: Community Index 1-18
2020-06-04 15:24:18,382 INFO o.a.j.t.JMeterThread: Thread finished: Community Index 1-18
2020-06-04 15:24:18,389 INFO o.a.j.t.JMeterThread: Stopping because end time detected by thread: Community Index 1-8
2020-06-04 15:24:18,389 INFO o.a.j.t.JMeterThread: Thread finished: Community Index 1-8
2020-06-04 15:24:18,402 INFO o.a.j.t.JMeterThread: Stopping because end time detected by thread: Community Index 1-3
2020-06-04 15:24:18,402 INFO o.a.j.t.JMeterThread: Thread finished: Community Index 1-3
2020-06-04 15:24:18,410 INFO o.a.j.t.JMeterThread: Stopping because end time detected by thread: Community Index 1-35
2020-06-04 15:24:18,411 INFO o.a.j.t.JMeterThread: Thread finished: Community Index 1-35
2020-06-04 15:24:18,434 INFO o.a.j.t.JMeterThread: Stopping because end time detected by thread: Community Index 1-5
2020-06-04 15:24:18,434 INFO o.a.j.t.JMeterThread: Thread finished: Community Index 1-5
2020-06-04 15:24:19,234 INFO o.a.j.t.JMeterThread: Stopping because end time detected by thread: Community Index 1-12
2020-06-04 15:24:19,234 INFO o.a.j.t.JMeterThread: Thread finished: Community Index 1-12
2020-06-04 15:24:19,246 INFO o.a.j.t.JMeterThread: Stopping because end time detected by thread: Community Index 1-20
2020-06-04 15:24:19,246 INFO o.a.j.t.JMeterThread: Thread finished: Community Index 1-20
2020-06-04 15:24:19,249 INFO o.a.j.t.JMeterThread: Stopping because end time detected by thread: Community Index 1-19
2020-06-04 15:24:19,249 INFO o.a.j.t.JMeterThread: Stopping because end time detected by thread: Community Index 1-11
2020-06-04 15:24:19,249 INFO o.a.j.t.JMeterThread: Thread finished: Community Index 1-19
2020-06-04 15:24:19,249 INFO o.a.j.t.JMeterThread: Thread finished: Community Index 1-11
2020-06-04 15:24:19,266 INFO o.a.j.t.JMeterThread: Stopping because end time detected by thread: Community Index 1-46
2020-06-04 15:24:19,266 INFO o.a.j.t.JMeterThread: Thread finished: Community Index 1-46
2020-06-04 15:24:19,277 INFO o.a.j.t.JMeterThread: Stopping because end time detected by thread: Community Index 1-16
2020-06-04 15:24:19,277 INFO o.a.j.t.JMeterThread: Thread finished: Community Index 1-16
2020-06-04 15:24:19,278 INFO o.a.j.t.JMeterThread: Stopping because end time detected by thread: Community Index 1-31
2020-06-04 15:24:19,278 INFO o.a.j.t.JMeterThread: Thread finished: Community Index 1-31
2020-06-04 15:24:19,302 INFO o.a.j.t.JMeterThread: Stopping because end time detected by thread: Community Index 1-17
2020-06-04 15:24:19,302 INFO o.a.j.t.JMeterThread: Thread finished: Community Index 1-17
2020-06-04 15:24:19,318 INFO o.a.j.t.JMeterThread: Stopping because end time detected by thread: Community Index 1-2
2020-06-04 15:24:19,318 INFO o.a.j.t.JMeterThread: Thread finished: Community Index 1-2
2020-06-04 15:24:19,325 INFO o.a.j.t.JMeterThread: Stopping because end time detected by thread: Community Index 1-26
2020-06-04 15:24:19,325 INFO o.a.j.t.JMeterThread: Thread finished: Community Index 1-26
2020-06-04 15:24:19,332 INFO o.a.j.t.JMeterThread: Stopping because end time detected by thread: Community Index 1-21
2020-06-04 15:24:19,332 INFO o.a.j.t.JMeterThread: Thread finished: Community Index 1-21
2020-06-04 15:24:19,335 INFO o.a.j.t.JMeterThread: Stopping because end time detected by thread: Community Index 1-42
2020-06-04 15:24:19,335 INFO o.a.j.t.JMeterThread: Thread finished: Community Index 1-42
2020-06-04 15:24:19,341 INFO o.a.j.t.JMeterThread: Stopping because end time detected by thread: Community Index 1-39
2020-06-04 15:24:19,341 INFO o.a.j.t.JMeterThread: Thread finished: Community Index 1-39
2020-06-04 15:24:19,348 INFO o.a.j.t.JMeterThread: Stopping because end time detected by thread: Community Index 1-38
2020-06-04 15:24:19,348 INFO o.a.j.t.JMeterThread: Thread finished: Community Index 1-38
2020-06-04 15:24:19,349 INFO o.a.j.t.JMeterThread: Stopping because end time detected by thread: Community Index 1-50
2020-06-04 15:24:19,349 INFO o.a.j.t.JMeterThread: Thread finished: Community Index 1-50
2020-06-04 15:24:20,012 INFO o.a.j.t.JMeterThread: Stopping because end time detected by thread: Community Index 1-41
2020-06-04 15:24:20,012 INFO o.a.j.t.JMeterThread: Thread finished: Community Index 1-41
2020-06-04 15:24:20,013 INFO o.a.j.e.StandardJMeterEngine: Notifying test listeners of end of test
2020-06-04 15:24:20,013 INFO o.a.j.g.u.JMeterMenuBar: setRunning(false, *local*)
2020-06-04 15:26:35,844 INFO o.a.j.e.StandardJMeterEngine: Running the test!
2020-06-04 15:26:35,844 INFO o.a.j.s.SampleEvent: List of sample_variables: []
2020-06-04 15:26:35,845 INFO o.a.j.g.u.JMeterMenuBar: setRunning(true, *local*)
2020-06-04 15:26:35,887 INFO o.a.j.e.StandardJMeterEngine: Starting ThreadGroup: 1 : Community Index
2020-06-04 15:26:35,887 INFO o.a.j.e.StandardJMeterEngine: Starting 50 threads for group Community Index.
2020-06-04 15:26:35,887 INFO o.a.j.e.StandardJMeterEngine: Thread will continue on error
2020-06-04 15:26:35,887 INFO o.a.j.t.ThreadGroup: Starting thread group... number=1 threads=50 ramp-up=1 delayedStart=false
2020-06-04 15:26:35,889 INFO o.a.j.t.JMeterThread: Thread started: Community Index 1-1
2020-06-04 15:26:35,897 INFO o.a.j.t.ThreadGroup: Started thread group number 1
2020-06-04 15:26:35,897 INFO o.a.j.e.StandardJMeterEngine: All thread groups have been started
2020-06-04 15:26:35,909 INFO o.a.j.t.JMeterThread: Thread started: Community Index 1-2
2020-06-04 15:26:35,930 INFO o.a.j.t.JMeterThread: Thread started: Community Index 1-3
2020-06-04 15:26:35,950 INFO o.a.j.t.JMeterThread: Thread started: Community Index 1-4
2020-06-04 15:26:35,970 INFO o.a.j.t.JMeterThread: Thread started: Community Index 1-5
2020-06-04 15:26:35,990 INFO o.a.j.t.JMeterThread: Thread started: Community Index 1-6
2020-06-04 15:26:36,011 INFO o.a.j.t.JMeterThread: Thread started: Community Index 1-7
2020-06-04 15:26:36,031 INFO o.a.j.t.JMeterThread: Thread started: Community Index 1-8
2020-06-04 15:26:36,051 INFO o.a.j.t.JMeterThread: Thread started: Community Index 1-9
2020-06-04 15:26:36,072 INFO o.a.j.t.JMeterThread: Thread started: Community Index 1-10
2020-06-04 15:26:36,093 INFO o.a.j.t.JMeterThread: Thread started: Community Index 1-11
2020-06-04 15:26:36,112 INFO o.a.j.t.JMeterThread: Thread started: Community Index 1-12
2020-06-04 15:26:36,133 INFO o.a.j.t.JMeterThread: Thread started: Community Index 1-13
2020-06-04 15:26:36,153 INFO o.a.j.t.JMeterThread: Thread started: Community Index 1-14
2020-06-04 15:26:36,174 INFO o.a.j.t.JMeterThread: Thread started: Community Index 1-15
2020-06-04 15:26:36,194 INFO o.a.j.t.JMeterThread: Thread started: Community Index 1-16
2020-06-04 15:26:36,214 INFO o.a.j.t.JMeterThread: Thread started: Community Index 1-17
2020-06-04 15:26:36,233 INFO o.a.j.t.JMeterThread: Thread started: Community Index 1-18
2020-06-04 15:26:36,261 INFO o.a.j.t.JMeterThread: Thread started: Community Index 1-19
2020-06-04 15:26:36,274 INFO o.a.j.t.JMeterThread: Thread started: Community Index 1-20
2020-06-04 15:26:36,296 INFO o.a.j.t.JMeterThread: Thread started: Community Index 1-21
2020-06-04 15:26:36,316 INFO o.a.j.t.JMeterThread: Thread started: Community Index 1-22
2020-06-04 15:26:36,336 INFO o.a.j.t.JMeterThread: Thread started: Community Index 1-23
2020-06-04 15:26:36,356 INFO o.a.j.t.JMeterThread: Thread started: Community Index 1-24
2020-06-04 15:26:36,376 INFO o.a.j.t.JMeterThread: Thread started: Community Index 1-25
2020-06-04 15:26:36,397 INFO o.a.j.t.JMeterThread: Thread started: Community Index 1-26
2020-06-04 15:26:36,417 INFO o.a.j.t.JMeterThread: Thread started: Community Index 1-27
2020-06-04 15:26:36,437 INFO o.a.j.t.JMeterThread: Thread started: Community Index 1-28
2020-06-04 15:26:36,457 INFO o.a.j.t.JMeterThread: Thread started: Community Index 1-29
2020-06-04 15:26:36,477 INFO o.a.j.t.JMeterThread: Thread started: Community Index 1-30
2020-06-04 15:26:36,498 INFO o.a.j.t.JMeterThread: Thread started: Community Index 1-31
2020-06-04 15:26:36,518 INFO o.a.j.t.JMeterThread: Thread started: Community Index 1-32
2020-06-04 15:26:36,539 INFO o.a.j.t.JMeterThread: Thread started: Community Index 1-33
2020-06-04 15:26:36,558 INFO o.a.j.t.JMeterThread: Thread started: Community Index 1-34
2020-06-04 15:26:36,578 INFO o.a.j.t.JMeterThread: Thread started: Community Index 1-35
2020-06-04 15:26:36,598 INFO o.a.j.t.JMeterThread: Thread started: Community Index 1-36
2020-06-04 15:26:36,618 INFO o.a.j.t.JMeterThread: Thread started: Community Index 1-37
2020-06-04 15:26:36,638 INFO o.a.j.t.JMeterThread: Thread started: Community Index 1-38
2020-06-04 15:26:36,658 INFO o.a.j.t.JMeterThread: Thread started: Community Index 1-39
2020-06-04 15:26:36,679 INFO o.a.j.t.JMeterThread: Thread started: Community Index 1-40
2020-06-04 15:26:36,700 INFO o.a.j.t.JMeterThread: Thread started: Community Index 1-41
2020-06-04 15:26:36,720 INFO o.a.j.t.JMeterThread: Thread started: Community Index 1-42
2020-06-04 15:26:36,741 INFO o.a.j.t.JMeterThread: Thread started: Community Index 1-43
2020-06-04 15:26:36,760 INFO o.a.j.t.JMeterThread: Thread started: Community Index 1-44
2020-06-04 15:26:36,781 INFO o.a.j.t.JMeterThread: Thread started: Community Index 1-45
2020-06-04 15:26:36,801 INFO o.a.j.t.JMeterThread: Thread started: Community Index 1-46
2020-06-04 15:26:36,821 INFO o.a.j.t.JMeterThread: Thread started: Community Index 1-47
2020-06-04 15:26:36,842 INFO o.a.j.t.JMeterThread: Thread started: Community Index 1-48
2020-06-04 15:26:36,861 INFO o.a.j.t.JMeterThread: Thread started: Community Index 1-49
2020-06-04 15:26:36,881 INFO o.a.j.t.JMeterThread: Thread started: Community Index 1-50
2020-06-04 15:28:15,911 INFO o.a.j.t.JMeterThread: Stopping because end time detected by thread: Community Index 1-1
2020-06-04 15:28:15,910 INFO o.a.j.t.JMeterThread: Stopping because end time detected by thread: Community Index 1-30
2020-06-04 15:28:15,912 INFO o.a.j.t.JMeterThread: Stopping because end time detected by thread: Community Index 1-2
2020-06-04 15:28:15,913 INFO o.a.j.t.JMeterThread: Thread finished: Community Index 1-2
2020-06-04 15:28:15,913 INFO o.a.j.t.JMeterThread: Thread finished: Community Index 1-1
2020-06-04 15:28:15,913 INFO o.a.j.t.JMeterThread: Thread finished: Community Index 1-30
2020-06-04 15:28:15,913 INFO o.a.j.t.JMeterThread: Stopping because end time detected by thread: Community Index 1-4
2020-06-04 15:28:15,914 INFO o.a.j.t.JMeterThread: Thread finished: Community Index 1-4
2020-06-04 15:28:15,917 INFO o.a.j.t.JMeterThread: Stopping because end time detected by thread: Community Index 1-9
2020-06-04 15:28:15,917 INFO o.a.j.t.JMeterThread: Thread finished: Community Index 1-9
2020-06-04 15:28:15,923 INFO o.a.j.t.JMeterThread: Stopping because end time detected by thread: Community Index 1-3
2020-06-04 15:28:15,923 INFO o.a.j.t.JMeterThread: Thread finished: Community Index 1-3
2020-06-04 15:28:15,929 INFO o.a.j.t.JMeterThread: Stopping because end time detected by thread: Community Index 1-17
2020-06-04 15:28:15,929 INFO o.a.j.t.JMeterThread: Thread finished: Community Index 1-17
2020-06-04 15:28:15,930 INFO o.a.j.t.JMeterThread: Stopping because end time detected by thread: Community Index 1-10
2020-06-04 15:28:15,930 INFO o.a.j.t.JMeterThread: Thread finished: Community Index 1-10
2020-06-04 15:28:15,933 INFO o.a.j.t.JMeterThread: Stopping because end time detected by thread: Community Index 1-13
2020-06-04 15:28:15,933 INFO o.a.j.t.JMeterThread: Thread finished: Community Index 1-13
2020-06-04 15:28:15,933 INFO o.a.j.t.JMeterThread: Stopping because end time detected by thread: Community Index 1-5
2020-06-04 15:28:15,933 INFO o.a.j.t.JMeterThread: Thread finished: Community Index 1-5
2020-06-04 15:28:15,951 INFO o.a.j.t.JMeterThread: Stopping because end time detected by thread: Community Index 1-16
2020-06-04 15:28:15,951 INFO o.a.j.t.JMeterThread: Thread finished: Community Index 1-16
2020-06-04 15:28:15,952 INFO o.a.j.t.JMeterThread: Stopping because end time detected by thread: Community Index 1-8
2020-06-04 15:28:15,952 INFO o.a.j.t.JMeterThread: Thread finished: Community Index 1-8
2020-06-04 15:28:15,954 INFO o.a.j.t.JMeterThread: Stopping because end time detected by thread: Community Index 1-31
2020-06-04 15:28:15,955 INFO o.a.j.t.JMeterThread: Thread finished: Community Index 1-31
2020-06-04 15:28:15,956 INFO o.a.j.t.JMeterThread: Stopping because end time detected by thread: Community Index 1-32
2020-06-04 15:28:15,957 INFO o.a.j.t.JMeterThread: Thread finished: Community Index 1-32
2020-06-04 15:28:15,958 INFO o.a.j.t.JMeterThread: Stopping because end time detected by thread: Community Index 1-28
2020-06-04 15:28:15,958 INFO o.a.j.t.JMeterThread: Thread finished: Community Index 1-28
2020-06-04 15:28:15,960 INFO o.a.j.t.JMeterThread: Stopping because end time detected by thread: Community Index 1-15
2020-06-04 15:28:15,960 INFO o.a.j.t.JMeterThread: Thread finished: Community Index 1-15
2020-06-04 15:28:15,975 INFO o.a.j.t.JMeterThread: Stopping because end time detected by thread: Community Index 1-6
2020-06-04 15:28:15,975 INFO o.a.j.t.JMeterThread: Thread finished: Community Index 1-6
2020-06-04 15:28:15,976 INFO o.a.j.t.JMeterThread: Stopping because end time detected by thread: Community Index 1-38
2020-06-04 15:28:15,976 INFO o.a.j.t.JMeterThread: Thread finished: Community Index 1-38
2020-06-04 15:28:15,979 INFO o.a.j.t.JMeterThread: Stopping because end time detected by thread: Community Index 1-12
2020-06-04 15:28:15,979 INFO o.a.j.t.JMeterThread: Thread finished: Community Index 1-12
2020-06-04 15:28:15,987 INFO o.a.j.t.JMeterThread: Stopping because end time detected by thread: Community Index 1-25
2020-06-04 15:28:15,988 INFO o.a.j.t.JMeterThread: Thread finished: Community Index 1-25
2020-06-04 15:28:15,988 INFO o.a.j.t.JMeterThread: Stopping because end time detected by thread: Community Index 1-42
2020-06-04 15:28:15,989 INFO o.a.j.t.JMeterThread: Thread finished: Community Index 1-42
2020-06-04 15:28:15,994 INFO o.a.j.t.JMeterThread: Stopping because end time detected by thread: Community Index 1-39
2020-06-04 15:28:15,994 INFO o.a.j.t.JMeterThread: Thread finished: Community Index 1-39
2020-06-04 15:28:15,994 INFO o.a.j.t.JMeterThread: Stopping because end time detected by thread: Community Index 1-40
2020-06-04 15:28:15,994 INFO o.a.j.t.JMeterThread: Thread finished: Community Index 1-40
2020-06-04 15:28:16,004 INFO o.a.j.t.JMeterThread: Stopping because end time detected by thread: Community Index 1-41
2020-06-04 15:28:16,004 INFO o.a.j.t.JMeterThread: Thread finished: Community Index 1-41
2020-06-04 15:28:16,006 INFO o.a.j.t.JMeterThread: Stopping because end time detected by thread: Community Index 1-27
2020-06-04 15:28:16,006 INFO o.a.j.t.JMeterThread: Thread finished: Community Index 1-27
2020-06-04 15:28:16,013 INFO o.a.j.t.JMeterThread: Stopping because end time detected by thread: Community Index 1-7
2020-06-04 15:28:16,013 INFO o.a.j.t.JMeterThread: Stopping because end time detected by thread: Community Index 1-36
2020-06-04 15:28:16,013 INFO o.a.j.t.JMeterThread: Thread finished: Community Index 1-7
2020-06-04 15:28:16,013 INFO o.a.j.t.JMeterThread: Thread finished: Community Index 1-36
2020-06-04 15:28:16,017 INFO o.a.j.t.JMeterThread: Stopping because end time detected by thread: Community Index 1-33
2020-06-04 15:28:16,017 INFO o.a.j.t.JMeterThread: Thread finished: Community Index 1-33
2020-06-04 15:28:16,023 INFO o.a.j.t.JMeterThread: Stopping because end time detected by thread: Community Index 1-43
2020-06-04 15:28:16,023 INFO o.a.j.t.JMeterThread: Thread finished: Community Index 1-43
2020-06-04 15:28:16,031 INFO o.a.j.t.JMeterThread: Stopping because end time detected by thread: Community Index 1-18
2020-06-04 15:28:16,031 INFO o.a.j.t.JMeterThread: Thread finished: Community Index 1-18
2020-06-04 15:28:16,034 INFO o.a.j.t.JMeterThread: Stopping because end time detected by thread: Community Index 1-14
2020-06-04 15:28:16,034 INFO o.a.j.t.JMeterThread: Thread finished: Community Index 1-14
2020-06-04 15:28:16,044 INFO o.a.j.t.JMeterThread: Stopping because end time detected by thread: Community Index 1-20
2020-06-04 15:28:16,044 INFO o.a.j.t.JMeterThread: Thread finished: Community Index 1-20
2020-06-04 15:28:16,045 INFO o.a.j.t.JMeterThread: Stopping because end time detected by thread: Community Index 1-29
2020-06-04 15:28:16,045 INFO o.a.j.t.JMeterThread: Thread finished: Community Index 1-29
2020-06-04 15:28:16,049 INFO o.a.j.t.JMeterThread: Stopping because end time detected by thread: Community Index 1-34
2020-06-04 15:28:16,049 INFO o.a.j.t.JMeterThread: Stopping because end time detected by thread: Community Index 1-37
2020-06-04 15:28:16,049 INFO o.a.j.t.JMeterThread: Thread finished: Community Index 1-34
2020-06-04 15:28:16,049 INFO o.a.j.t.JMeterThread: Thread finished: Community Index 1-37
2020-06-04 15:28:16,052 INFO o.a.j.t.JMeterThread: Stopping because end time detected by thread: Community Index 1-19
2020-06-04 15:28:16,052 INFO o.a.j.t.JMeterThread: Thread finished: Community Index 1-19
2020-06-04 15:28:16,053 INFO o.a.j.t.JMeterThread: Stopping because end time detected by thread: Community Index 1-26
2020-06-04 15:28:16,053 INFO o.a.j.t.JMeterThread: Thread finished: Community Index 1-26
2020-06-04 15:28:16,058 INFO o.a.j.t.JMeterThread: Stopping because end time detected by thread: Community Index 1-21
2020-06-04 15:28:16,058 INFO o.a.j.t.JMeterThread: Stopping because end time detected by thread: Community Index 1-22
2020-06-04 15:28:16,058 INFO o.a.j.t.JMeterThread: Thread finished: Community Index 1-21
2020-06-04 15:28:16,058 INFO o.a.j.t.JMeterThread: Thread finished: Community Index 1-22
2020-06-04 15:28:16,060 INFO o.a.j.t.JMeterThread: Stopping because end time detected by thread: Community Index 1-47
2020-06-04 15:28:16,060 INFO o.a.j.t.JMeterThread: Thread finished: Community Index 1-47
2020-06-04 15:28:16,064 INFO o.a.j.t.JMeterThread: Stopping because end time detected by thread: Community Index 1-24
2020-06-04 15:28:16,064 INFO o.a.j.t.JMeterThread: Thread finished: Community Index 1-24
2020-06-04 15:28:16,067 INFO o.a.j.t.JMeterThread: Stopping because end time detected by thread: Community Index 1-23
2020-06-04 15:28:16,067 INFO o.a.j.t.JMeterThread: Stopping because end time detected by thread: Community Index 1-50
2020-06-04 15:28:16,067 INFO o.a.j.t.JMeterThread: Thread finished: Community Index 1-23
2020-06-04 15:28:16,067 INFO o.a.j.t.JMeterThread: Thread finished: Community Index 1-50
2020-06-04 15:28:16,067 INFO o.a.j.t.JMeterThread: Stopping because end time detected by thread: Community Index 1-46
2020-06-04 15:28:16,067 INFO o.a.j.t.JMeterThread: Thread finished: Community Index 1-46
2020-06-04 15:28:16,069 INFO o.a.j.t.JMeterThread: Stopping because end time detected by thread: Community Index 1-11
2020-06-04 15:28:16,069 INFO o.a.j.t.JMeterThread: Thread finished: Community Index 1-11
2020-06-04 15:28:16,073 INFO o.a.j.t.JMeterThread: Stopping because end time detected by thread: Community Index 1-45
2020-06-04 15:28:16,073 INFO o.a.j.t.JMeterThread: Thread finished: Community Index 1-45
2020-06-04 15:28:16,073 INFO o.a.j.t.JMeterThread: Stopping because end time detected by thread: Community Index 1-44
2020-06-04 15:28:16,073 INFO o.a.j.t.JMeterThread: Thread finished: Community Index 1-44
2020-06-04 15:28:16,076 INFO o.a.j.t.JMeterThread: Stopping because end time detected by thread: Community Index 1-35
2020-06-04 15:28:16,076 INFO o.a.j.t.JMeterThread: Thread finished: Community Index 1-35
2020-06-04 15:28:16,077 INFO o.a.j.t.JMeterThread: Stopping because end time detected by thread: Community Index 1-49
2020-06-04 15:28:16,077 INFO o.a.j.t.JMeterThread: Thread finished: Community Index 1-49
2020-06-04 15:28:16,081 INFO o.a.j.t.JMeterThread: Stopping because end time detected by thread: Community Index 1-48
2020-06-04 15:28:16,082 INFO o.a.j.t.JMeterThread: Thread finished: Community Index 1-48
2020-06-04 15:28:16,082 INFO o.a.j.e.StandardJMeterEngine: Notifying test listeners of end of test
2020-06-04 15:28:16,084 INFO o.a.j.g.u.JMeterMenuBar: setRunning(false, *local*)
2020-06-04 15:28:30,460 INFO o.a.j.e.StandardJMeterEngine: Running the test!
2020-06-04 15:28:30,462 INFO o.a.j.s.SampleEvent: List of sample_variables: []
2020-06-04 15:28:30,462 INFO o.a.j.g.u.JMeterMenuBar: setRunning(true, *local*)
2020-06-04 15:28:30,477 INFO o.a.j.e.StandardJMeterEngine: Starting ThreadGroup: 1 : Community Index
2020-06-04 15:28:30,478 INFO o.a.j.e.StandardJMeterEngine: Starting 100 threads for group Community Index.
2020-06-04 15:28:30,478 INFO o.a.j.e.StandardJMeterEngine: Thread will continue on error
2020-06-04 15:28:30,478 INFO o.a.j.t.ThreadGroup: Starting thread group... number=1 threads=100 ramp-up=1 delayedStart=false
2020-06-04 15:28:30,481 INFO o.a.j.t.JMeterThread: Thread started: Community Index 1-1
2020-06-04 15:28:30,496 INFO o.a.j.t.JMeterThread: Thread started: Community Index 1-2
2020-06-04 15:28:30,501 INFO o.a.j.t.JMeterThread: Thread started: Community Index 1-3
2020-06-04 15:28:30,512 INFO o.a.j.t.JMeterThread: Thread started: Community Index 1-4
2020-06-04 15:28:30,518 INFO o.a.j.t.ThreadGroup: Started thread group number 1
2020-06-04 15:28:30,518 INFO o.a.j.e.StandardJMeterEngine: All thread groups have been started
2020-06-04 15:28:30,522 INFO o.a.j.t.JMeterThread: Thread started: Community Index 1-5
2020-06-04 15:28:30,531 INFO o.a.j.t.JMeterThread: Thread started: Community Index 1-6
2020-06-04 15:28:30,540 INFO o.a.j.t.JMeterThread: Thread started: Community Index 1-7
2020-06-04 15:28:30,559 INFO o.a.j.t.JMeterThread: Thread started: Community Index 1-8
2020-06-04 15:28:30,568 INFO o.a.j.t.JMeterThread: Thread started: Community Index 1-9
2020-06-04 15:28:30,578 INFO o.a.j.t.JMeterThread: Thread started: Community Index 1-10
2020-06-04 15:28:30,589 INFO o.a.j.t.JMeterThread: Thread started: Community Index 1-11
2020-06-04 15:28:30,597 INFO o.a.j.t.JMeterThread: Thread started: Community Index 1-12
2020-06-04 15:28:30,607 INFO o.a.j.t.JMeterThread: Thread started: Community Index 1-13
2020-06-04 15:28:30,617 INFO o.a.j.t.JMeterThread: Thread started: Community Index 1-14
2020-06-04 15:28:30,627 INFO o.a.j.t.JMeterThread: Thread started: Community Index 1-15
2020-06-04 15:28:30,638 INFO o.a.j.t.JMeterThread: Thread started: Community Index 1-16
2020-06-04 15:28:30,647 INFO o.a.j.t.JMeterThread: Thread started: Community Index 1-17
2020-06-04 15:28:30,660 INFO o.a.j.t.JMeterThread: Thread started: Community Index 1-18
2020-06-04 15:28:30,662 INFO o.a.j.t.JMeterThread: Thread started: Community Index 1-19
2020-06-04 15:28:30,670 INFO o.a.j.t.JMeterThread: Thread started: Community Index 1-20
2020-06-04 15:28:30,679 INFO o.a.j.t.JMeterThread: Thread started: Community Index 1-21
2020-06-04 15:28:30,690 INFO o.a.j.t.JMeterThread: Thread started: Community Index 1-22
2020-06-04 15:28:30,700 INFO o.a.j.t.JMeterThread: Thread started: Community Index 1-23
2020-06-04 15:28:30,711 INFO o.a.j.t.JMeterThread: Thread started: Community Index 1-24
2020-06-04 15:28:30,721 INFO o.a.j.t.JMeterThread: Thread started: Community Index 1-25
2020-06-04 15:28:30,732 INFO o.a.j.t.JMeterThread: Thread started: Community Index 1-26
2020-06-04 15:28:30,742 INFO o.a.j.t.JMeterThread: Thread started: Community Index 1-27
2020-06-04 15:28:30,752 INFO o.a.j.t.JMeterThread: Thread started: Community Index 1-28
2020-06-04 15:28:30,762 INFO o.a.j.t.JMeterThread: Thread started: Community Index 1-29
2020-06-04 15:28:30,772 INFO o.a.j.t.JMeterThread: Thread started: Community Index 1-30
2020-06-04 15:28:30,782 INFO o.a.j.t.JMeterThread: Thread started: Community Index 1-31
2020-06-04 15:28:30,793 INFO o.a.j.t.JMeterThread: Thread started: Community Index 1-32
2020-06-04 15:28:30,803 INFO o.a.j.t.JMeterThread: Thread started: Community Index 1-33
2020-06-04 15:28:30,814 INFO o.a.j.t.JMeterThread: Thread started: Community Index 1-34
2020-06-04 15:28:30,823 INFO o.a.j.t.JMeterThread: Thread started: Community Index 1-35
2020-06-04 15:28:30,834 INFO o.a.j.t.JMeterThread: Thread started: Community Index 1-36
2020-06-04 15:28:30,856 INFO o.a.j.t.JMeterThread: Thread started: Community Index 1-38
2020-06-04 15:28:30,859 INFO o.a.j.t.JMeterThread: Thread started: Community Index 1-37
2020-06-04 15:28:30,865 INFO o.a.j.t.JMeterThread: Thread started: Community Index 1-39
2020-06-04 15:28:30,876 INFO o.a.j.t.JMeterThread: Thread started: Community Index 1-40
2020-06-04 15:28:30,887 INFO o.a.j.t.JMeterThread: Thread started: Community Index 1-41
2020-06-04 15:28:30,898 INFO o.a.j.t.JMeterThread: Thread started: Community Index 1-42
2020-06-04 15:28:30,908 INFO o.a.j.t.JMeterThread: Thread started: Community Index 1-43
2020-06-04 15:28:30,918 INFO o.a.j.t.JMeterThread: Thread started: Community Index 1-44
2020-06-04 15:28:30,929 INFO o.a.j.t.JMeterThread: Thread started: Community Index 1-45
2020-06-04 15:28:30,938 INFO o.a.j.t.JMeterThread: Thread started: Community Index 1-46
2020-06-04 15:28:30,949 INFO o.a.j.t.JMeterThread: Thread started: Community Index 1-47
2020-06-04 15:28:30,959 INFO o.a.j.t.JMeterThread: Thread started: Community Index 1-48
2020-06-04 15:28:30,970 INFO o.a.j.t.JMeterThread: Thread started: Community Index 1-49
2020-06-04 15:28:30,991 INFO o.a.j.t.JMeterThread: Thread started: Community Index 1-51
2020-06-04 15:28:31,000 INFO o.a.j.t.JMeterThread: Thread started: Community Index 1-52
2020-06-04 15:28:31,001 INFO o.a.j.t.JMeterThread: Thread started: Community Index 1-50
2020-06-04 15:28:31,011 INFO o.a.j.t.JMeterThread: Thread started: Community Index 1-53
2020-06-04 15:28:31,021 INFO o.a.j.t.JMeterThread: Thread started: Community Index 1-54
2020-06-04 15:28:31,032 INFO o.a.j.t.JMeterThread: Thread started: Community Index 1-55
2020-06-04 15:28:31,042 INFO o.a.j.t.JMeterThread: Thread started: Community Index 1-56
2020-06-04 15:28:31,051 INFO o.a.j.t.JMeterThread: Thread started: Community Index 1-57
2020-06-04 15:28:31,062 INFO o.a.j.t.JMeterThread: Thread started: Community Index 1-58
2020-06-04 15:28:31,072 INFO o.a.j.t.JMeterThread: Thread started: Community Index 1-59
2020-06-04 15:28:31,083 INFO o.a.j.t.JMeterThread: Thread started: Community Index 1-60
2020-06-04 15:28:31,092 INFO o.a.j.t.JMeterThread: Thread started: Community Index 1-61
2020-06-04 15:28:31,103 INFO o.a.j.t.JMeterThread: Thread started: Community Index 1-62
2020-06-04 15:28:31,113 INFO o.a.j.t.JMeterThread: Thread started: Community Index 1-63
2020-06-04 15:28:31,119 INFO o.a.j.t.JMeterThread: Thread started: Community Index 1-65
2020-06-04 15:28:31,124 INFO o.a.j.t.JMeterThread: Thread started: Community Index 1-64
2020-06-04 15:28:31,144 INFO o.a.j.t.JMeterThread: Thread started: Community Index 1-66
2020-06-04 15:28:31,155 INFO o.a.j.t.JMeterThread: Thread started: Community Index 1-67
2020-06-04 15:28:31,164 INFO o.a.j.t.JMeterThread: Thread started: Community Index 1-68
2020-06-04 15:28:31,175 INFO o.a.j.t.JMeterThread: Thread started: Community Index 1-69
2020-06-04 15:28:31,186 INFO o.a.j.t.JMeterThread: Thread started: Community Index 1-70
2020-06-04 15:28:31,195 INFO o.a.j.t.JMeterThread: Thread started: Community Index 1-71
2020-06-04 15:28:31,205 INFO o.a.j.t.JMeterThread: Thread started: Community Index 1-72
2020-06-04 15:28:31,215 INFO o.a.j.t.JMeterThread: Thread started: Community Index 1-73
2020-06-04 15:28:31,226 INFO o.a.j.t.JMeterThread: Thread started: Community Index 1-74
2020-06-04 15:28:31,236 INFO o.a.j.t.JMeterThread: Thread started: Community Index 1-75
2020-06-04 15:28:31,247 INFO o.a.j.t.JMeterThread: Thread started: Community Index 1-76
2020-06-04 15:28:31,257 INFO o.a.j.t.JMeterThread: Thread started: Community Index 1-77
2020-06-04 15:28:31,266 INFO o.a.j.t.JMeterThread: Thread started: Community Index 1-78
2020-06-04 15:28:31,277 INFO o.a.j.t.JMeterThread: Thread started: Community Index 1-79
2020-06-04 15:28:31,286 INFO o.a.j.t.JMeterThread: Thread started: Community Index 1-80
2020-06-04 15:28:31,298 INFO o.a.j.t.JMeterThread: Thread started: Community Index 1-81
2020-06-04 15:28:31,307 INFO o.a.j.t.JMeterThread: Thread started: Community Index 1-82
2020-06-04 15:28:31,317 INFO o.a.j.t.JMeterThread: Thread started: Community Index 1-83
2020-06-04 15:28:31,327 INFO o.a.j.t.JMeterThread: Thread started: Community Index 1-84
2020-06-04 15:28:31,338 INFO o.a.j.t.JMeterThread: Thread started: Community Index 1-85
2020-06-04 15:28:31,348 INFO o.a.j.t.JMeterThread: Thread started: Community Index 1-86
2020-06-04 15:28:31,358 INFO o.a.j.t.JMeterThread: Thread started: Community Index 1-87
2020-06-04 15:28:31,368 INFO o.a.j.t.JMeterThread: Thread started: Community Index 1-88
2020-06-04 15:28:31,379 INFO o.a.j.t.JMeterThread: Thread started: Community Index 1-89
2020-06-04 15:28:31,389 INFO o.a.j.t.JMeterThread: Thread started: Community Index 1-90
2020-06-04 15:28:31,398 INFO o.a.j.t.JMeterThread: Thread started: Community Index 1-91
2020-06-04 15:28:31,409 INFO o.a.j.t.JMeterThread: Thread started: Community Index 1-94
2020-06-04 15:28:31,409 INFO o.a.j.t.JMeterThread: Thread started: Community Index 1-92
2020-06-04 15:28:31,419 INFO o.a.j.t.JMeterThread: Thread started: Community Index 1-93
2020-06-04 15:28:31,440 INFO o.a.j.t.JMeterThread: Thread started: Community Index 1-95
2020-06-04 15:28:31,449 INFO o.a.j.t.JMeterThread: Thread started: Community Index 1-96
2020-06-04 15:28:31,460 INFO o.a.j.t.JMeterThread: Thread started: Community Index 1-97
2020-06-04 15:28:31,470 INFO o.a.j.t.JMeterThread: Thread started: Community Index 1-98
2020-06-04 15:28:31,481 INFO o.a.j.t.JMeterThread: Thread started: Community Index 1-99
2020-06-04 15:28:31,490 INFO o.a.j.t.JMeterThread: Thread started: Community Index 1-100
2020-06-04 15:30:10,974 INFO o.a.j.t.JMeterThread: Stopping because end time detected by thread: Community Index 1-93
2020-06-04 15:30:10,975 INFO o.a.j.t.JMeterThread: Thread finished: Community Index 1-93
2020-06-04 15:30:10,990 INFO o.a.j.t.JMeterThread: Stopping because end time detected by thread: Community Index 1-9
2020-06-04 15:30:10,990 INFO o.a.j.t.JMeterThread: Stopping because end time detected by thread: Community Index 1-67
2020-06-04 15:30:10,990 INFO o.a.j.t.JMeterThread: Thread finished: Community Index 1-67
2020-06-04 15:30:10,990 INFO o.a.j.t.JMeterThread: Thread finished: Community Index 1-9
2020-06-04 15:30:10,991 INFO o.a.j.t.JMeterThread: Stopping because end time detected by thread: Community Index 1-51
2020-06-04 15:30:10,991 INFO o.a.j.t.JMeterThread: Thread finished: Community Index 1-51
2020-06-04 15:30:10,993 INFO o.a.j.t.JMeterThread: Stopping because end time detected by thread: Community Index 1-55
2020-06-04 15:30:10,993 INFO o.a.j.t.JMeterThread: Thread finished: Community Index 1-55
2020-06-04 15:30:10,993 INFO o.a.j.t.JMeterThread: Stopping because end time detected by thread: Community Index 1-65
2020-06-04 15:30:10,993 INFO o.a.j.t.JMeterThread: Thread finished: Community Index 1-65
2020-06-04 15:30:10,996 INFO o.a.j.t.JMeterThread: Stopping because end time detected by thread: Community Index 1-83
2020-06-04 15:30:10,996 INFO o.a.j.t.JMeterThread: Thread finished: Community Index 1-83
2020-06-04 15:30:10,998 INFO o.a.j.t.JMeterThread: Stopping because end time detected by thread: Community Index 1-14
2020-06-04 15:30:10,998 INFO o.a.j.t.JMeterThread: Thread finished: Community Index 1-14
2020-06-04 15:30:11,001 INFO o.a.j.t.JMeterThread: Stopping because end time detected by thread: Community Index 1-3
2020-06-04 15:30:11,001 INFO o.a.j.t.JMeterThread: Stopping because end time detected by thread: Community Index 1-15
2020-06-04 15:30:11,001 INFO o.a.j.t.JMeterThread: Thread finished: Community Index 1-3
2020-06-04 15:30:11,001 INFO o.a.j.t.JMeterThread: Thread finished: Community Index 1-15
2020-06-04 15:30:11,004 INFO o.a.j.t.JMeterThread: Stopping because end time detected by thread: Community Index 1-6
2020-06-04 15:30:11,004 INFO o.a.j.t.JMeterThread: Thread finished: Community Index 1-6
2020-06-04 15:30:11,005 INFO o.a.j.t.JMeterThread: Stopping because end time detected by thread: Community Index 1-11
2020-06-04 15:30:11,005 INFO o.a.j.t.JMeterThread: Thread finished: Community Index 1-11
2020-06-04 15:30:11,006 INFO o.a.j.t.JMeterThread: Stopping because end time detected by thread: Community Index 1-52
2020-06-04 15:30:11,006 INFO o.a.j.t.JMeterThread: Stopping because end time detected by thread: Community Index 1-95
2020-06-04 15:30:11,006 INFO o.a.j.t.JMeterThread: Thread finished: Community Index 1-95
2020-06-04 15:30:11,006 INFO o.a.j.t.JMeterThread: Thread finished: Community Index 1-52
2020-06-04 15:30:11,007 INFO o.a.j.t.JMeterThread: Stopping because end time detected by thread: Community Index 1-59
2020-06-04 15:30:11,007 INFO o.a.j.t.JMeterThread: Thread finished: Community Index 1-59
2020-06-04 15:30:11,008 INFO o.a.j.t.JMeterThread: Stopping because end time detected by thread: Community Index 1-27
2020-06-04 15:30:11,008 INFO o.a.j.t.JMeterThread: Thread finished: Community Index 1-27
2020-06-04 15:30:11,013 INFO o.a.j.t.JMeterThread: Stopping because end time detected by thread: Community Index 1-62
2020-06-04 15:30:11,013 INFO o.a.j.t.JMeterThread: Thread finished: Community Index 1-62
2020-06-04 15:30:11,015 INFO o.a.j.t.JMeterThread: Stopping because end time detected by thread: Community Index 1-26
2020-06-04 15:30:11,015 INFO o.a.j.t.JMeterThread: Thread finished: Community Index 1-26
2020-06-04 15:30:11,016 INFO o.a.j.t.JMeterThread: Stopping because end time detected by thread: Community Index 1-89
2020-06-04 15:30:11,016 INFO o.a.j.t.JMeterThread: Thread finished: Community Index 1-89
2020-06-04 15:30:11,018 INFO o.a.j.t.JMeterThread: Stopping because end time detected by thread: Community Index 1-91
2020-06-04 15:30:11,019 INFO o.a.j.t.JMeterThread: Thread finished: Community Index 1-91
2020-06-04 15:30:11,023 INFO o.a.j.t.JMeterThread: Stopping because end time detected by thread: Community Index 1-30
2020-06-04 15:30:11,023 INFO o.a.j.t.JMeterThread: Stopping because end time detected by thread: Community Index 1-44
2020-06-04 15:30:11,023 INFO o.a.j.t.JMeterThread: Stopping because end time detected by thread: Community Index 1-47
2020-06-04 15:30:11,023 INFO o.a.j.t.JMeterThread: Thread finished: Community Index 1-44
2020-06-04 15:30:11,023 INFO o.a.j.t.JMeterThread: Thread finished: Community Index 1-47
2020-06-04 15:30:11,023 INFO o.a.j.t.JMeterThread: Stopping because end time detected by thread: Community Index 1-50
2020-06-04 15:30:11,023 INFO o.a.j.t.JMeterThread: Thread finished: Community Index 1-50
2020-06-04 15:30:11,023 INFO o.a.j.t.JMeterThread: Thread finished: Community Index 1-30
2020-06-04 15:30:11,026 INFO o.a.j.t.JMeterThread: Stopping because end time detected by thread: Community Index 1-37
2020-06-04 15:30:11,027 INFO o.a.j.t.JMeterThread: Thread finished: Community Index 1-37
2020-06-04 15:30:11,029 INFO o.a.j.t.JMeterThread: Stopping because end time detected by thread: Community Index 1-88
2020-06-04 15:30:11,029 INFO o.a.j.t.JMeterThread: Thread finished: Community Index 1-88
2020-06-04 15:30:11,030 INFO o.a.j.t.JMeterThread: Stopping because end time detected by thread: Community Index 1-74
2020-06-04 15:30:11,030 INFO o.a.j.t.JMeterThread: Thread finished: Community Index 1-74
2020-06-04 15:30:11,032 INFO o.a.j.t.JMeterThread: Stopping because end time detected by thread: Community Index 1-98
2020-06-04 15:30:11,032 INFO o.a.j.t.JMeterThread: Thread finished: Community Index 1-98
2020-06-04 15:30:11,033 INFO o.a.j.t.JMeterThread: Stopping because end time detected by thread: Community Index 1-38
2020-06-04 15:30:11,033 INFO o.a.j.t.JMeterThread: Thread finished: Community Index 1-38
2020-06-04 15:30:11,035 INFO o.a.j.t.JMeterThread: Stopping because end time detected by thread: Community Index 1-43
2020-06-04 15:30:11,035 INFO o.a.j.t.JMeterThread: Thread finished: Community Index 1-43
2020-06-04 15:30:11,037 INFO o.a.j.t.JMeterThread: Stopping because end time detected by thread: Community Index 1-82
2020-06-04 15:30:11,037 INFO o.a.j.t.JMeterThread: Thread finished: Community Index 1-82
2020-06-04 15:30:11,038 INFO o.a.j.t.JMeterThread: Stopping because end time detected by thread: Community Index 1-7
2020-06-04 15:30:11,038 INFO o.a.j.t.JMeterThread: Thread finished: Community Index 1-7
2020-06-04 15:30:11,040 INFO o.a.j.t.JMeterThread: Stopping because end time detected by thread: Community Index 1-70
2020-06-04 15:30:11,042 INFO o.a.j.t.JMeterThread: Stopping because end time detected by thread: Community Index 1-92
2020-06-04 15:30:11,042 INFO o.a.j.t.JMeterThread: Thread finished: Community Index 1-92
2020-06-04 15:30:11,042 INFO o.a.j.t.JMeterThread: Thread finished: Community Index 1-70
2020-06-04 15:30:11,062 INFO o.a.j.t.JMeterThread: Stopping because end time detected by thread: Community Index 1-1
2020-06-04 15:30:11,062 INFO o.a.j.t.JMeterThread: Stopping because end time detected by thread: Community Index 1-8
2020-06-04 15:30:11,062 INFO o.a.j.t.JMeterThread: Thread finished: Community Index 1-1
2020-06-04 15:30:11,062 INFO o.a.j.t.JMeterThread: Thread finished: Community Index 1-8
2020-06-04 15:30:11,067 INFO o.a.j.t.JMeterThread: Stopping because end time detected by thread: Community Index 1-54
2020-06-04 15:30:11,067 INFO o.a.j.t.JMeterThread: Thread finished: Community Index 1-54
2020-06-04 15:30:11,071 INFO o.a.j.t.JMeterThread: Stopping because end time detected by thread: Community Index 1-80
2020-06-04 15:30:11,072 INFO o.a.j.t.JMeterThread: Thread finished: Community Index 1-80
2020-06-04 15:30:11,075 INFO o.a.j.t.JMeterThread: Stopping because end time detected by thread: Community Index 1-16
2020-06-04 15:30:11,075 INFO o.a.j.t.JMeterThread: Thread finished: Community Index 1-16
2020-06-04 15:30:11,082 INFO o.a.j.t.JMeterThread: Stopping because end time detected by thread: Community Index 1-71
2020-06-04 15:30:11,082 INFO o.a.j.t.JMeterThread: Thread finished: Community Index 1-71
2020-06-04 15:30:11,091 INFO o.a.j.t.JMeterThread: Stopping because end time detected by thread: Community Index 1-41
2020-06-04 15:30:11,091 INFO o.a.j.t.JMeterThread: Thread finished: Community Index 1-41
2020-06-04 15:30:11,092 INFO o.a.j.t.JMeterThread: Stopping because end time detected by thread: Community Index 1-45
2020-06-04 15:30:11,092 INFO o.a.j.t.JMeterThread: Thread finished: Community Index 1-45
2020-06-04 15:30:11,099 INFO o.a.j.t.JMeterThread: Stopping because end time detected by thread: Community Index 1-48
2020-06-04 15:30:11,099 INFO o.a.j.t.JMeterThread: Thread finished: Community Index 1-48
2020-06-04 15:30:11,103 INFO o.a.j.t.JMeterThread: Stopping because end time detected by thread: Community Index 1-86
2020-06-04 15:30:11,103 INFO o.a.j.t.JMeterThread: Thread finished: Community Index 1-86
2020-06-04 15:30:11,123 INFO o.a.j.t.JMeterThread: Stopping because end time detected by thread: Community Index 1-85
2020-06-04 15:30:11,123 INFO o.a.j.t.JMeterThread: Thread finished: Community Index 1-85
2020-06-04 15:30:11,136 INFO o.a.j.t.JMeterThread: Stopping because end time detected by thread: Community Index 1-64
2020-06-04 15:30:11,136 INFO o.a.j.t.JMeterThread: Thread finished: Community Index 1-64
2020-06-04 15:30:11,166 INFO o.a.j.t.JMeterThread: Stopping because end time detected by thread: Community Index 1-84
2020-06-04 15:30:11,166 INFO o.a.j.t.JMeterThread: Thread finished: Community Index 1-84
2020-06-04 15:30:11,167 INFO o.a.j.t.JMeterThread: Stopping because end time detected by thread: Community Index 1-87
2020-06-04 15:30:11,167 INFO o.a.j.t.JMeterThread: Thread finished: Community Index 1-87
2020-06-04 15:30:11,167 INFO o.a.j.t.JMeterThread: Stopping because end time detected by thread: Community Index 1-100
2020-06-04 15:30:11,167 INFO o.a.j.t.JMeterThread: Thread finished: Community Index 1-100
2020-06-04 15:30:11,171 INFO o.a.j.t.JMeterThread: Stopping because end time detected by thread: Community Index 1-57
2020-06-04 15:30:11,171 INFO o.a.j.t.JMeterThread: Thread finished: Community Index 1-57
2020-06-04 15:30:11,172 INFO o.a.j.t.JMeterThread: Stopping because end time detected by thread: Community Index 1-24
2020-06-04 15:30:11,172 INFO o.a.j.t.JMeterThread: Thread finished: Community Index 1-24
2020-06-04 15:30:11,173 INFO o.a.j.t.JMeterThread: Stopping because end time detected by thread: Community Index 1-63
2020-06-04 15:30:11,173 INFO o.a.j.t.JMeterThread: Thread finished: Community Index 1-63
2020-06-04 15:30:11,174 INFO o.a.j.t.JMeterThread: Stopping because end time detected by thread: Community Index 1-18
2020-06-04 15:30:11,174 INFO o.a.j.t.JMeterThread: Thread finished: Community Index 1-18
2020-06-04 15:30:11,176 INFO o.a.j.t.JMeterThread: Stopping because end time detected by thread: Community Index 1-25
2020-06-04 15:30:11,176 INFO o.a.j.t.JMeterThread: Thread finished: Community Index 1-25
2020-06-04 15:30:11,177 INFO o.a.j.t.JMeterThread: Stopping because end time detected by thread: Community Index 1-72
2020-06-04 15:30:11,177 INFO o.a.j.t.JMeterThread: Thread finished: Community Index 1-72
2020-06-04 15:30:11,178 INFO o.a.j.t.JMeterThread: Stopping because end time detected by thread: Community Index 1-39
2020-06-04 15:30:11,179 INFO o.a.j.t.JMeterThread: Thread finished: Community Index 1-39
2020-06-04 15:30:11,179 INFO o.a.j.t.JMeterThread: Stopping because end time detected by thread: Community Index 1-79
2020-06-04 15:30:11,179 INFO o.a.j.t.JMeterThread: Thread finished: Community Index 1-79
2020-06-04 15:30:11,181 INFO o.a.j.t.JMeterThread: Stopping because end time detected by thread: Community Index 1-99
2020-06-04 15:30:11,181 INFO o.a.j.t.JMeterThread: Thread finished: Community Index 1-99
2020-06-04 15:30:11,183 INFO o.a.j.t.JMeterThread: Stopping because end time detected by thread: Community Index 1-12
2020-06-04 15:30:11,183 INFO o.a.j.t.JMeterThread: Thread finished: Community Index 1-12
2020-06-04 15:30:11,185 INFO o.a.j.t.JMeterThread: Stopping because end time detected by thread: Community Index 1-2
2020-06-04 15:30:11,185 INFO o.a.j.t.JMeterThread: Thread finished: Community Index 1-2
2020-06-04 15:30:11,188 INFO o.a.j.t.JMeterThread: Stopping because end time detected by thread: Community Index 1-96
2020-06-04 15:30:11,188 INFO o.a.j.t.JMeterThread: Stopping because end time detected by thread: Community Index 1-10
2020-06-04 15:30:11,188 INFO o.a.j.t.JMeterThread: Thread finished: Community Index 1-96
2020-06-04 15:30:11,188 INFO o.a.j.t.JMeterThread: Thread finished: Community Index 1-10
2020-06-04 15:30:11,191 INFO o.a.j.t.JMeterThread: Stopping because end time detected by thread: Community Index 1-13
2020-06-04 15:30:11,191 INFO o.a.j.t.JMeterThread: Thread finished: Community Index 1-13
2020-06-04 15:30:11,192 INFO o.a.j.t.JMeterThread: Stopping because end time detected by thread: Community Index 1-73
2020-06-04 15:30:11,193 INFO o.a.j.t.JMeterThread: Thread finished: Community Index 1-73
2020-06-04 15:30:11,195 INFO o.a.j.t.JMeterThread: Stopping because end time detected by thread: Community Index 1-29
2020-06-04 15:30:11,195 INFO o.a.j.t.JMeterThread: Thread finished: Community Index 1-29
2020-06-04 15:30:11,200 INFO o.a.j.t.JMeterThread: Stopping because end time detected by thread: Community Index 1-42
2020-06-04 15:30:11,200 INFO o.a.j.t.JMeterThread: Stopping because end time detected by thread: Community Index 1-68
2020-06-04 15:30:11,200 INFO o.a.j.t.JMeterThread: Thread finished: Community Index 1-68
2020-06-04 15:30:11,200 INFO o.a.j.t.JMeterThread: Thread finished: Community Index 1-42
2020-06-04 15:30:11,201 INFO o.a.j.t.JMeterThread: Stopping because end time detected by thread: Community Index 1-53
2020-06-04 15:30:11,201 INFO o.a.j.t.JMeterThread: Thread finished: Community Index 1-53
2020-06-04 15:30:11,204 INFO o.a.j.t.JMeterThread: Stopping because end time detected by thread: Community Index 1-19
2020-06-04 15:30:11,204 INFO o.a.j.t.JMeterThread: Thread finished: Community Index 1-19
2020-06-04 15:30:11,204 INFO o.a.j.t.JMeterThread: Stopping because end time detected by thread: Community Index 1-20
2020-06-04 15:30:11,204 INFO o.a.j.t.JMeterThread: Thread finished: Community Index 1-20
2020-06-04 15:30:11,204 INFO o.a.j.t.JMeterThread: Stopping because end time detected by thread: Community Index 1-94
2020-06-04 15:30:11,204 INFO o.a.j.t.JMeterThread: Stopping because end time detected by thread: Community Index 1-22
2020-06-04 15:30:11,204 INFO o.a.j.t.JMeterThread: Thread finished: Community Index 1-94
2020-06-04 15:30:11,204 INFO o.a.j.t.JMeterThread: Thread finished: Community Index 1-22
2020-06-04 15:30:11,207 INFO o.a.j.t.JMeterThread: Stopping because end time detected by thread: Community Index 1-32
2020-06-04 15:30:11,207 INFO o.a.j.t.JMeterThread: Stopping because end time detected by thread: Community Index 1-46
2020-06-04 15:30:11,207 INFO o.a.j.t.JMeterThread: Thread finished: Community Index 1-46
2020-06-04 15:30:11,207 INFO o.a.j.t.JMeterThread: Thread finished: Community Index 1-32
2020-06-04 15:30:11,208 INFO o.a.j.t.JMeterThread: Stopping because end time detected by thread: Community Index 1-36
2020-06-04 15:30:11,208 INFO o.a.j.t.JMeterThread: Thread finished: Community Index 1-36
2020-06-04 15:30:11,210 INFO o.a.j.t.JMeterThread: Stopping because end time detected by thread: Community Index 1-35
2020-06-04 15:30:11,210 INFO o.a.j.t.JMeterThread: Thread finished: Community Index 1-35
2020-06-04 15:30:11,210 INFO o.a.j.t.JMeterThread: Stopping because end time detected by thread: Community Index 1-23
2020-06-04 15:30:11,210 INFO o.a.j.t.JMeterThread: Thread finished: Community Index 1-23
2020-06-04 15:30:11,211 INFO o.a.j.t.JMeterThread: Stopping because end time detected by thread: Community Index 1-28
2020-06-04 15:30:11,212 INFO o.a.j.t.JMeterThread: Thread finished: Community Index 1-28
2020-06-04 15:30:11,216 INFO o.a.j.t.JMeterThread: Stopping because end time detected by thread: Community Index 1-21
2020-06-04 15:30:11,216 INFO o.a.j.t.JMeterThread: Thread finished: Community Index 1-21
2020-06-04 15:30:11,218 INFO o.a.j.t.JMeterThread: Stopping because end time detected by thread: Community Index 1-61
2020-06-04 15:30:11,218 INFO o.a.j.t.JMeterThread: Thread finished: Community Index 1-61
2020-06-04 15:30:11,218 INFO o.a.j.t.JMeterThread: Stopping because end time detected by thread: Community Index 1-5
2020-06-04 15:30:11,218 INFO o.a.j.t.JMeterThread: Thread finished: Community Index 1-5
2020-06-04 15:30:11,221 INFO o.a.j.t.JMeterThread: Stopping because end time detected by thread: Community Index 1-60
2020-06-04 15:30:11,221 INFO o.a.j.t.JMeterThread: Thread finished: Community Index 1-60
2020-06-04 15:30:11,222 INFO o.a.j.t.JMeterThread: Stopping because end time detected by thread: Community Index 1-75
2020-06-04 15:30:11,222 INFO o.a.j.t.JMeterThread: Thread finished: Community Index 1-75
2020-06-04 15:30:11,228 INFO o.a.j.t.JMeterThread: Stopping because end time detected by thread: Community Index 1-58
2020-06-04 15:30:11,228 INFO o.a.j.t.JMeterThread: Thread finished: Community Index 1-58
2020-06-04 15:30:11,254 INFO o.a.j.t.JMeterThread: Stopping because end time detected by thread: Community Index 1-31
2020-06-04 15:30:11,254 INFO o.a.j.t.JMeterThread: Thread finished: Community Index 1-31
2020-06-04 15:30:11,263 INFO o.a.j.t.JMeterThread: Stopping because end time detected by thread: Community Index 1-40
2020-06-04 15:30:11,263 INFO o.a.j.t.JMeterThread: Thread finished: Community Index 1-40
2020-06-04 15:30:11,267 INFO o.a.j.t.JMeterThread: Stopping because end time detected by thread: Community Index 1-66
2020-06-04 15:30:11,267 INFO o.a.j.t.JMeterThread: Stopping because end time detected by thread: Community Index 1-90
2020-06-04 15:30:11,267 INFO o.a.j.t.JMeterThread: Thread finished: Community Index 1-90
2020-06-04 15:30:11,267 INFO o.a.j.t.JMeterThread: Thread finished: Community Index 1-66
2020-06-04 15:30:11,267 INFO o.a.j.t.JMeterThread: Stopping because end time detected by thread: Community Index 1-76
2020-06-04 15:30:11,267 INFO o.a.j.t.JMeterThread: Stopping because end time detected by thread: Community Index 1-49
2020-06-04 15:30:11,267 INFO o.a.j.t.JMeterThread: Thread finished: Community Index 1-76
2020-06-04 15:30:11,267 INFO o.a.j.t.JMeterThread: Thread finished: Community Index 1-49
2020-06-04 15:30:11,268 INFO o.a.j.t.JMeterThread: Stopping because end time detected by thread: Community Index 1-81
2020-06-04 15:30:11,268 INFO o.a.j.t.JMeterThread: Thread finished: Community Index 1-81
2020-06-04 15:30:11,272 INFO o.a.j.t.JMeterThread: Stopping because end time detected by thread: Community Index 1-4
2020-06-04 15:30:11,272 INFO o.a.j.t.JMeterThread: Thread finished: Community Index 1-4
2020-06-04 15:30:11,279 INFO o.a.j.t.JMeterThread: Stopping because end time detected by thread: Community Index 1-17
2020-06-04 15:30:11,279 INFO o.a.j.t.JMeterThread: Thread finished: Community Index 1-17
2020-06-04 15:30:11,281 INFO o.a.j.t.JMeterThread: Stopping because end time detected by thread: Community Index 1-78
2020-06-04 15:30:11,281 INFO o.a.j.t.JMeterThread: Thread finished: Community Index 1-78
2020-06-04 15:30:11,283 INFO o.a.j.t.JMeterThread: Stopping because end time detected by thread: Community Index 1-34
2020-06-04 15:30:11,283 INFO o.a.j.t.JMeterThread: Thread finished: Community Index 1-34
2020-06-04 15:30:11,292 INFO o.a.j.t.JMeterThread: Stopping because end time detected by thread: Community Index 1-56
2020-06-04 15:30:11,292 INFO o.a.j.t.JMeterThread: Thread finished: Community Index 1-56
2020-06-04 15:30:11,392 INFO o.a.j.t.JMeterThread: Stopping because end time detected by thread: Community Index 1-69
2020-06-04 15:30:11,392 INFO o.a.j.t.JMeterThread: Stopping because end time detected by thread: Community Index 1-33
2020-06-04 15:30:11,392 INFO o.a.j.t.JMeterThread: Thread finished: Community Index 1-69
2020-06-04 15:30:11,392 INFO o.a.j.t.JMeterThread: Thread finished: Community Index 1-33
2020-06-04 15:30:11,397 INFO o.a.j.t.JMeterThread: Stopping because end time detected by thread: Community Index 1-97
2020-06-04 15:30:11,397 INFO o.a.j.t.JMeterThread: Thread finished: Community Index 1-97
2020-06-04 15:30:11,494 INFO o.a.j.t.JMeterThread: Stopping because end time detected by thread: Community Index 1-77
2020-06-04 15:30:11,494 INFO o.a.j.t.JMeterThread: Thread finished: Community Index 1-77
2020-06-04 15:30:11,495 INFO o.a.j.e.StandardJMeterEngine: Notifying test listeners of end of test
2020-06-04 15:30:11,495 INFO o.a.j.g.u.JMeterMenuBar: setRunning(false, *local*)
