2020-04-29 10:55:13,825 INFO [restartedMain] c.n.c.CommunityApplication [StartupInfoLogger.java:55] Starting CommunityApplication on zt with PID 22536 (D:\Java\nowcoder_project\workspace\community\target\classes started by zhang in D:\Java\nowcoder_project\workspace\community)
2020-04-29 10:55:13,864 INFO [restartedMain] c.n.c.CommunityApplication [SpringApplication.java:651] No active profile set, falling back to default profiles: default
2020-04-29 10:55:13,957 INFO [restartedMain] o.s.b.d.e.DevToolsPropertyDefaultsPostProcessor [DeferredLog.java:225] Devtools property defaults active! Set 'spring.devtools.add-properties' to 'false' to disable
2020-04-29 10:55:13,958 INFO [restartedMain] o.s.b.d.e.DevToolsPropertyDefaultsPostProcessor [DeferredLog.java:225] For additional web related logging consider setting the 'logging.level.web' property to 'DEBUG'
2020-04-29 10:55:16,373 INFO [restartedMain] o.s.b.w.e.t.TomcatWebServer [TomcatWebServer.java:92] Tomcat initialized with port(s): 15213 (http)
2020-04-29 10:55:16,388 INFO [restartedMain] o.a.c.h.Http11NioProtocol [DirectJDKLog.java:173] Initializing ProtocolHandler ["http-nio-15213"]
2020-04-29 10:55:16,389 INFO [restartedMain] o.a.c.c.StandardService [DirectJDKLog.java:173] Starting service [Tomcat]
2020-04-29 10:55:16,389 INFO [restartedMain] o.a.c.c.StandardEngine [DirectJDKLog.java:173] Starting Servlet engine: [Apache Tomcat/9.0.31]
2020-04-29 10:55:16,544 INFO [restartedMain] o.a.c.c.C.[.[.[/community] [DirectJDKLog.java:173] Initializing Spring embedded WebApplicationContext
2020-04-29 10:55:16,544 INFO [restartedMain] o.s.w.c.ContextLoader [ServletWebServerApplicationContext.java:284] Root WebApplicationContext: initialization completed in 2586 ms
2020-04-29 10:55:17,405 INFO [restartedMain] o.s.s.c.ThreadPoolTaskExecutor [ExecutorConfigurationSupport.java:181] Initializing ExecutorService 'applicationTaskExecutor'
2020-04-29 10:55:17,510 INFO [restartedMain] o.s.b.a.w.s.WelcomePageHandlerMapping [WelcomePageHandlerMapping.java:58] Adding welcome page template: index
2020-04-29 10:55:17,689 INFO [restartedMain] o.s.b.d.a.OptionalLiveReloadServer [OptionalLiveReloadServer.java:58] LiveReload server is running on port 35729
2020-04-29 10:55:17,720 INFO [restartedMain] o.a.c.h.Http11NioProtocol [DirectJDKLog.java:173] Starting ProtocolHandler ["http-nio-15213"]
2020-04-29 10:55:17,762 INFO [restartedMain] o.s.b.w.e.t.TomcatWebServer [TomcatWebServer.java:204] Tomcat started on port(s): 15213 (http) with context path '/community'
2020-04-29 10:55:17,768 INFO [restartedMain] c.n.c.CommunityApplication [StartupInfoLogger.java:61] Started CommunityApplication in 4.657 seconds (JVM running for 6.292)
2020-04-29 10:56:18,005 INFO [http-nio-15213-exec-1] o.a.c.c.C.[.[.[/community] [DirectJDKLog.java:173] Initializing Spring DispatcherServlet 'dispatcherServlet'
2020-04-29 10:56:18,006 INFO [http-nio-15213-exec-1] o.s.w.s.DispatcherServlet [FrameworkServlet.java:525] Initializing Servlet 'dispatcherServlet'
2020-04-29 10:56:18,017 INFO [http-nio-15213-exec-1] o.s.w.s.DispatcherServlet [FrameworkServlet.java:547] Completed initialization in 11 ms
2020-04-29 10:56:18,133 INFO [http-nio-15213-exec-1] c.z.h.HikariDataSource [HikariDataSource.java:110] HikariPool-1 - Starting...
2020-04-29 10:56:18,408 INFO [http-nio-15213-exec-1] c.z.h.HikariDataSource [HikariDataSource.java:123] HikariPool-1 - Start completed.
2020-04-29 10:58:38,169 INFO [Thread-5] o.s.s.c.ThreadPoolTaskExecutor [ExecutorConfigurationSupport.java:218] Shutting down ExecutorService 'applicationTaskExecutor'
2020-04-29 10:58:38,170 INFO [Thread-5] c.z.h.HikariDataSource [HikariDataSource.java:350] HikariPool-1 - Shutdown initiated...
2020-04-29 10:58:38,177 INFO [Thread-5] c.z.h.HikariDataSource [HikariDataSource.java:352] HikariPool-1 - Shutdown completed.
2020-04-29 10:58:39,522 INFO [restartedMain] c.n.c.CommunityApplication [StartupInfoLogger.java:55] Starting CommunityApplication on zt with PID 22536 (D:\Java\nowcoder_project\workspace\community\target\classes started by zhang in D:\Java\nowcoder_project\workspace\community)
2020-04-29 10:58:39,523 INFO [restartedMain] c.n.c.CommunityApplication [SpringApplication.java:651] No active profile set, falling back to default profiles: default
2020-04-29 10:58:40,446 INFO [restartedMain] o.s.b.w.e.t.TomcatWebServer [TomcatWebServer.java:92] Tomcat initialized with port(s): 15213 (http)
2020-04-29 10:58:40,447 INFO [restartedMain] o.a.c.h.Http11NioProtocol [DirectJDKLog.java:173] Initializing ProtocolHandler ["http-nio-15213"]
2020-04-29 10:58:40,448 INFO [restartedMain] o.a.c.c.StandardService [DirectJDKLog.java:173] Starting service [Tomcat]
2020-04-29 10:58:40,449 INFO [restartedMain] o.a.c.c.StandardEngine [DirectJDKLog.java:173] Starting Servlet engine: [Apache Tomcat/9.0.31]
2020-04-29 10:58:40,551 INFO [restartedMain] o.a.c.c.C.[.[.[/community] [DirectJDKLog.java:173] Initializing Spring embedded WebApplicationContext
2020-04-29 10:58:40,552 INFO [restartedMain] o.s.w.c.ContextLoader [ServletWebServerApplicationContext.java:284] Root WebApplicationContext: initialization completed in 1022 ms
2020-04-29 10:58:41,002 INFO [restartedMain] o.s.s.c.ThreadPoolTaskExecutor [ExecutorConfigurationSupport.java:181] Initializing ExecutorService 'applicationTaskExecutor'
2020-04-29 10:58:41,121 INFO [restartedMain] o.s.b.a.w.s.WelcomePageHandlerMapping [WelcomePageHandlerMapping.java:58] Adding welcome page template: index
2020-04-29 10:58:41,289 INFO [restartedMain] o.s.b.d.a.OptionalLiveReloadServer [OptionalLiveReloadServer.java:58] LiveReload server is running on port 35729
2020-04-29 10:58:41,303 INFO [restartedMain] o.a.c.h.Http11NioProtocol [DirectJDKLog.java:173] Starting ProtocolHandler ["http-nio-15213"]
2020-04-29 10:58:41,322 INFO [restartedMain] o.s.b.w.e.t.TomcatWebServer [TomcatWebServer.java:204] Tomcat started on port(s): 15213 (http) with context path '/community'
2020-04-29 10:58:41,323 INFO [restartedMain] c.n.c.CommunityApplication [StartupInfoLogger.java:61] Started CommunityApplication in 1.942 seconds (JVM running for 209.847)
2020-04-29 10:58:41,328 INFO [restartedMain] o.s.b.d.a.ConditionEvaluationDeltaLoggingListener [ConditionEvaluationDeltaLoggingListener.java:63] Condition evaluation unchanged
2020-04-29 10:59:59,980 INFO [Thread-8] o.s.s.c.ThreadPoolTaskExecutor [ExecutorConfigurationSupport.java:218] Shutting down ExecutorService 'applicationTaskExecutor'
2020-04-29 11:00:01,071 INFO [restartedMain] c.n.c.CommunityApplication [StartupInfoLogger.java:55] Starting CommunityApplication on zt with PID 22536 (D:\Java\nowcoder_project\workspace\community\target\classes started by zhang in D:\Java\nowcoder_project\workspace\community)
2020-04-29 11:00:01,072 INFO [restartedMain] c.n.c.CommunityApplication [SpringApplication.java:651] No active profile set, falling back to default profiles: default
2020-04-29 11:00:01,787 INFO [restartedMain] o.s.b.w.e.t.TomcatWebServer [TomcatWebServer.java:92] Tomcat initialized with port(s): 15213 (http)
2020-04-29 11:00:01,789 INFO [restartedMain] o.a.c.h.Http11NioProtocol [DirectJDKLog.java:173] Initializing ProtocolHandler ["http-nio-15213"]
2020-04-29 11:00:01,790 INFO [restartedMain] o.a.c.c.StandardService [DirectJDKLog.java:173] Starting service [Tomcat]
2020-04-29 11:00:01,790 INFO [restartedMain] o.a.c.c.StandardEngine [DirectJDKLog.java:173] Starting Servlet engine: [Apache Tomcat/9.0.31]
2020-04-29 11:00:01,892 INFO [restartedMain] o.a.c.c.C.[.[.[/community] [DirectJDKLog.java:173] Initializing Spring embedded WebApplicationContext
2020-04-29 11:00:01,892 INFO [restartedMain] o.s.w.c.ContextLoader [ServletWebServerApplicationContext.java:284] Root WebApplicationContext: initialization completed in 812 ms
2020-04-29 11:00:02,210 INFO [restartedMain] o.s.s.c.ThreadPoolTaskExecutor [ExecutorConfigurationSupport.java:181] Initializing ExecutorService 'applicationTaskExecutor'
2020-04-29 11:00:02,251 INFO [restartedMain] o.s.b.a.w.s.WelcomePageHandlerMapping [WelcomePageHandlerMapping.java:58] Adding welcome page template: index
2020-04-29 11:00:02,394 INFO [restartedMain] o.s.b.d.a.OptionalLiveReloadServer [OptionalLiveReloadServer.java:58] LiveReload server is running on port 35729
2020-04-29 11:00:02,406 INFO [restartedMain] o.a.c.h.Http11NioProtocol [DirectJDKLog.java:173] Starting ProtocolHandler ["http-nio-15213"]
2020-04-29 11:00:02,429 INFO [restartedMain] o.s.b.w.e.t.TomcatWebServer [TomcatWebServer.java:204] Tomcat started on port(s): 15213 (http) with context path '/community'
2020-04-29 11:00:02,431 INFO [restartedMain] c.n.c.CommunityApplication [StartupInfoLogger.java:61] Started CommunityApplication in 1.454 seconds (JVM running for 290.954)
2020-04-29 11:00:02,434 INFO [restartedMain] o.s.b.d.a.ConditionEvaluationDeltaLoggingListener [ConditionEvaluationDeltaLoggingListener.java:63] Condition evaluation unchanged
2020-04-29 11:00:08,438 INFO [http-nio-15213-exec-3] o.a.c.c.C.[.[.[/community] [DirectJDKLog.java:173] Initializing Spring DispatcherServlet 'dispatcherServlet'
2020-04-29 11:00:08,439 INFO [http-nio-15213-exec-3] o.s.w.s.DispatcherServlet [FrameworkServlet.java:525] Initializing Servlet 'dispatcherServlet'
2020-04-29 11:00:08,442 INFO [http-nio-15213-exec-3] o.s.w.s.DispatcherServlet [FrameworkServlet.java:547] Completed initialization in 2 ms
2020-04-29 11:00:08,446 INFO [http-nio-15213-exec-3] c.z.h.HikariDataSource [HikariDataSource.java:110] HikariPool-2 - Starting...
2020-04-29 11:00:08,468 INFO [http-nio-15213-exec-3] c.z.h.HikariDataSource [HikariDataSource.java:123] HikariPool-2 - Start completed.
2020-04-29 11:07:59,321 INFO [Thread-13] o.s.s.c.ThreadPoolTaskExecutor [ExecutorConfigurationSupport.java:218] Shutting down ExecutorService 'applicationTaskExecutor'
2020-04-29 11:07:59,323 INFO [Thread-13] c.z.h.HikariDataSource [HikariDataSource.java:350] HikariPool-2 - Shutdown initiated...
2020-04-29 11:07:59,328 INFO [Thread-13] c.z.h.HikariDataSource [HikariDataSource.java:352] HikariPool-2 - Shutdown completed.
2020-04-29 11:08:00,405 INFO [restartedMain] c.n.c.CommunityApplication [StartupInfoLogger.java:55] Starting CommunityApplication on zt with PID 22536 (D:\Java\nowcoder_project\workspace\community\target\classes started by zhang in D:\Java\nowcoder_project\workspace\community)
2020-04-29 11:08:00,406 INFO [restartedMain] c.n.c.CommunityApplication [SpringApplication.java:651] No active profile set, falling back to default profiles: default
2020-04-29 11:08:01,371 INFO [restartedMain] o.s.b.w.e.t.TomcatWebServer [TomcatWebServer.java:92] Tomcat initialized with port(s): 15213 (http)
2020-04-29 11:08:01,372 INFO [restartedMain] o.a.c.h.Http11NioProtocol [DirectJDKLog.java:173] Initializing ProtocolHandler ["http-nio-15213"]
2020-04-29 11:08:01,372 INFO [restartedMain] o.a.c.c.StandardService [DirectJDKLog.java:173] Starting service [Tomcat]
2020-04-29 11:08:01,373 INFO [restartedMain] o.a.c.c.StandardEngine [DirectJDKLog.java:173] Starting Servlet engine: [Apache Tomcat/9.0.31]
2020-04-29 11:08:01,453 INFO [restartedMain] o.a.c.c.C.[.[.[/community] [DirectJDKLog.java:173] Initializing Spring embedded WebApplicationContext
2020-04-29 11:08:01,453 INFO [restartedMain] o.s.w.c.ContextLoader [ServletWebServerApplicationContext.java:284] Root WebApplicationContext: initialization completed in 1041 ms
2020-04-29 11:08:01,677 INFO [restartedMain] o.s.s.c.ThreadPoolTaskExecutor [ExecutorConfigurationSupport.java:181] Initializing ExecutorService 'applicationTaskExecutor'
2020-04-29 11:08:01,697 INFO [restartedMain] o.s.b.a.w.s.WelcomePageHandlerMapping [WelcomePageHandlerMapping.java:58] Adding welcome page template: index
2020-04-29 11:08:01,762 INFO [restartedMain] o.s.b.d.a.OptionalLiveReloadServer [OptionalLiveReloadServer.java:58] LiveReload server is running on port 35729
2020-04-29 11:08:01,768 INFO [restartedMain] o.a.c.h.Http11NioProtocol [DirectJDKLog.java:173] Starting ProtocolHandler ["http-nio-15213"]
2020-04-29 11:08:01,780 INFO [restartedMain] o.s.b.w.e.t.TomcatWebServer [TomcatWebServer.java:204] Tomcat started on port(s): 15213 (http) with context path '/community'
2020-04-29 11:08:01,781 INFO [restartedMain] c.n.c.CommunityApplication [StartupInfoLogger.java:61] Started CommunityApplication in 1.52 seconds (JVM running for 770.305)
2020-04-29 11:08:01,782 INFO [restartedMain] o.s.b.d.a.ConditionEvaluationDeltaLoggingListener [ConditionEvaluationDeltaLoggingListener.java:63] Condition evaluation unchanged
2020-04-29 11:08:05,106 INFO [http-nio-15213-exec-1] o.a.c.c.C.[.[.[/community] [DirectJDKLog.java:173] Initializing Spring DispatcherServlet 'dispatcherServlet'
2020-04-29 11:08:05,107 INFO [http-nio-15213-exec-1] o.s.w.s.DispatcherServlet [FrameworkServlet.java:525] Initializing Servlet 'dispatcherServlet'
2020-04-29 11:08:05,109 INFO [http-nio-15213-exec-1] o.s.w.s.DispatcherServlet [FrameworkServlet.java:547] Completed initialization in 2 ms
2020-04-29 11:08:05,112 INFO [http-nio-15213-exec-1] c.z.h.HikariDataSource [HikariDataSource.java:110] HikariPool-3 - Starting...
2020-04-29 11:08:05,126 INFO [http-nio-15213-exec-1] c.z.h.HikariDataSource [HikariDataSource.java:123] HikariPool-3 - Start completed.
2020-04-29 11:10:22,112 INFO [restartedMain] c.n.c.CommunityApplication [StartupInfoLogger.java:55] Starting CommunityApplication on zt with PID 16208 (D:\Java\nowcoder_project\workspace\community\target\classes started by zhang in D:\Java\nowcoder_project\workspace\community)
2020-04-29 11:10:22,115 INFO [restartedMain] c.n.c.CommunityApplication [SpringApplication.java:651] No active profile set, falling back to default profiles: default
2020-04-29 11:10:22,175 INFO [restartedMain] o.s.b.d.e.DevToolsPropertyDefaultsPostProcessor [DeferredLog.java:225] Devtools property defaults active! Set 'spring.devtools.add-properties' to 'false' to disable
2020-04-29 11:10:22,175 INFO [restartedMain] o.s.b.d.e.DevToolsPropertyDefaultsPostProcessor [DeferredLog.java:225] For additional web related logging consider setting the 'logging.level.web' property to 'DEBUG'
2020-04-29 11:10:24,456 INFO [restartedMain] o.s.b.w.e.t.TomcatWebServer [TomcatWebServer.java:92] Tomcat initialized with port(s): 15213 (http)
2020-04-29 11:10:24,471 INFO [restartedMain] o.a.c.h.Http11NioProtocol [DirectJDKLog.java:173] Initializing ProtocolHandler ["http-nio-15213"]
2020-04-29 11:10:24,472 INFO [restartedMain] o.a.c.c.StandardService [DirectJDKLog.java:173] Starting service [Tomcat]
2020-04-29 11:10:24,472 INFO [restartedMain] o.a.c.c.StandardEngine [DirectJDKLog.java:173] Starting Servlet engine: [Apache Tomcat/9.0.31]
2020-04-29 11:10:24,633 INFO [restartedMain] o.a.c.c.C.[.[.[/community] [DirectJDKLog.java:173] Initializing Spring embedded WebApplicationContext
2020-04-29 11:10:24,633 INFO [restartedMain] o.s.w.c.ContextLoader [ServletWebServerApplicationContext.java:284] Root WebApplicationContext: initialization completed in 2457 ms
2020-04-29 11:10:25,562 INFO [restartedMain] o.s.s.c.ThreadPoolTaskExecutor [ExecutorConfigurationSupport.java:181] Initializing ExecutorService 'applicationTaskExecutor'
2020-04-29 11:10:25,676 INFO [restartedMain] o.s.b.a.w.s.WelcomePageHandlerMapping [WelcomePageHandlerMapping.java:58] Adding welcome page template: index
2020-04-29 11:10:25,865 INFO [restartedMain] o.s.b.d.a.OptionalLiveReloadServer [OptionalLiveReloadServer.java:58] LiveReload server is running on port 35729
2020-04-29 11:10:25,885 INFO [restartedMain] o.a.c.h.Http11NioProtocol [DirectJDKLog.java:173] Starting ProtocolHandler ["http-nio-15213"]
2020-04-29 11:10:25,925 INFO [restartedMain] o.s.b.w.e.t.TomcatWebServer [TomcatWebServer.java:204] Tomcat started on port(s): 15213 (http) with context path '/community'
2020-04-29 11:10:25,932 INFO [restartedMain] c.n.c.CommunityApplication [StartupInfoLogger.java:61] Started CommunityApplication in 4.427 seconds (JVM running for 5.337)
2020-04-29 11:10:33,846 INFO [http-nio-15213-exec-1] o.a.c.c.C.[.[.[/community] [DirectJDKLog.java:173] Initializing Spring DispatcherServlet 'dispatcherServlet'
2020-04-29 11:10:33,847 INFO [http-nio-15213-exec-1] o.s.w.s.DispatcherServlet [FrameworkServlet.java:525] Initializing Servlet 'dispatcherServlet'
2020-04-29 11:10:33,858 INFO [http-nio-15213-exec-1] o.s.w.s.DispatcherServlet [FrameworkServlet.java:547] Completed initialization in 11 ms
2020-04-29 11:10:33,913 INFO [http-nio-15213-exec-1] c.z.h.HikariDataSource [HikariDataSource.java:110] HikariPool-1 - Starting...
2020-04-29 11:10:34,165 INFO [http-nio-15213-exec-1] c.z.h.HikariDataSource [HikariDataSource.java:123] HikariPool-1 - Start completed.
2020-04-29 11:13:30,905 INFO [restartedMain] c.n.c.CommunityApplication [StartupInfoLogger.java:55] Starting CommunityApplication on zt with PID 18504 (D:\Java\nowcoder_project\workspace\community\target\classes started by zhang in D:\Java\nowcoder_project\workspace\community)
2020-04-29 11:13:30,908 INFO [restartedMain] c.n.c.CommunityApplication [SpringApplication.java:651] No active profile set, falling back to default profiles: default
2020-04-29 11:13:30,962 INFO [restartedMain] o.s.b.d.e.DevToolsPropertyDefaultsPostProcessor [DeferredLog.java:225] Devtools property defaults active! Set 'spring.devtools.add-properties' to 'false' to disable
2020-04-29 11:13:30,962 INFO [restartedMain] o.s.b.d.e.DevToolsPropertyDefaultsPostProcessor [DeferredLog.java:225] For additional web related logging consider setting the 'logging.level.web' property to 'DEBUG'
2020-04-29 11:13:33,190 INFO [restartedMain] o.s.b.w.e.t.TomcatWebServer [TomcatWebServer.java:92] Tomcat initialized with port(s): 15213 (http)
2020-04-29 11:13:33,202 INFO [restartedMain] o.a.c.h.Http11NioProtocol [DirectJDKLog.java:173] Initializing ProtocolHandler ["http-nio-15213"]
2020-04-29 11:13:33,203 INFO [restartedMain] o.a.c.c.StandardService [DirectJDKLog.java:173] Starting service [Tomcat]
2020-04-29 11:13:33,203 INFO [restartedMain] o.a.c.c.StandardEngine [DirectJDKLog.java:173] Starting Servlet engine: [Apache Tomcat/9.0.31]
2020-04-29 11:13:33,345 INFO [restartedMain] o.a.c.c.C.[.[.[/community] [DirectJDKLog.java:173] Initializing Spring embedded WebApplicationContext
2020-04-29 11:13:33,345 INFO [restartedMain] o.s.w.c.ContextLoader [ServletWebServerApplicationContext.java:284] Root WebApplicationContext: initialization completed in 2383 ms
2020-04-29 11:13:34,059 INFO [restartedMain] o.s.s.c.ThreadPoolTaskExecutor [ExecutorConfigurationSupport.java:181] Initializing ExecutorService 'applicationTaskExecutor'
2020-04-29 11:13:34,186 INFO [restartedMain] o.s.b.a.w.s.WelcomePageHandlerMapping [WelcomePageHandlerMapping.java:58] Adding welcome page template: index
2020-04-29 11:13:34,356 INFO [restartedMain] o.s.b.d.a.OptionalLiveReloadServer [OptionalLiveReloadServer.java:58] LiveReload server is running on port 35729
2020-04-29 11:13:34,383 INFO [restartedMain] o.a.c.h.Http11NioProtocol [DirectJDKLog.java:173] Starting ProtocolHandler ["http-nio-15213"]
2020-04-29 11:13:34,423 INFO [restartedMain] o.s.b.w.e.t.TomcatWebServer [TomcatWebServer.java:204] Tomcat started on port(s): 15213 (http) with context path '/community'
2020-04-29 11:13:34,428 INFO [restartedMain] c.n.c.CommunityApplication [StartupInfoLogger.java:61] Started CommunityApplication in 4.109 seconds (JVM running for 4.97)
2020-04-29 11:13:37,904 INFO [http-nio-15213-exec-1] o.a.c.c.C.[.[.[/community] [DirectJDKLog.java:173] Initializing Spring DispatcherServlet 'dispatcherServlet'
2020-04-29 11:13:37,905 INFO [http-nio-15213-exec-1] o.s.w.s.DispatcherServlet [FrameworkServlet.java:525] Initializing Servlet 'dispatcherServlet'
2020-04-29 11:13:37,916 INFO [http-nio-15213-exec-1] o.s.w.s.DispatcherServlet [FrameworkServlet.java:547] Completed initialization in 10 ms
2020-04-29 11:13:37,984 INFO [http-nio-15213-exec-1] c.z.h.HikariDataSource [HikariDataSource.java:110] HikariPool-1 - Starting...
2020-04-29 11:13:38,259 INFO [http-nio-15213-exec-1] c.z.h.HikariDataSource [HikariDataSource.java:123] HikariPool-1 - Start completed.
2020-04-29 11:14:57,425 INFO [restartedMain] c.n.c.CommunityApplication [StartupInfoLogger.java:55] Starting CommunityApplication on zt with PID 17912 (D:\Java\nowcoder_project\workspace\community\target\classes started by zhang in D:\Java\nowcoder_project\workspace\community)
2020-04-29 11:14:57,428 INFO [restartedMain] c.n.c.CommunityApplication [SpringApplication.java:651] No active profile set, falling back to default profiles: default
2020-04-29 11:14:57,491 INFO [restartedMain] o.s.b.d.e.DevToolsPropertyDefaultsPostProcessor [DeferredLog.java:225] Devtools property defaults active! Set 'spring.devtools.add-properties' to 'false' to disable
2020-04-29 11:14:57,492 INFO [restartedMain] o.s.b.d.e.DevToolsPropertyDefaultsPostProcessor [DeferredLog.java:225] For additional web related logging consider setting the 'logging.level.web' property to 'DEBUG'
2020-04-29 11:14:59,672 INFO [restartedMain] o.s.b.w.e.t.TomcatWebServer [TomcatWebServer.java:92] Tomcat initialized with port(s): 15213 (http)
2020-04-29 11:14:59,685 INFO [restartedMain] o.a.c.h.Http11NioProtocol [DirectJDKLog.java:173] Initializing ProtocolHandler ["http-nio-15213"]
2020-04-29 11:14:59,686 INFO [restartedMain] o.a.c.c.StandardService [DirectJDKLog.java:173] Starting service [Tomcat]
2020-04-29 11:14:59,686 INFO [restartedMain] o.a.c.c.StandardEngine [DirectJDKLog.java:173] Starting Servlet engine: [Apache Tomcat/9.0.31]
2020-04-29 11:14:59,826 INFO [restartedMain] o.a.c.c.C.[.[.[/community] [DirectJDKLog.java:173] Initializing Spring embedded WebApplicationContext
2020-04-29 11:14:59,826 INFO [restartedMain] o.s.w.c.ContextLoader [ServletWebServerApplicationContext.java:284] Root WebApplicationContext: initialization completed in 2334 ms
2020-04-29 11:15:00,525 INFO [restartedMain] o.s.s.c.ThreadPoolTaskExecutor [ExecutorConfigurationSupport.java:181] Initializing ExecutorService 'applicationTaskExecutor'
2020-04-29 11:15:00,645 INFO [restartedMain] o.s.b.a.w.s.WelcomePageHandlerMapping [WelcomePageHandlerMapping.java:58] Adding welcome page template: index
2020-04-29 11:15:00,807 INFO [restartedMain] o.s.b.d.a.OptionalLiveReloadServer [OptionalLiveReloadServer.java:58] LiveReload server is running on port 35729
2020-04-29 11:15:00,835 INFO [restartedMain] o.a.c.h.Http11NioProtocol [DirectJDKLog.java:173] Starting ProtocolHandler ["http-nio-15213"]
2020-04-29 11:15:00,871 INFO [restartedMain] o.s.b.w.e.t.TomcatWebServer [TomcatWebServer.java:204] Tomcat started on port(s): 15213 (http) with context path '/community'
2020-04-29 11:15:00,875 INFO [restartedMain] c.n.c.CommunityApplication [StartupInfoLogger.java:61] Started CommunityApplication in 4.029 seconds (JVM running for 4.841)
2020-04-29 11:15:09,828 INFO [http-nio-15213-exec-3] o.a.c.c.C.[.[.[/community] [DirectJDKLog.java:173] Initializing Spring DispatcherServlet 'dispatcherServlet'
2020-04-29 11:15:09,829 INFO [http-nio-15213-exec-3] o.s.w.s.DispatcherServlet [FrameworkServlet.java:525] Initializing Servlet 'dispatcherServlet'
2020-04-29 11:15:09,841 INFO [http-nio-15213-exec-3] o.s.w.s.DispatcherServlet [FrameworkServlet.java:547] Completed initialization in 12 ms
2020-04-29 11:15:09,892 INFO [http-nio-15213-exec-3] c.z.h.HikariDataSource [HikariDataSource.java:110] HikariPool-1 - Starting...
2020-04-29 11:15:10,157 INFO [http-nio-15213-exec-3] c.z.h.HikariDataSource [HikariDataSource.java:123] HikariPool-1 - Start completed.
2020-04-29 11:17:52,296 INFO [Thread-5] o.s.s.c.ThreadPoolTaskExecutor [ExecutorConfigurationSupport.java:218] Shutting down ExecutorService 'applicationTaskExecutor'
2020-04-29 11:17:52,298 INFO [Thread-5] c.z.h.HikariDataSource [HikariDataSource.java:350] HikariPool-1 - Shutdown initiated...
2020-04-29 11:17:52,322 INFO [Thread-5] c.z.h.HikariDataSource [HikariDataSource.java:352] HikariPool-1 - Shutdown completed.
2020-04-29 11:17:53,404 INFO [restartedMain] c.n.c.CommunityApplication [StartupInfoLogger.java:55] Starting CommunityApplication on zt with PID 17912 (D:\Java\nowcoder_project\workspace\community\target\classes started by zhang in D:\Java\nowcoder_project\workspace\community)
2020-04-29 11:17:53,405 INFO [restartedMain] c.n.c.CommunityApplication [SpringApplication.java:651] No active profile set, falling back to default profiles: default
2020-04-29 11:17:54,338 INFO [restartedMain] o.s.b.w.e.t.TomcatWebServer [TomcatWebServer.java:92] Tomcat initialized with port(s): 15213 (http)
2020-04-29 11:17:54,339 INFO [restartedMain] o.a.c.h.Http11NioProtocol [DirectJDKLog.java:173] Initializing ProtocolHandler ["http-nio-15213"]
2020-04-29 11:17:54,340 INFO [restartedMain] o.a.c.c.StandardService [DirectJDKLog.java:173] Starting service [Tomcat]
2020-04-29 11:17:54,341 INFO [restartedMain] o.a.c.c.StandardEngine [DirectJDKLog.java:173] Starting Servlet engine: [Apache Tomcat/9.0.31]
2020-04-29 11:17:54,415 INFO [restartedMain] o.a.c.c.C.[.[.[/community] [DirectJDKLog.java:173] Initializing Spring embedded WebApplicationContext
2020-04-29 11:17:54,415 INFO [restartedMain] o.s.w.c.ContextLoader [ServletWebServerApplicationContext.java:284] Root WebApplicationContext: initialization completed in 1000 ms
2020-04-29 11:17:54,722 INFO [restartedMain] o.s.s.c.ThreadPoolTaskExecutor [ExecutorConfigurationSupport.java:181] Initializing ExecutorService 'applicationTaskExecutor'
2020-04-29 11:17:54,749 INFO [restartedMain] o.s.b.a.w.s.WelcomePageHandlerMapping [WelcomePageHandlerMapping.java:58] Adding welcome page template: index
2020-04-29 11:17:54,880 INFO [restartedMain] o.s.b.d.a.OptionalLiveReloadServer [OptionalLiveReloadServer.java:58] LiveReload server is running on port 35729
2020-04-29 11:17:54,891 INFO [restartedMain] o.a.c.h.Http11NioProtocol [DirectJDKLog.java:173] Starting ProtocolHandler ["http-nio-15213"]
2020-04-29 11:17:54,907 INFO [restartedMain] o.s.b.w.e.t.TomcatWebServer [TomcatWebServer.java:204] Tomcat started on port(s): 15213 (http) with context path '/community'
2020-04-29 11:17:54,909 INFO [restartedMain] c.n.c.CommunityApplication [StartupInfoLogger.java:61] Started CommunityApplication in 1.697 seconds (JVM running for 178.875)
2020-04-29 11:17:54,915 INFO [restartedMain] o.s.b.d.a.ConditionEvaluationDeltaLoggingListener [ConditionEvaluationDeltaLoggingListener.java:63] Condition evaluation unchanged
2020-04-29 11:18:00,918 INFO [http-nio-15213-exec-1] o.a.c.c.C.[.[.[/community] [DirectJDKLog.java:173] Initializing Spring DispatcherServlet 'dispatcherServlet'
2020-04-29 11:18:00,919 INFO [http-nio-15213-exec-1] o.s.w.s.DispatcherServlet [FrameworkServlet.java:525] Initializing Servlet 'dispatcherServlet'
2020-04-29 11:18:00,921 INFO [http-nio-15213-exec-1] o.s.w.s.DispatcherServlet [FrameworkServlet.java:547] Completed initialization in 2 ms
2020-04-29 11:18:00,924 INFO [http-nio-15213-exec-1] c.z.h.HikariDataSource [HikariDataSource.java:110] HikariPool-2 - Starting...
2020-04-29 11:18:00,945 INFO [http-nio-15213-exec-1] c.z.h.HikariDataSource [HikariDataSource.java:123] HikariPool-2 - Start completed.
2020-04-29 11:20:55,461 INFO [restartedMain] c.n.c.CommunityApplication [StartupInfoLogger.java:55] Starting CommunityApplication on zt with PID 1956 (D:\Java\nowcoder_project\workspace\community\target\classes started by zhang in D:\Java\nowcoder_project\workspace\community)
2020-04-29 11:20:55,464 INFO [restartedMain] c.n.c.CommunityApplication [SpringApplication.java:651] No active profile set, falling back to default profiles: default
2020-04-29 11:20:55,535 INFO [restartedMain] o.s.b.d.e.DevToolsPropertyDefaultsPostProcessor [DeferredLog.java:225] Devtools property defaults active! Set 'spring.devtools.add-properties' to 'false' to disable
2020-04-29 11:20:55,535 INFO [restartedMain] o.s.b.d.e.DevToolsPropertyDefaultsPostProcessor [DeferredLog.java:225] For additional web related logging consider setting the 'logging.level.web' property to 'DEBUG'
2020-04-29 11:20:57,837 INFO [restartedMain] o.s.b.w.e.t.TomcatWebServer [TomcatWebServer.java:92] Tomcat initialized with port(s): 15213 (http)
2020-04-29 11:20:57,850 INFO [restartedMain] o.a.c.h.Http11NioProtocol [DirectJDKLog.java:173] Initializing ProtocolHandler ["http-nio-15213"]
2020-04-29 11:20:57,850 INFO [restartedMain] o.a.c.c.StandardService [DirectJDKLog.java:173] Starting service [Tomcat]
2020-04-29 11:20:57,851 INFO [restartedMain] o.a.c.c.StandardEngine [DirectJDKLog.java:173] Starting Servlet engine: [Apache Tomcat/9.0.31]
2020-04-29 11:20:58,006 INFO [restartedMain] o.a.c.c.C.[.[.[/community] [DirectJDKLog.java:173] Initializing Spring embedded WebApplicationContext
2020-04-29 11:20:58,006 INFO [restartedMain] o.s.w.c.ContextLoader [ServletWebServerApplicationContext.java:284] Root WebApplicationContext: initialization completed in 2470 ms
2020-04-29 11:20:58,765 INFO [restartedMain] o.s.s.c.ThreadPoolTaskExecutor [ExecutorConfigurationSupport.java:181] Initializing ExecutorService 'applicationTaskExecutor'
2020-04-29 11:20:58,886 INFO [restartedMain] o.s.b.a.w.s.WelcomePageHandlerMapping [WelcomePageHandlerMapping.java:58] Adding welcome page template: index
2020-04-29 11:20:59,052 INFO [restartedMain] o.s.b.d.a.OptionalLiveReloadServer [OptionalLiveReloadServer.java:58] LiveReload server is running on port 35729
2020-04-29 11:20:59,082 INFO [restartedMain] o.a.c.h.Http11NioProtocol [DirectJDKLog.java:173] Starting ProtocolHandler ["http-nio-15213"]
2020-04-29 11:20:59,126 INFO [restartedMain] o.s.b.w.e.t.TomcatWebServer [TomcatWebServer.java:204] Tomcat started on port(s): 15213 (http) with context path '/community'
2020-04-29 11:20:59,132 INFO [restartedMain] c.n.c.CommunityApplication [StartupInfoLogger.java:61] Started CommunityApplication in 4.304 seconds (JVM running for 5.306)
2020-04-29 11:21:03,179 INFO [http-nio-15213-exec-1] o.a.c.c.C.[.[.[/community] [DirectJDKLog.java:173] Initializing Spring DispatcherServlet 'dispatcherServlet'
2020-04-29 11:21:03,180 INFO [http-nio-15213-exec-1] o.s.w.s.DispatcherServlet [FrameworkServlet.java:525] Initializing Servlet 'dispatcherServlet'
2020-04-29 11:21:03,192 INFO [http-nio-15213-exec-1] o.s.w.s.DispatcherServlet [FrameworkServlet.java:547] Completed initialization in 12 ms
2020-04-29 11:21:03,238 INFO [http-nio-15213-exec-1] c.z.h.HikariDataSource [HikariDataSource.java:110] HikariPool-1 - Starting...
2020-04-29 11:21:03,451 INFO [http-nio-15213-exec-1] c.z.h.HikariDataSource [HikariDataSource.java:123] HikariPool-1 - Start completed.
