2020-04-27 10:19:48,327 INFO [http-nio-15213-exec-1] c.z.h.HikariDataSource [HikariDataSource.java:110] HikariPool-1 - Starting...
2020-04-27 10:19:48,564 INFO [http-nio-15213-exec-1] c.z.h.HikariDataSource [HikariDataSource.java:123] HikariPool-1 - Start completed.
2020-04-27 10:28:38,883 INFO [restartedMain] c.n.c.CommunityApplication [StartupInfoLogger.java:55] Starting CommunityApplication on zt with PID 16932 (D:\Java\nowcoder_project\workspace\community\target\classes started by zhang in D:\Java\nowcoder_project\workspace\community)
2020-04-27 10:28:38,886 INFO [restartedMain] c.n.c.CommunityApplication [SpringApplication.java:651] No active profile set, falling back to default profiles: default
2020-04-27 10:28:38,946 INFO [restartedMain] o.s.b.d.e.DevToolsPropertyDefaultsPostProcessor [DeferredLog.java:225] Devtools property defaults active! Set 'spring.devtools.add-properties' to 'false' to disable
2020-04-27 10:28:38,946 INFO [restartedMain] o.s.b.d.e.DevToolsPropertyDefaultsPostProcessor [DeferredLog.java:225] For additional web related logging consider setting the 'logging.level.web' property to 'DEBUG'
2020-04-27 10:28:41,152 INFO [restartedMain] o.s.b.w.e.t.TomcatWebServer [TomcatWebServer.java:92] Tomcat initialized with port(s): 15213 (http)
2020-04-27 10:28:41,166 INFO [restartedMain] o.a.c.h.Http11NioProtocol [DirectJDKLog.java:173] Initializing ProtocolHandler ["http-nio-15213"]
2020-04-27 10:28:41,167 INFO [restartedMain] o.a.c.c.StandardService [DirectJDKLog.java:173] Starting service [Tomcat]
2020-04-27 10:28:41,167 INFO [restartedMain] o.a.c.c.StandardEngine [DirectJDKLog.java:173] Starting Servlet engine: [Apache Tomcat/9.0.31]
2020-04-27 10:28:41,320 INFO [restartedMain] o.a.c.c.C.[.[.[/community] [DirectJDKLog.java:173] Initializing Spring embedded WebApplicationContext
2020-04-27 10:28:41,320 INFO [restartedMain] o.s.w.c.ContextLoader [ServletWebServerApplicationContext.java:284] Root WebApplicationContext: initialization completed in 2373 ms
2020-04-27 10:28:42,074 INFO [restartedMain] o.s.s.c.ThreadPoolTaskExecutor [ExecutorConfigurationSupport.java:181] Initializing ExecutorService 'applicationTaskExecutor'
2020-04-27 10:28:42,188 INFO [restartedMain] o.s.b.a.w.s.WelcomePageHandlerMapping [WelcomePageHandlerMapping.java:58] Adding welcome page template: index
2020-04-27 10:28:42,341 INFO [restartedMain] o.s.b.d.a.OptionalLiveReloadServer [OptionalLiveReloadServer.java:58] LiveReload server is running on port 35729
2020-04-27 10:28:42,366 INFO [restartedMain] o.a.c.h.Http11NioProtocol [DirectJDKLog.java:173] Starting ProtocolHandler ["http-nio-15213"]
2020-04-27 10:28:42,402 INFO [restartedMain] o.s.b.w.e.t.TomcatWebServer [TomcatWebServer.java:204] Tomcat started on port(s): 15213 (http) with context path '/community'
2020-04-27 10:28:42,406 INFO [restartedMain] c.n.c.CommunityApplication [StartupInfoLogger.java:61] Started CommunityApplication in 4.118 seconds (JVM running for 5.285)
2020-04-27 10:28:54,385 INFO [http-nio-15213-exec-1] o.a.c.c.C.[.[.[/community] [DirectJDKLog.java:173] Initializing Spring DispatcherServlet 'dispatcherServlet'
2020-04-27 10:28:54,386 INFO [http-nio-15213-exec-1] o.s.w.s.DispatcherServlet [FrameworkServlet.java:525] Initializing Servlet 'dispatcherServlet'
2020-04-27 10:28:54,396 INFO [http-nio-15213-exec-1] o.s.w.s.DispatcherServlet [FrameworkServlet.java:547] Completed initialization in 9 ms
2020-04-27 10:28:54,482 INFO [http-nio-15213-exec-1] c.z.h.HikariDataSource [HikariDataSource.java:110] HikariPool-1 - Starting...
2020-04-27 10:28:54,692 INFO [http-nio-15213-exec-1] c.z.h.HikariDataSource [HikariDataSource.java:123] HikariPool-1 - Start completed.
2020-04-27 11:09:55,474 INFO [main] c.n.c.MapperTests [StartupInfoLogger.java:55] Starting MapperTests on zt with PID 18044 (started by zhang in D:\Java\nowcoder_project\workspace\community)
2020-04-27 11:09:55,481 INFO [main] c.n.c.MapperTests [SpringApplication.java:651] No active profile set, falling back to default profiles: default
2020-04-27 11:09:58,432 INFO [main] o.s.s.c.ThreadPoolTaskExecutor [ExecutorConfigurationSupport.java:181] Initializing ExecutorService 'applicationTaskExecutor'
2020-04-27 11:09:58,562 INFO [main] o.s.b.a.w.s.WelcomePageHandlerMapping [WelcomePageHandlerMapping.java:58] Adding welcome page template: index
2020-04-27 11:09:59,565 INFO [main] c.n.c.MapperTests [StartupInfoLogger.java:61] Started MapperTests in 5.37 seconds (JVM running for 7.867)
2020-04-27 11:10:00,126 INFO [main] c.z.h.HikariDataSource [HikariDataSource.java:110] HikariPool-1 - Starting...
2020-04-27 11:10:00,385 INFO [main] c.z.h.HikariDataSource [HikariDataSource.java:123] HikariPool-1 - Start completed.
2020-04-27 11:10:00,515 INFO [SpringContextShutdownHook] o.s.s.c.ThreadPoolTaskExecutor [ExecutorConfigurationSupport.java:218] Shutting down ExecutorService 'applicationTaskExecutor'
2020-04-27 11:10:00,517 INFO [SpringContextShutdownHook] c.z.h.HikariDataSource [HikariDataSource.java:350] HikariPool-1 - Shutdown initiated...
2020-04-27 11:10:00,530 INFO [SpringContextShutdownHook] c.z.h.HikariDataSource [HikariDataSource.java:352] HikariPool-1 - Shutdown completed.
2020-04-27 11:12:00,856 INFO [main] c.n.c.MapperTests [StartupInfoLogger.java:55] Starting MapperTests on zt with PID 19496 (started by zhang in D:\Java\nowcoder_project\workspace\community)
2020-04-27 11:12:00,858 INFO [main] c.n.c.MapperTests [SpringApplication.java:651] No active profile set, falling back to default profiles: default
2020-04-27 11:12:02,858 INFO [main] o.s.s.c.ThreadPoolTaskExecutor [ExecutorConfigurationSupport.java:181] Initializing ExecutorService 'applicationTaskExecutor'
2020-04-27 11:12:02,981 INFO [main] o.s.b.a.w.s.WelcomePageHandlerMapping [WelcomePageHandlerMapping.java:58] Adding welcome page template: index
2020-04-27 11:12:03,948 INFO [main] c.n.c.MapperTests [StartupInfoLogger.java:61] Started MapperTests in 4.427 seconds (JVM running for 6.544)
2020-04-27 11:12:04,395 INFO [main] c.z.h.HikariDataSource [HikariDataSource.java:110] HikariPool-1 - Starting...
2020-04-27 11:12:04,601 INFO [main] c.z.h.HikariDataSource [HikariDataSource.java:123] HikariPool-1 - Start completed.
2020-04-27 11:12:04,753 INFO [SpringContextShutdownHook] o.s.s.c.ThreadPoolTaskExecutor [ExecutorConfigurationSupport.java:218] Shutting down ExecutorService 'applicationTaskExecutor'
2020-04-27 11:12:04,755 INFO [SpringContextShutdownHook] c.z.h.HikariDataSource [HikariDataSource.java:350] HikariPool-1 - Shutdown initiated...
2020-04-27 11:12:04,766 INFO [SpringContextShutdownHook] c.z.h.HikariDataSource [HikariDataSource.java:352] HikariPool-1 - Shutdown completed.
2020-04-27 11:15:40,237 INFO [main] c.n.c.MapperTests [StartupInfoLogger.java:55] Starting MapperTests on zt with PID 4792 (started by zhang in D:\Java\nowcoder_project\workspace\community)
2020-04-27 11:15:40,239 INFO [main] c.n.c.MapperTests [SpringApplication.java:651] No active profile set, falling back to default profiles: default
2020-04-27 11:15:42,258 INFO [main] o.s.s.c.ThreadPoolTaskExecutor [ExecutorConfigurationSupport.java:181] Initializing ExecutorService 'applicationTaskExecutor'
2020-04-27 11:15:42,367 INFO [main] o.s.b.a.w.s.WelcomePageHandlerMapping [WelcomePageHandlerMapping.java:58] Adding welcome page template: index
2020-04-27 11:15:43,356 INFO [main] c.n.c.MapperTests [StartupInfoLogger.java:61] Started MapperTests in 4.408 seconds (JVM running for 5.986)
2020-04-27 11:15:43,843 INFO [main] c.z.h.HikariDataSource [HikariDataSource.java:110] HikariPool-1 - Starting...
2020-04-27 11:15:44,025 INFO [main] c.z.h.HikariDataSource [HikariDataSource.java:123] HikariPool-1 - Start completed.
2020-04-27 11:15:44,176 INFO [SpringContextShutdownHook] o.s.s.c.ThreadPoolTaskExecutor [ExecutorConfigurationSupport.java:218] Shutting down ExecutorService 'applicationTaskExecutor'
2020-04-27 11:15:44,178 INFO [SpringContextShutdownHook] c.z.h.HikariDataSource [HikariDataSource.java:350] HikariPool-1 - Shutdown initiated...
2020-04-27 11:15:44,185 INFO [SpringContextShutdownHook] c.z.h.HikariDataSource [HikariDataSource.java:352] HikariPool-1 - Shutdown completed.
2020-04-27 19:25:49,411 INFO [restartedMain] c.n.c.CommunityApplication [StartupInfoLogger.java:55] Starting CommunityApplication on zt with PID 13772 (D:\Java\nowcoder_project\workspace\community\target\classes started by zhang in D:\Java\nowcoder_project\workspace\community)
2020-04-27 19:25:49,417 INFO [restartedMain] c.n.c.CommunityApplication [SpringApplication.java:651] No active profile set, falling back to default profiles: default
2020-04-27 19:25:49,481 INFO [restartedMain] o.s.b.d.e.DevToolsPropertyDefaultsPostProcessor [DeferredLog.java:225] Devtools property defaults active! Set 'spring.devtools.add-properties' to 'false' to disable
2020-04-27 19:25:49,481 INFO [restartedMain] o.s.b.d.e.DevToolsPropertyDefaultsPostProcessor [DeferredLog.java:225] For additional web related logging consider setting the 'logging.level.web' property to 'DEBUG'
2020-04-27 19:25:51,635 INFO [restartedMain] o.s.b.w.e.t.TomcatWebServer [TomcatWebServer.java:92] Tomcat initialized with port(s): 15213 (http)
2020-04-27 19:25:51,649 INFO [restartedMain] o.a.c.h.Http11NioProtocol [DirectJDKLog.java:173] Initializing ProtocolHandler ["http-nio-15213"]
2020-04-27 19:25:51,649 INFO [restartedMain] o.a.c.c.StandardService [DirectJDKLog.java:173] Starting service [Tomcat]
2020-04-27 19:25:51,650 INFO [restartedMain] o.a.c.c.StandardEngine [DirectJDKLog.java:173] Starting Servlet engine: [Apache Tomcat/9.0.31]
2020-04-27 19:25:51,800 INFO [restartedMain] o.a.c.c.C.[.[.[/community] [DirectJDKLog.java:173] Initializing Spring embedded WebApplicationContext
2020-04-27 19:25:51,801 INFO [restartedMain] o.s.w.c.ContextLoader [ServletWebServerApplicationContext.java:284] Root WebApplicationContext: initialization completed in 2319 ms
2020-04-27 19:25:52,623 INFO [restartedMain] o.s.s.c.ThreadPoolTaskExecutor [ExecutorConfigurationSupport.java:181] Initializing ExecutorService 'applicationTaskExecutor'
2020-04-27 19:25:52,741 INFO [restartedMain] o.s.b.a.w.s.WelcomePageHandlerMapping [WelcomePageHandlerMapping.java:58] Adding welcome page template: index
2020-04-27 19:25:52,914 INFO [restartedMain] o.s.b.d.a.OptionalLiveReloadServer [OptionalLiveReloadServer.java:58] LiveReload server is running on port 35729
2020-04-27 19:25:52,939 INFO [restartedMain] o.a.c.h.Http11NioProtocol [DirectJDKLog.java:173] Starting ProtocolHandler ["http-nio-15213"]
2020-04-27 19:25:52,973 INFO [restartedMain] o.s.b.w.e.t.TomcatWebServer [TomcatWebServer.java:204] Tomcat started on port(s): 15213 (http) with context path '/community'
2020-04-27 19:25:52,978 INFO [restartedMain] c.n.c.CommunityApplication [StartupInfoLogger.java:61] Started CommunityApplication in 4.234 seconds (JVM running for 5.754)
2020-04-27 19:26:12,589 INFO [http-nio-15213-exec-1] o.a.c.c.C.[.[.[/community] [DirectJDKLog.java:173] Initializing Spring DispatcherServlet 'dispatcherServlet'
2020-04-27 19:26:12,590 INFO [http-nio-15213-exec-1] o.s.w.s.DispatcherServlet [FrameworkServlet.java:525] Initializing Servlet 'dispatcherServlet'
2020-04-27 19:26:12,601 INFO [http-nio-15213-exec-1] o.s.w.s.DispatcherServlet [FrameworkServlet.java:547] Completed initialization in 10 ms
2020-04-27 19:26:39,809 INFO [http-nio-15213-exec-7] c.z.h.HikariDataSource [HikariDataSource.java:110] HikariPool-1 - Starting...
2020-04-27 19:26:40,060 INFO [http-nio-15213-exec-7] c.z.h.HikariDataSource [HikariDataSource.java:123] HikariPool-1 - Start completed.
2020-04-27 19:38:58,479 INFO [Thread-5] o.s.s.c.ThreadPoolTaskExecutor [ExecutorConfigurationSupport.java:218] Shutting down ExecutorService 'applicationTaskExecutor'
2020-04-27 19:38:58,481 INFO [Thread-5] c.z.h.HikariDataSource [HikariDataSource.java:350] HikariPool-1 - Shutdown initiated...
2020-04-27 19:38:58,505 INFO [Thread-5] c.z.h.HikariDataSource [HikariDataSource.java:352] HikariPool-1 - Shutdown completed.
2020-04-27 19:38:59,637 INFO [restartedMain] c.n.c.CommunityApplication [StartupInfoLogger.java:55] Starting CommunityApplication on zt with PID 13772 (D:\Java\nowcoder_project\workspace\community\target\classes started by zhang in D:\Java\nowcoder_project\workspace\community)
2020-04-27 19:38:59,638 INFO [restartedMain] c.n.c.CommunityApplication [SpringApplication.java:651] No active profile set, falling back to default profiles: default
2020-04-27 19:39:00,565 INFO [restartedMain] o.s.b.w.e.t.TomcatWebServer [TomcatWebServer.java:92] Tomcat initialized with port(s): 15213 (http)
2020-04-27 19:39:00,566 INFO [restartedMain] o.a.c.h.Http11NioProtocol [DirectJDKLog.java:173] Initializing ProtocolHandler ["http-nio-15213"]
2020-04-27 19:39:00,568 INFO [restartedMain] o.a.c.c.StandardService [DirectJDKLog.java:173] Starting service [Tomcat]
2020-04-27 19:39:00,569 INFO [restartedMain] o.a.c.c.StandardEngine [DirectJDKLog.java:173] Starting Servlet engine: [Apache Tomcat/9.0.31]
2020-04-27 19:39:00,873 INFO [restartedMain] o.a.c.c.C.[.[.[/community] [DirectJDKLog.java:173] Initializing Spring embedded WebApplicationContext
2020-04-27 19:39:00,874 INFO [restartedMain] o.s.w.c.ContextLoader [ServletWebServerApplicationContext.java:284] Root WebApplicationContext: initialization completed in 1229 ms
2020-04-27 19:39:01,417 INFO [restartedMain] o.s.s.c.ThreadPoolTaskExecutor [ExecutorConfigurationSupport.java:181] Initializing ExecutorService 'applicationTaskExecutor'
2020-04-27 19:39:01,497 INFO [restartedMain] o.s.b.a.w.s.WelcomePageHandlerMapping [WelcomePageHandlerMapping.java:58] Adding welcome page template: index
2020-04-27 19:39:01,893 INFO [restartedMain] o.s.b.d.a.OptionalLiveReloadServer [OptionalLiveReloadServer.java:58] LiveReload server is running on port 35729
2020-04-27 19:39:01,923 INFO [restartedMain] o.a.c.h.Http11NioProtocol [DirectJDKLog.java:173] Starting ProtocolHandler ["http-nio-15213"]
2020-04-27 19:39:01,947 INFO [restartedMain] o.s.b.w.e.t.TomcatWebServer [TomcatWebServer.java:204] Tomcat started on port(s): 15213 (http) with context path '/community'
2020-04-27 19:39:01,949 INFO [restartedMain] c.n.c.CommunityApplication [StartupInfoLogger.java:61] Started CommunityApplication in 2.493 seconds (JVM running for 794.725)
2020-04-27 19:39:01,952 INFO [restartedMain] o.s.b.d.a.ConditionEvaluationDeltaLoggingListener [ConditionEvaluationDeltaLoggingListener.java:63] Condition evaluation unchanged
2020-04-27 19:39:17,579 INFO [http-nio-15213-exec-3] o.a.c.c.C.[.[.[/community] [DirectJDKLog.java:173] Initializing Spring DispatcherServlet 'dispatcherServlet'
2020-04-27 19:39:17,580 INFO [http-nio-15213-exec-3] o.s.w.s.DispatcherServlet [FrameworkServlet.java:525] Initializing Servlet 'dispatcherServlet'
2020-04-27 19:39:17,583 INFO [http-nio-15213-exec-3] o.s.w.s.DispatcherServlet [FrameworkServlet.java:547] Completed initialization in 3 ms
2020-04-27 19:40:08,485 INFO [http-nio-15213-exec-5] c.z.h.HikariDataSource [HikariDataSource.java:110] HikariPool-2 - Starting...
2020-04-27 19:40:08,501 INFO [http-nio-15213-exec-5] c.z.h.HikariDataSource [HikariDataSource.java:123] HikariPool-2 - Start completed.
